                               Game of the Rope - Description of the internal state

Ref Coa 1 Cont 1 Cont 2 Cont 3 Cont 4 Cont 5 Coa 2 Cont 1 Cont 2 Cont 3 Cont 4 Cont 5     Trial    
Sta  Stat Sta SG Sta SG Sta SG Sta SG Sta SG  Stat Sta SG Sta SG Sta SG Sta SG Sta SG 3 2 1 . 1 2 3 NB PS
SOM   NON NON 00 NON 00 NON 00 NON 00 NON 00   NON NON 00 NON 00 NON 00 NON 00 NON 00 - - - . - - - -- --
  VECTOR:[1, 0, 0, 0, 0, 0, 0, 0, 0, 0, 0, 0, 0, 0, 0, 0]
TSR   WRC NON 00 NON 00 NON 00 NON 00 NON 00   NON NON 00 NON 00 NON 00 NON 00 NON 00 - - - . - - - 01 --
  VECTOR:[0, 1, 0, 0, 0, 0, 0, 0, 0, 0, 0, 0, 0, 0, 0, 0]
TSR   WRC NON 00 NON 00 NON 00 NON 00 NON 00   WRC NON 00 NON 00 NON 00 NON 00 NON 00 - - - . - - - 01 --
  VECTOR:[0, 0, 1, 0, 0, 0, 0, 0, 0, 0, 0, 0, 0, 0, 0, 0]
WTC   AST SAB 16 NON 00 NON 00 NON 00 NON 00   AST NON 00 NON 00 NON 00 NON 00 NON 00 - - - . - - - 01 00
  VECTOR:[0, 0, 0, 1, 0, 0, 0, 0, 0, 0, 0, 0, 0, 0, 0, 0]
WTC   AST SAB 16 NON 00 NON 00 NON 00 NON 00   AST SAB 15 NON 00 NON 00 NON 00 NON 00 - - - . - - - 01 00
  VECTOR:[0, 0, 0, 0, 0, 0, 0, 0, 1, 0, 0, 0, 0, 0, 0, 0]
Game 1 
Ref Coa 1 Cont 1 Cont 2 Cont 3 Cont 4 Cont 5 Coa 2 Cont 1 Cont 2 Cont 3 Cont 4 Cont 5     Trial    
Sta  Stat Sta SG Sta SG Sta SG Sta SG Sta SG  Stat Sta SG Sta SG Sta SG Sta SG Sta SG 3 2 1 . 1 2 3 NB PS
  VECTOR:[4, 0, 0, 0, 0, 0, 0, 0, 0, 0, 0, 0, 0, 1, 0, 0]
WTC   AST SAB 16 NON 00 NON 00 NON 00 NON 00   AST SAB 15 NON 00 NON 00 NON 00 SAB 14 - - - . - - - 01 00
  VECTOR:[0, 0, 0, 0, 0, 0, 0, 0, 0, 0, 0, 0, 1, 0, 0, 0]
WTC   AST SAB 16 NON 00 NON 00 NON 00 SAB 16   AST SAB 15 NON 00 NON 00 NON 00 SAB 14 - - - . - - - 01 00
  VECTOR:[0, 0, 0, 0, 0, 0, 0, 1, 0, 0, 0, 0, 0, 0, 0, 0]
WTC   AST SAB 16 NON 00 SAB 13 NON 00 SAB 16   AST SAB 15 NON 00 NON 00 NON 00 SAB 14 - - - . - - - 01 --
  VECTOR:[0, 0, 0, 0, 0, 1, 0, 0, 0, 0, 0, 0, 0, 0, 0, 0]
WTC   AST SAB 16 NON 00 SAB 13 SAB 15 SAB 16   AST SAB 15 NON 00 NON 00 NON 00 SAB 14 - - - . - - - 01 --
  VECTOR:[0, 0, 0, 0, 0, 0, 1, 0, 0, 0, 0, 0, 0, 0, 0, 0]
SOG   NON NON 00 NON 00 NON 00 NON 00 NON 00   NON NON 00 NON 00 NON 00 NON 00 NON 00 - - - . - - - 01 --
  VECTOR:[5, 0, 0, 0, 0, 0, 0, 0, 0, 0, 0, 0, 0, 1, 0, 0]
WTC   AST SAB 16 SAB 18 SAB 13 SAB 15 SAB 16   AST SAB 15 NON 00 NON 00 NON 00 SAB 14 - - - . - - - 01 --
  VECTOR:[0, 0, 0, 0, 1, 0, 0, 0, 0, 0, 0, 0, 0, 0, 0, 0]
WTC   AST SAB 16 SAB 18 SAB 13 SAB 15 SAB 16   AST SAB 15 SAB 14 NON 00 NON 00 SAB 14 - - - . - - - 01 --
  VECTOR:[0, 0, 0, 0, 0, 0, 0, 0, 0, 1, 0, 0, 0, 0, 0, 0]
WTC   AST SAB 16 SAB 18 SAB 13 SAB 15 SAB 16   AST SAB 15 SAB 14 NON 00 SAB 20 SAB 14 - - - . - - - 01 --
  VECTOR:[0, 0, 0, 0, 0, 0, 0, 0, 0, 0, 0, 1, 0, 0, 0, 0]
WTC   AST SAB 16 SAB 18 SAB 13 SAB 15 SAB 16   AST SAB 15 SAB 14 SAB 19 SAB 20 SAB 14 - - - . - - - 01 --
  VECTOR:[0, 0, 0, 0, 0, 0, 0, 0, 0, 0, 1, 0, 0, 0, 0, 0]
TSR   NON NON 00 NON 00 NON 00 NON 00 NON 00   NON NON 00 NON 00 NON 00 NON 00 NON 00 - - - . - - - 01 --
  VECTOR:[8, 0, 0, 0, 0, 0, 0, 0, 0, 0, 0, 0, 0, 1, 0, 1]
TSR   AST NON 00 NON 00 NON 00 NON 00 NON 00   AST NON 00 NON 00 NON 00 NON 00 NON 00 - - - . - - - 01 --
  VECTOR:[9, 0, 3, 0, 0, 0, 0, 0, 0, 0, 0, 0, 0, 1, 0, 3]
TSR   AST NON 00 NON 00 NON 00 NON 00 NON 00   WRC NON 00 NON 00 NON 00 NON 00 NON 00 - - - . - - - 01 --
  VECTOR:[9, 3, 2, 0, 0, 0, 0, 0, 0, 0, 0, 0, 0, 1, 0, 4]
WTC   AST NON 00 NON 00 NON 00 NON 00 NON 00   AST NON 00 NON 00 NON 00 NON 00 NON 00 - - - . - - - 01 00
  VECTOR:[11, 4, 4, 0, 0, 0, 0, 0, 0, 0, 0, 0, 0, 1, 0, 6]
WTC   AST SIP 16 SAB 18 SAB 13 SAB 15 SAB 16   WTR SIP 15 SIP 14 SAB 19 SAB 20 SAB 14 - - 1 . 2 1 - 01 --
  VECTOR:[9, 4, 4, 0, 0, 0, 0, 0, 4, 0, 0, 0, 3, 1, 0, 8]
WTC   AST SIP 16 SAB 18 SAB 13 SAB 15 SAB 16   WTR SAB 15 SAB 14 SAB 19 SAB 20 SAB 14 - - 1 . - - - 01 --
  VECTOR:[9, 4, 4, 4, 0, 0, 0, 3, 3, 0, 0, 3, 3, 1, 0, 11]
WTC   AST SIP 16 SAB 18 SAB 13 SAB 15 SAB 16   WTR SAB 15 SIP 14 SAB 19 SAB 20 SAB 14 - - 1 . 2 - - 01 --
  VECTOR:[9, 4, 4, 3, 0, 0, 0, 3, 3, 4, 3, 3, 3, 1, 0, 13]
WTC   WTR SIP 16 SIP 18 SAB 13 SAB 15 SAB 16   WTR SIP 15 SIP 14 SIP 19 SAB 20 SAB 14 - 2 1 . 2 1 3 01 --
  VECTOR:[9, 4, 4, 3, 0, 0, 0, 3, 3, 0, 4, 3, 3, 1, 0, 12]
WTC   WTR SIP 16 SIP 18 SAB 13 SAB 15 SAB 16   WTR SIP 15 SIP 14 SAB 19 SAB 20 SAB 14 - 2 1 . 2 1 - 01 --
  VECTOR:[9, 4, 4, 3, 4, 0, 0, 3, 3, 3, 3, 3, 3, 1, 0, 14]
WTC   AST SAB 16 SAB 18 SAB 13 SAB 15 SAB 16   WTR SAB 15 SAB 14 SAB 19 SAB 20 SAB 14 - - - . - - - 01 --
  VECTOR:[9, 4, 5, 3, 3, 3, 3, 3, 3, 3, 3, 3, 3, 1, 0, 16]
WTC   WTR SIP 16 SAB 18 SAB 13 SAB 15 SAB 16   WTR SIP 15 SIP 14 SAB 19 SAB 20 SAB 14 - - 1 . 2 1 - 01 --
  VECTOR:[9, 5, 4, 3, 3, 3, 3, 3, 3, 3, 3, 3, 3, 1, 0, 16]
WTC   WTR SIP 16 SIP 18 SIP 13 SAB 15 SAB 16   WTR SIP 15 SIP 14 SIP 19 SAB 20 SAB 14 3 2 1 . 2 1 3 01 --
  VECTOR:[9, 4, 4, 3, 3, 4, 3, 3, 3, 3, 3, 3, 3, 1, 0, 16]
WTC   WTR DYB 16 SIP 18 SIP 13 SAB 15 SAB 16   WTR DYB 15 DYB 14 SIP 19 SAB 20 SAB 14 3 2 1 . 2 1 3 01 --
  VECTOR:[9, 4, 4, 6, 3, 3, 3, 3, 3, 3, 3, 3, 3, 1, 0, 17]
WTC   WTR SIP 16 SIP 18 SIP 13 SAB 15 SAB 16   WTR SIP 15 DYB 14 SIP 19 SAB 20 SAB 14 3 2 1 . 2 1 3 01 --
  VECTOR:[9, 4, 4, 5, 3, 3, 3, 3, 3, 6, 3, 3, 3, 1, 0, 18]
WTC   WTR SIP 16 SIP 18 SIP 13 SAB 15 SAB 16   WTR DYB 15 DYB 14 SIP 19 SAB 20 SAB 14 3 2 1 . 2 1 3 01 --
  VECTOR:[9, 4, 4, 5, 3, 3, 3, 3, 6, 5, 3, 3, 3, 1, 0, 19]
WTC   WTR DYB 16 SIP 18 SIP 13 SAB 15 SAB 16   WTR DYB 15 DYB 14 DYB 19 SAB 20 SAB 14 3 2 1 . 2 1 3 01 --
  VECTOR:[9, 4, 4, 5, 3, 3, 3, 3, 5, 5, 6, 3, 3, 1, 0, 20]
WTC   WTR DYB 16 DYB 18 DYB 13 SAB 15 SAB 16   WTR DYB 15 DYB 14 DYB 19 SAB 20 SAB 14 3 2 1 . 2 1 3 01 --
  VECTOR:[9, 4, 4, 5, 6, 3, 3, 3, 5, 5, 5, 3, 3, 1, 0, 21]
WTC   WTR DYB 16 SIP 18 DYB 13 SAB 15 SAB 16   WTR DYB 15 DYB 14 DYB 19 SAB 20 SAB 14 3 2 1 . 2 1 3 01 --
  VECTOR:[9, 4, 4, 5, 5, 6, 3, 3, 5, 5, 5, 3, 3, 1, 0, 22]
WTC   WTR DYB 16 DYB 18 DYB 13 SAB 15 SAB 16   WTR DYB 15 DYB 14 DYB 19 SAB 20 SAB 14 3 2 1 . 2 1 3 01 --
  VECTOR:[12, 6, 6, 7, 7, 8, 3, 3, 7, 7, 7, 3, 3, 1, 9, 22]
WTC   WTR DYB 16 DYB 18 DYB 13 SAB 15 SAB 16   WTR DYB 15 DYB 14 DYB 19 SAB 20 SAB 14 3 2 1 . 2 1 3 01 --
  VECTOR:[12, 6, 6, 7, 8, 7, 3, 3, 7, 7, 7, 3, 3, 1, 9, 22]
WTC   WTR DYB 16 DYB 18 DYB 13 SAB 15 SAB 16   WTR DYB 15 DYB 14 DYB 19 SAB 20 SAB 14 3 2 1 . 2 1 3 01 --
  VECTOR:[12, 6, 6, 7, 7, 7, 3, 3, 7, 7, 8, 3, 3, 1, 9, 22]
WTC   WTR DYB 16 DYB 18 DYB 13 SAB 15 SAB 16   WTR DYB 15 DYB 14 DYB 19 SAB 20 SAB 14 3 2 1 . 2 1 3 01 --
  VECTOR:[12, 6, 6, 7, 7, 7, 3, 3, 8, 7, 7, 3, 3, 1, 9, 22]
WTC   WTR DYB 16 DYB 18 DYB 13 SAB 15 SAB 16   WTR DYB 15 DYB 14 DYB 19 SAB 20 SAB 14 3 2 1 . 2 1 3 01 --
  VECTOR:[12, 6, 6, 7, 7, 7, 3, 3, 7, 8, 7, 3, 3, 1, 9, 22]
WTC   WTR DYB 16 DYB 18 DYB 13 SAB 15 SAB 16   WTR DYB 15 DYB 14 DYB 19 SAB 20 SAB 14 3 2 1 . 2 1 3 01 --
  VECTOR:[12, 6, 6, 8, 7, 7, 3, 3, 7, 7, 7, 3, 3, 1, 9, 22]
WTC   WTR DYB 16 DYB 18 DYB 13 SAB 15 SAB 16   WTR DYB 15 DYB 14 SAB 18 SAB 20 SAB 14 3 2 1 . 2 1 - 01 --
  VECTOR:[12, 6, 6, 9, 10, 10, 3, 3, 10, 10, 11, 3, 3, 1, 20, 22]
WTC   WTR DYB 16 DYB 18 DYB 13 SAB 15 SAB 16   WRC DYB 15 DYB 14 SAB 18 SAB 20 SAB 14 3 2 1 . 2 1 - 01 --
  VECTOR:[12, 6, 7, 9, 10, 10, 3, 3, 10, 10, 10, 3, 3, 1, 20, 22]
WTC   WTR DYB 16 DYB 18 SAB 12 SAB 15 SAB 16   WRC DYB 15 DYB 14 SAB 18 SAB 20 SAB 14 - 2 1 . 2 1 - 01 --
  VECTOR:[12, 6, 6, 9, 10, 11, 3, 3, 10, 10, 10, 3, 3, 1, 20, 22]
WTC   WTR SAB 15 SAB 17 SAB 12 SAB 15 SAB 16   WRC DYB 15 DYB 14 SAB 18 SAB 20 SAB 14 - - - . 2 1 - 01 --
  VECTOR:[12, 6, 6, 9, 11, 10, 3, 3, 10, 10, 10, 3, 3, 1, 20, 22]
WTC   WTR SAB 15 SAB 17 SAB 12 SAB 15 SAB 16   WRC SAB 14 DYB 14 SAB 18 SAB 20 SAB 14 - - - . 2 - - 01 --
  VECTOR:[12, 6, 6, 9, 10, 10, 3, 3, 11, 10, 10, 3, 3, 1, 20, 22]
WTC   WRC SAB 15 SAB 17 SAB 12 SAB 15 SAB 16   WRC SAB 14 DYB 14 SAB 18 SAB 20 SAB 14 - - - . 2 - - 01 --
  VECTOR:[12, 7, 6, 9, 10, 10, 3, 3, 10, 10, 10, 3, 3, 1, 20, 22]
WTC   WRC SAB 15 SAB 17 SAB 12 SAB 15 SAB 16   WRC SAB 14 SAB 13 SAB 18 SAB 20 SAB 14 - - - . - - - 01 --
  VECTOR:[12, 6, 6, 9, 10, 10, 3, 3, 10, 11, 10, 3, 3, 1, 20, 22]
WTC   WTR SAB 15 DYB 18 SAB 12 SAB 15 SAB 16   WRC DYB 15 DYB 14 SAB 18 SAB 20 SAB 14 - 2 - . 2 1 - 01 --
  VECTOR:[12, 6, 6, 11, 10, 10, 3, 3, 10, 10, 10, 3, 3, 1, 21, 22]
WTC   WRC SAB 15 SAB 17 SAB 12 SAB 15 SAB 16   WRC SAB 14 SAB 13 SAB 18 SAB 20 SIP 15 - - - . 5 - - 01 --
  VECTOR:[15, 8, 8, 13, 13, 13, 3, 3, 13, 13, 13, 3, 4, 1, 21, 31]
WTC   WRC SAB 15 SAB 17 SAB 12 SAB 15 SAB 16   AST SAB 14 SAB 13 SAB 18 SAB 20 SIP 15 - - - . 5 - - 01 --
  VECTOR:[15, 8, 9, 13, 13, 13, 3, 3, 13, 13, 13, 3, 3, 1, 21, 31]
WTC   AST SAB 15 SAB 17 SAB 12 SAB 15 SAB 16   AST SAB 14 SAB 13 SAB 18 SAB 20 SIP 15 - - - . 5 - - 01 --
  VECTOR:[15, 9, 8, 13, 13, 13, 3, 3, 13, 13, 13, 3, 3, 1, 21, 31]
TSR   AST SAB 15 SAB 17 SAB 12 SAB 15 SAB 16   AST SAB 14 SAB 13 SAB 18 SAB 20 SIP 15 - - - . 5 - - 02 --
  VECTOR:[16, 8, 8, 13, 13, 13, 3, 3, 13, 13, 13, 3, 3, 1, 21, 31]
TSR   AST SAB 15 SAB 17 SAB 12 SAB 15 SIP 17   AST SAB 14 SAB 13 SAB 18 SAB 20 SIP 15 - - 5 . 5 - - 02 --
  VECTOR:[15, 8, 8, 13, 13, 13, 3, 4, 13, 13, 13, 3, 3, 1, 21, 31]
TSR   AST SIP 15 SAB 17 SAB 12 SAB 15 SIP 17   AST SAB 14 SAB 13 SAB 18 SAB 20 SIP 15 - 1 5 . 5 - - 02 --
  VECTOR:[15, 8, 8, 14, 13, 13, 3, 3, 13, 13, 13, 3, 3, 1, 21, 31]
TSR   AST SIP 15 SAB 17 SAB 12 SAB 15 SIP 17   AST SAB 14 SIP 13 SAB 18 SAB 20 SIP 15 - 1 5 . 5 2 - 02 --
  VECTOR:[15, 8, 8, 13, 13, 13, 3, 3, 13, 14, 13, 3, 3, 1, 21, 31]
TSR   AST SIP 15 SAB 17 SAB 12 SAB 15 SIP 17   AST SIP 14 SIP 13 SAB 18 SAB 20 SIP 15 - 1 5 . 5 2 1 02 --
  VECTOR:[15, 8, 8, 13, 13, 13, 3, 3, 14, 13, 13, 3, 3, 1, 21, 31]
TSR   AST SIP 15 SIP 17 SAB 12 SAB 15 SIP 17   AST SIP 14 SIP 13 SAB 18 SAB 20 DYB 15 2 1 5 . 5 2 1 02 --
  VECTOR:[15, 8, 8, 13, 14, 13, 3, 3, 13, 13, 13, 3, 3, 1, 21, 31]
TSR   AST SIP 15 SIP 17 SAB 12 SAB 15 SIP 17   WTR SIP 14 SIP 13 SAB 18 SAB 20 DYB 15 2 1 5 . 5 2 1 02 --
  VECTOR:[15, 8, 11, 13, 13, 13, 3, 3, 13, 13, 13, 3, 3, 1, 21, 32]
TSR   AST SIP 15 SAB 17 SAB 12 SAB 15 SIP 17   AST SIP 14 SIP 13 SAB 18 SAB 20 DYB 15 - 1 5 . 5 2 1 02 --
  VECTOR:[17, 10, 10, 13, 13, 13, 3, 3, 13, 13, 13, 3, 6, 1, 21, 35]
TSR   WTR DYB 15 SIP 17 SAB 12 SAB 15 SIP 17   WTR DYB 14 SIP 13 SAB 18 SAB 20 DYB 15 2 1 5 . 5 2 1 02 00
  VECTOR:[15, 11, 10, 13, 13, 13, 3, 3, 13, 13, 13, 3, 3, 1, 21, 33]
TSR   AST DYB 15 SIP 17 SAB 12 SAB 15 SIP 17   WTR SIP 14 SIP 13 SAB 18 SAB 20 DYB 15 2 1 5 . 5 2 1 02 --
  VECTOR:[17, 10, 10, 16, 13, 13, 3, 3, 13, 13, 13, 3, 5, 1, 21, 36]
TSR   WTR DYB 15 DYB 17 SAB 12 SAB 15 SIP 17   WRC DYB 14 SIP 13 SAB 18 SAB 20 DYB 15 2 1 5 . 5 2 1 02 00
  VECTOR:[17, 10, 13, 13, 13, 13, 3, 3, 13, 13, 13, 3, 7, 1, 23, 35]
TSR   WTR DYB 15 DYB 17 SAB 12 SAB 15 DYB 17   WRC DYB 14 SIP 13 SAB 18 SAB 20 DYB 15 2 1 5 . 5 2 1 02 00
  VECTOR:[17, 10, 10, 15, 13, 13, 3, 6, 13, 13, 13, 3, 5, 1, 21, 37]
TSR   AST DYB 15 SIP 17 SAB 12 SAB 15 SIP 17   WTR DYB 14 SIP 13 SAB 18 SAB 20 DYB 15 2 1 5 . 5 2 1 02 00
  VECTOR:[17, 10, 10, 15, 13, 13, 3, 5, 16, 13, 13, 3, 5, 1, 21, 38]
WTC   WTR DYB 15 DYB 17 SAB 12 SAB 15 DYB 17   WRC DYB 14 DYB 13 SAB 18 SAB 20 DYB 15 2 1 5 . 5 2 1 02 00
  VECTOR:[19, 10, 10, 13, 13, 13, 3, 3, 13, 13, 13, 3, 3, 1, 21, 34]
TSR   WTR DYB 15 DYB 17 SAB 12 SAB 15 DYB 17   WRC DYB 14 DYB 13 SAB 18 SAB 20 DYB 15 2 1 5 . 5 2 1 02 00
  VECTOR:[17, 10, 10, 15, 13, 13, 3, 5, 15, 16, 13, 3, 5, 1, 21, 39]
TSR   WTR DYB 15 DYB 17 SAB 12 SAB 15 SIP 17   WTR DYB 14 SIP 13 SAB 18 SAB 20 DYB 15 2 1 5 . 5 2 1 02 00
  VECTOR:[17, 10, 10, 15, 16, 13, 3, 5, 15, 15, 13, 3, 5, 1, 21, 40]
WTC   WRC DYB 15 DYB 17 SAB 12 SAB 15 DYB 17   WRC DYB 14 DYB 13 SAB 18 SAB 20 DYB 15 2 1 5 . 5 2 1 02 00
  VECTOR:[17, 13, 12, 17, 13, 13, 3, 5, 17, 13, 13, 3, 7, 1, 26, 38]
WTC   WRC DYB 15 DYB 17 SAB 12 SAB 15 DYB 17   WRC DYB 14 DYB 13 SAB 18 SAB 20 DYB 15 2 1 5 . 5 2 1 02 00
  VECTOR:[17, 12, 12, 17, 17, 13, 3, 7, 17, 18, 13, 3, 7, 1, 29, 40]
WTC   WRC DYB 15 DYB 17 SAB 12 SAB 15 DYB 17   WRC DYB 14 DYB 13 SAB 18 SAB 20 DYB 15 2 1 5 . 5 2 1 02 00
  VECTOR:[20, 12, 12, 17, 17, 13, 3, 8, 17, 17, 13, 3, 7, 1, 30, 40]
WTC   WRC DYB 15 DYB 17 SAB 12 SAB 15 DYB 17   WRC DYB 14 DYB 13 SAB 18 SAB 20 DYB 15 2 1 5 . 5 2 1 02 00
  VECTOR:[20, 12, 12, 17, 18, 13, 3, 7, 17, 17, 13, 3, 7, 1, 30, 40]
WTC   WRC DYB 15 DYB 17 SAB 12 SAB 15 DYB 17   WRC DYB 14 DYB 13 SAB 18 SAB 20 DYB 15 2 1 5 . 5 2 1 02 00
  VECTOR:[20, 12, 12, 17, 17, 13, 3, 7, 18, 17, 13, 3, 7, 1, 30, 40]
WTC   WRC DYB 15 DYB 17 SAB 12 SAB 15 DYB 17   WRC DYB 14 DYB 13 SAB 18 SAB 20 DYB 15 2 1 5 . 5 2 1 02 00
  VECTOR:[20, 12, 12, 18, 17, 13, 3, 7, 17, 17, 13, 3, 7, 1, 30, 40]
WTC   WRC DYB 15 DYB 17 SAB 12 SAB 15 DYB 17   WRC DYB 14 DYB 13 SAB 18 SAB 20 DYB 15 2 1 5 . 5 2 1 02 00
  VECTOR:[20, 12, 12, 17, 17, 13, 3, 7, 17, 17, 13, 3, 8, 1, 30, 40]
WTC   WRC SAB 14 DYB 17 SAB 12 SAB 15 DYB 17   WRC DYB 14 DYB 13 SAB 18 SAB 20 DYB 15 2 - 5 . 5 2 1 02 00
  VECTOR:[20, 12, 12, 21, 20, 13, 3, 10, 20, 20, 13, 3, 9, 1, 41, 40]
WTC   WRC SAB 14 SAB 16 SAB 12 SAB 15 DYB 17   WRC DYB 14 DYB 13 SAB 18 SAB 20 DYB 15 - - 5 . 5 2 1 02 -7
  VECTOR:[20, 12, 12, 20, 21, 13, 3, 10, 20, 20, 13, 3, 9, 1, 41, 40]
WTC   WRC SAB 14 SAB 16 SAB 12 SAB 15 SAB 16   WRC DYB 14 DYB 13 SAB 18 SAB 20 DYB 15 - - - . 5 2 1 02 -7
  VECTOR:[20, 12, 12, 20, 20, 13, 3, 11, 20, 20, 13, 3, 9, 1, 41, 40]
WTC   WRC SAB 14 SAB 16 SAB 12 SAB 15 SAB 16   WRC SAB 13 DYB 13 SAB 18 SAB 20 DYB 15 - - - . 5 2 - 02 --
  VECTOR:[20, 12, 12, 20, 20, 13, 3, 10, 21, 20, 13, 3, 9, 1, 41, 40]
WTC   WRC SAB 14 SAB 16 SAB 12 SAB 15 SAB 16   WRC SAB 13 SAB 12 SAB 18 SAB 20 SAB 14 - - - . - - - 02 --
  VECTOR:[20, 12, 12, 20, 20, 13, 3, 10, 20, 21, 13, 3, 9, 1, 41, 40]
WTC   WRC SAB 14 SAB 16 SAB 12 SAB 15 SAB 16   WRC SAB 13 DYB 13 SAB 18 SAB 20 SAB 14 - - - . - 2 - 02 --
  VECTOR:[20, 12, 12, 20, 20, 13, 3, 10, 20, 20, 13, 3, 11, 1, 42, 40]
TSR   WRC SAB 14 SAB 16 SAB 12 SAB 15 SAB 16   WRC SAB 13 SAB 12 SAB 18 SAB 20 SAB 14 - - - . - - - 03 --
  VECTOR:[24, 14, 14, 20, 20, 13, 3, 10, 20, 20, 13, 3, 9, 1, 41, 43]
TSR   WRC SAB 14 SAB 16 SAB 12 SIP 16 SAB 16   WRC SAB 13 SAB 12 SAB 18 SAB 20 SAB 14 - - 4 . - - - 03 --
  VECTOR:[23, 14, 14, 20, 20, 13, 4, 10, 20, 20, 13, 3, 9, 1, 41, 43]
TSR   WRC SAB 14 SAB 16 SAB 12 SIP 16 SAB 16   WRC SAB 13 SAB 12 SAB 18 SIP 21 SAB 14 - - 4 . 4 - - 03 --
  VECTOR:[23, 14, 14, 20, 20, 13, 3, 10, 20, 20, 13, 4, 9, 1, 41, 43]
TSR   AST SAB 14 SAB 16 SAB 12 SIP 16 SAB 16   WRC SAB 13 SAB 12 SAB 18 SIP 21 SAB 14 - - 4 . 4 - - 03 --
  VECTOR:[23, 15, 14, 20, 20, 13, 3, 10, 20, 20, 13, 3, 9, 1, 41, 43]
TSR   AST SAB 14 SAB 16 SAB 12 SIP 16 SAB 16   AST SAB 13 SAB 12 SAB 18 SIP 21 SAB 14 - - 4 . 4 - - 03 --
  VECTOR:[23, 14, 15, 20, 20, 13, 3, 10, 20, 20, 13, 3, 9, 1, 41, 43]
TSR   AST SIP 14 SAB 16 SAB 12 SIP 16 SIP 16   AST SAB 13 SAB 12 SAB 18 SIP 21 SAB 14 5 1 4 . 4 - - 03 --
  VECTOR:[23, 14, 14, 20, 20, 13, 3, 14, 20, 20, 13, 3, 9, 1, 41, 44]
TSR   AST SIP 14 SAB 16 SAB 12 SIP 16 SAB 16   AST SAB 13 SAB 12 SAB 18 SIP 21 SAB 14 - 1 4 . 4 - - 03 --
  VECTOR:[23, 14, 14, 24, 20, 13, 3, 13, 20, 20, 13, 3, 9, 1, 41, 45]
TSR   AST SIP 14 SAB 16 SAB 12 SIP 16 SIP 16   AST SIP 13 SAB 12 SAB 18 SIP 21 SAB 14 5 1 4 . 4 1 - 03 --
  VECTOR:[23, 14, 14, 23, 20, 13, 3, 13, 24, 20, 13, 3, 9, 1, 41, 46]
TSR   AST SIP 14 SAB 16 SAB 12 SIP 16 SIP 16   AST SIP 13 SAB 12 SAB 18 SIP 21 SIP 14 5 1 4 . 4 1 5 03 --
  VECTOR:[23, 14, 14, 23, 23, 13, 3, 13, 23, 20, 13, 3, 14, 1, 42, 48]
TSR   WTR SIP 14 SAB 16 SAB 12 SIP 16 SIP 16   AST SIP 13 SAB 12 SAB 18 SIP 21 SIP 14 5 1 4 . 4 1 5 03 --
  VECTOR:[25, 17, 14, 25, 23, 13, 5, 13, 23, 23, 13, 5, 13, 1, 42, 54]
TSR   WTR SIP 14 SAB 16 SAB 12 SIP 16 SIP 16   WTR SIP 13 SAB 12 SAB 18 SIP 21 SIP 14 5 1 4 . 4 1 5 03 --
  VECTOR:[25, 16, 17, 25, 23, 13, 5, 13, 23, 23, 13, 5, 13, 1, 42, 55]
TSR   WTR SIP 14 SAB 16 SAB 12 SIP 16 SIP 16   WTR SIP 13 SAB 12 SAB 18 DYB 21 SIP 14 5 1 4 . 4 1 5 03 --
  VECTOR:[25, 16, 16, 25, 23, 13, 5, 13, 23, 23, 13, 6, 13, 1, 42, 55]
TSR   WTR SIP 14 SAB 16 SAB 12 DYB 16 SIP 16   WTR SIP 13 SAB 12 SAB 18 DYB 21 SIP 14 5 1 4 . 4 1 5 03 00
  VECTOR:[25, 16, 16, 25, 23, 13, 6, 13, 23, 23, 13, 5, 13, 1, 42, 55]
TSR   WTR DYB 14 SAB 16 SAB 12 DYB 16 SIP 16   WTR SIP 13 SAB 12 SAB 18 DYB 21 SIP 14 5 1 4 . 4 1 5 03 00
  VECTOR:[25, 16, 16, 26, 23, 13, 5, 13, 23, 23, 13, 5, 13, 1, 42, 55]
WTC   WTR DYB 14 SAB 16 SAB 12 DYB 16 SIP 16   WTR SIP 13 SAB 12 SAB 18 DYB 21 SIP 14 5 1 4 . 4 1 5 03 00
  VECTOR:[27, 16, 16, 25, 23, 13, 5, 13, 23, 23, 13, 5, 13, 1, 42, 55]
WTC   WTR DYB 14 SAB 16 SAB 12 DYB 16 DYB 16   WTR SIP 13 SAB 12 SAB 18 DYB 21 DYB 14 5 1 4 . 4 1 5 03 00
  VECTOR:[25, 16, 16, 25, 23, 13, 5, 16, 23, 23, 13, 5, 13, 1, 42, 56]
WTC   WTR DYB 14 SAB 16 SAB 12 DYB 16 DYB 16   WTR DYB 13 SAB 12 SAB 18 DYB 21 DYB 14 5 1 4 . 4 1 5 03 00
  VECTOR:[25, 16, 16, 25, 23, 13, 5, 15, 26, 23, 13, 5, 13, 1, 42, 57]
WTC   WRC DYB 14 SAB 16 SAB 12 DYB 16 DYB 16   WTR DYB 13 SAB 12 SAB 18 DYB 21 DYB 14 5 1 4 . 4 1 5 03 00
  VECTOR:[25, 19, 14, 25, 23, 13, 5, 13, 23, 23, 13, 5, 13, 1, 43, 54]
WTC   WRC DYB 14 SAB 16 SAB 12 DYB 16 DYB 16   WRC DYB 13 SAB 12 SAB 18 DYB 21 DYB 14 5 1 4 . 4 1 5 03 00
  VECTOR:[25, 18, 19, 25, 23, 13, 5, 13, 23, 23, 13, 5, 13, 1, 44, 55]
WTC   WTR DYB 14 SAB 16 SAB 12 DYB 16 SIP 16   WTR SIP 13 SAB 12 SAB 18 DYB 21 DYB 14 5 1 4 . 4 1 5 03 00
  VECTOR:[25, 16, 16, 25, 23, 13, 5, 15, 25, 23, 13, 5, 16, 1, 42, 58]
WTC   WRC DYB 14 SAB 16 SAB 12 DYB 16 DYB 16   WRC DYB 13 SAB 12 SAB 18 DYB 21 DYB 14 5 1 4 . 4 1 5 03 00
  VECTOR:[28, 18, 18, 27, 23, 13, 7, 17, 28, 23, 13, 7, 17, 1, 51, 58]
WTC   WRC DYB 14 SAB 16 SAB 12 DYB 16 DYB 16   WRC DYB 13 SAB 12 SAB 18 DYB 21 DYB 14 5 1 4 . 4 1 5 03 00
  VECTOR:[28, 18, 18, 27, 23, 13, 7, 18, 27, 23, 13, 7, 17, 1, 51, 58]
WTC   WRC DYB 14 SAB 16 SAB 12 DYB 16 DYB 16   WRC DYB 13 SAB 12 SAB 18 DYB 21 DYB 14 5 1 4 . 4 1 5 03 00
  VECTOR:[28, 18, 18, 27, 23, 13, 7, 17, 27, 23, 13, 7, 18, 1, 51, 58]
WTC   WRC DYB 14 SAB 16 SAB 12 DYB 16 DYB 16   WRC DYB 13 SAB 12 SAB 18 DYB 21 DYB 14 5 1 4 . 4 1 5 03 00
  VECTOR:[28, 18, 18, 28, 23, 13, 7, 17, 27, 23, 13, 7, 17, 1, 51, 58]
WTC   WRC DYB 14 SAB 16 SAB 12 DYB 16 DYB 16   WRC DYB 13 SAB 12 SAB 18 DYB 21 DYB 14 5 1 4 . 4 1 5 03 00
  VECTOR:[28, 18, 18, 27, 23, 13, 8, 17, 27, 23, 13, 7, 17, 1, 51, 58]
WTC   WRC DYB 14 SAB 16 SAB 12 DYB 16 DYB 16   WRC DYB 13 SAB 12 SAB 18 DYB 21 DYB 14 5 1 4 . 4 1 5 03 00
  VECTOR:[28, 18, 18, 27, 23, 13, 7, 17, 27, 23, 13, 8, 17, 1, 51, 58]
WTC   WRC DYB 14 SAB 16 SAB 12 DYB 16 SAB 15   WRC DYB 13 SAB 12 SAB 18 DYB 21 DYB 14 - 1 4 . 4 1 5 03 00
  VECTOR:[28, 18, 18, 30, 23, 13, 10, 21, 30, 23, 13, 9, 20, 1, 62, 58]
WTC   WRC DYB 14 SAB 16 SAB 12 DYB 16 SAB 15   WRC SAB 12 SAB 12 SAB 18 DYB 21 DYB 14 - 1 4 . 4 - 5 03 00
  VECTOR:[28, 18, 18, 30, 23, 13, 10, 20, 31, 23, 13, 9, 20, 1, 62, 58]
WTC   WRC DYB 14 SAB 16 SAB 12 SAB 15 SAB 15   WRC SAB 12 SAB 12 SAB 18 DYB 21 DYB 14 - 1 - . 4 - 5 03 00
  VECTOR:[28, 18, 18, 30, 23, 13, 11, 20, 30, 23, 13, 9, 20, 1, 62, 58]
WTC   WRC SAB 13 SAB 16 SAB 12 SAB 15 SAB 15   WRC SAB 12 SAB 12 SAB 18 SAB 20 DYB 14 - - - . - - 5 03 02
  VECTOR:[28, 18, 18, 31, 23, 13, 10, 20, 30, 23, 13, 9, 20, 1, 62, 58]
WTC   WRC SAB 13 SAB 16 SAB 12 SAB 15 SAB 15   WRC SAB 12 SAB 12 SAB 18 SAB 20 SAB 13 - - - . - - - 03 --
  VECTOR:[28, 18, 18, 30, 23, 13, 10, 20, 30, 23, 13, 9, 21, 1, 62, 58]
WTC   WRC DYB 14 SAB 16 SAB 12 SAB 15 SAB 15   WRC SAB 12 SAB 12 SAB 18 SAB 20 DYB 14 - 1 - . - - 5 03 02
  VECTOR:[28, 18, 18, 30, 23, 13, 10, 20, 30, 23, 13, 11, 20, 1, 63, 58]
TSR   WRC SAB 13 SAB 16 SAB 12 SAB 15 SAB 15   WRC SAB 12 SAB 12 SAB 18 SAB 20 SAB 13 - - - . - - - 04 --
  VECTOR:[32, 20, 20, 30, 23, 13, 13, 20, 30, 23, 13, 13, 20, 1, 63, 63]
TSR   WRC SAB 13 SAB 16 SAB 12 SAB 15 SAB 15   WRC SAB 12 SAB 12 SAB 18 SAB 20 SIP 13 - - - . 5 - - 04 --
  VECTOR:[31, 20, 20, 30, 23, 13, 13, 23, 33, 23, 13, 13, 24, 1, 63, 66]
TSR   WRC SAB 13 SAB 16 SAB 12 SAB 15 SAB 15   AST SAB 12 SAB 12 SIP 19 SAB 20 SIP 13 - - - . 5 3 - 04 --
  VECTOR:[31, 20, 21, 30, 23, 13, 13, 20, 33, 23, 13, 13, 20, 1, 63, 64]
TSR   AST SAB 13 SAB 16 SAB 12 SAB 15 SAB 15   AST SAB 12 SAB 12 SIP 19 SAB 20 SIP 13 - - - . 5 3 - 04 --
  VECTOR:[31, 21, 20, 30, 23, 13, 13, 23, 33, 23, 13, 13, 20, 1, 63, 65]
TSR   WRC SAB 13 SAB 16 SAB 12 SAB 15 SAB 15   WRC SAB 12 SAB 12 SIP 19 SAB 20 SIP 13 - - - . 5 3 - 04 --
  VECTOR:[31, 20, 20, 30, 23, 13, 13, 23, 33, 23, 14, 13, 23, 1, 63, 66]
TSR   AST SAB 13 SAB 16 SIP 13 SAB 15 SAB 15   AST SAB 12 SAB 12 SIP 19 SAB 20 SIP 13 - - 3 . 5 3 - 04 --
  VECTOR:[31, 20, 20, 30, 23, 14, 13, 23, 33, 23, 13, 13, 23, 1, 63, 66]
TSR   AST SAB 13 SAB 16 SIP 13 SAB 15 SIP 15   AST SAB 12 SAB 12 SIP 19 SAB 20 SIP 13 - 5 3 . 5 3 - 04 --
  VECTOR:[31, 20, 20, 30, 23, 13, 13, 24, 33, 23, 13, 13, 23, 1, 63, 66]
TSR   AST SAB 13 SAB 16 SIP 13 SAB 15 SIP 15   AST SAB 12 SAB 12 SIP 19 SIP 20 SIP 13 - 5 3 . 5 3 4 04 --
  VECTOR:[31, 20, 20, 30, 23, 13, 13, 23, 33, 23, 13, 14, 23, 1, 63, 66]
TSR   AST SAB 13 SAB 16 SIP 13 SIP 15 SIP 15   AST SAB 12 SAB 12 SIP 19 SIP 20 SIP 13 4 5 3 . 5 3 4 04 --
  VECTOR:[31, 20, 20, 30, 23, 13, 14, 23, 33, 23, 13, 13, 23, 1, 63, 66]
TSR   AST SAB 13 SAB 16 SIP 13 DYB 15 SIP 15   WTR SAB 12 SAB 12 SIP 19 SIP 20 SIP 13 4 5 3 . 5 3 4 04 --
  VECTOR:[33, 20, 23, 33, 23, 15, 13, 23, 33, 23, 15, 13, 25, 1, 63, 72]
TSR   AST SAB 13 SAB 16 SIP 13 DYB 15 SIP 15   WTR SAB 12 SAB 12 SIP 19 SIP 20 DYB 13 4 5 3 . 5 3 4 04 --
  VECTOR:[33, 22, 22, 33, 23, 15, 13, 25, 33, 23, 15, 15, 26, 1, 63, 75]
TSR   AST SAB 13 SAB 16 SIP 13 DYB 15 SIP 15   AST SAB 12 SAB 12 SIP 19 SIP 20 SIP 13 4 5 3 . 5 3 4 04 --
  VECTOR:[33, 22, 22, 33, 23, 15, 16, 25, 33, 23, 15, 15, 25, 1, 63, 76]
TSR   WTR SAB 13 SAB 16 SIP 13 DYB 15 SIP 15   WTR SAB 12 SAB 12 SIP 19 DYB 20 DYB 13 4 5 3 . 5 3 4 04 00
  VECTOR:[33, 23, 22, 33, 23, 15, 13, 23, 33, 23, 15, 13, 25, 1, 63, 73]
TSR   AST SAB 13 SAB 16 SIP 13 DYB 15 SIP 15   WTR SAB 12 SAB 12 SIP 19 DYB 20 DYB 13 4 5 3 . 5 3 4 04 00
  VECTOR:[33, 22, 22, 33, 23, 15, 15, 25, 33, 23, 15, 16, 25, 1, 63, 76]
TSR   WTR SAB 13 SAB 16 SIP 13 DYB 15 DYB 15   WTR SAB 12 SAB 12 SIP 19 DYB 20 DYB 13 4 5 3 . 5 3 4 04 00
  VECTOR:[33, 22, 22, 33, 23, 15, 15, 26, 33, 23, 15, 15, 25, 1, 63, 76]
TSR   WTR SAB 13 SAB 16 DYB 13 DYB 15 DYB 15   WTR SAB 12 SAB 12 DYB 19 DYB 20 DYB 13 4 5 3 . 5 3 4 04 00
  VECTOR:[33, 22, 22, 33, 23, 15, 13, 25, 33, 23, 16, 15, 25, 1, 63, 75]
WTC   WTR SAB 13 SAB 16 DYB 13 DYB 15 DYB 15   WTR SAB 12 SAB 12 DYB 19 DYB 20 DYB 13 4 5 3 . 5 3 4 04 00
  VECTOR:[35, 22, 22, 33, 23, 15, 13, 25, 33, 23, 15, 15, 25, 1, 63, 75]
TSR   WTR SAB 13 SAB 16 DYB 13 DYB 15 DYB 15   WTR SAB 12 SAB 12 SIP 19 DYB 20 DYB 13 4 5 3 . 5 3 4 04 00
  VECTOR:[33, 22, 22, 33, 23, 16, 15, 25, 33, 23, 15, 15, 25, 1, 63, 76]
WTC   WTR SAB 13 SAB 16 DYB 13 DYB 15 DYB 15   WRC SAB 12 SAB 12 DYB 19 DYB 20 DYB 13 4 5 3 . 5 3 4 04 00
  VECTOR:[33, 22, 25, 33, 23, 15, 17, 25, 33, 23, 15, 15, 25, 1, 65, 76]
WTC   WRC SAB 13 SAB 16 DYB 13 DYB 15 DYB 15   WRC SAB 12 SAB 12 DYB 19 DYB 20 DYB 13 4 5 3 . 5 3 4 04 00
  VECTOR:[33, 25, 24, 33, 23, 15, 17, 25, 33, 23, 15, 15, 27, 1, 67, 76]
WTC   WRC SAB 13 SAB 16 DYB 13 DYB 15 DYB 15   WRC SAB 12 SAB 12 DYB 19 DYB 20 DYB 13 4 5 3 . 5 3 4 04 00
  VECTOR:[33, 24, 24, 33, 23, 17, 17, 27, 33, 23, 18, 17, 27, 1, 71, 76]
WTC   WRC SAB 13 SAB 16 DYB 13 DYB 15 DYB 15   WRC SAB 12 SAB 12 DYB 19 DYB 20 DYB 13 4 5 3 . 5 3 4 04 00
  VECTOR:[36, 24, 24, 33, 23, 18, 17, 27, 33, 23, 17, 17, 27, 1, 72, 76]
WTC   WRC SAB 13 SAB 16 DYB 13 DYB 15 DYB 15   WRC SAB 12 SAB 12 DYB 19 DYB 20 DYB 13 4 5 3 . 5 3 4 04 00
  VECTOR:[36, 24, 24, 33, 23, 17, 17, 27, 33, 23, 17, 18, 27, 1, 72, 76]
WTC   WRC SAB 13 SAB 16 DYB 13 DYB 15 DYB 15   WRC SAB 12 SAB 12 DYB 19 DYB 20 DYB 13 4 5 3 . 5 3 4 04 00
  VECTOR:[36, 24, 24, 33, 23, 17, 17, 28, 33, 23, 17, 17, 27, 1, 72, 76]
WTC   WRC SAB 13 SAB 16 DYB 13 DYB 15 DYB 15   WRC SAB 12 SAB 12 DYB 19 DYB 20 DYB 13 4 5 3 . 5 3 4 04 00
  VECTOR:[36, 24, 24, 33, 23, 17, 17, 27, 33, 23, 17, 17, 28, 1, 72, 76]
WTC   WRC SAB 13 SAB 16 DYB 13 DYB 15 DYB 15   WRC SAB 12 SAB 12 DYB 19 DYB 20 DYB 13 4 5 3 . 5 3 4 04 00
  VECTOR:[36, 24, 24, 33, 23, 17, 18, 27, 33, 23, 17, 17, 27, 1, 72, 76]
WTC   WRC SAB 13 SAB 16 DYB 13 DYB 15 DYB 15   WRC SAB 12 SAB 12 DYB 19 SAB 19 DYB 13 4 5 3 . 5 3 - 04 09
  VECTOR:[36, 24, 24, 33, 23, 20, 19, 30, 33, 23, 20, 21, 30, 1, 83, 76]
WTC   WRC SAB 13 SAB 16 DYB 13 DYB 15 SAB 14   WRC SAB 12 SAB 12 DYB 19 SAB 19 DYB 13 4 - 3 . 5 3 - 04 09
  VECTOR:[36, 24, 24, 33, 23, 20, 19, 31, 33, 23, 20, 20, 30, 1, 83, 76]
WTC   WRC SAB 13 SAB 16 DYB 13 DYB 15 SAB 14   WRC SAB 12 SAB 12 DYB 19 SAB 19 SAB 12 4 - 3 . - 3 - 04 09
  VECTOR:[36, 24, 24, 33, 23, 20, 19, 30, 33, 23, 20, 20, 31, 1, 83, 76]
WTC   WRC SAB 13 SAB 16 DYB 13 DYB 15 SAB 14   WRC SAB 12 SAB 12 SAB 18 SAB 19 SAB 12 4 - 3 . - - - 04 09
  VECTOR:[36, 24, 24, 33, 23, 20, 19, 30, 33, 23, 21, 20, 30, 1, 83, 76]
WTC   WRC SAB 13 SAB 16 SAB 12 DYB 15 SAB 14   WRC SAB 12 SAB 12 SAB 18 SAB 19 SAB 12 4 - - . - - - 04 09
  VECTOR:[36, 24, 24, 33, 23, 21, 19, 30, 33, 23, 20, 20, 30, 1, 83, 76]
WTC   WRC SAB 13 SAB 16 SAB 12 SAB 14 SAB 14   WRC SAB 12 SAB 12 SAB 18 SAB 19 SAB 12 - - - . - - - 04 --
  VECTOR:[36, 24, 24, 33, 23, 20, 21, 30, 33, 23, 20, 20, 30, 1, 84, 76]
EOG   WRC SAB 13 SAB 16 SAB 12 SAB 14 SAB 14   WRC SAB 12 SAB 12 SAB 18 SAB 19 SAB 12 - - - . - - - 04 --
  VECTOR:[39, 24, 24, 33, 23, 20, 19, 30, 33, 23, 20, 20, 30, 2, 83, 76]
Game 1 was won by team 2 by knock out in 4 trials.
  VECTOR:[40, 24, 24, 33, 23, 20, 19, 30, 33, 23, 20, 20, 30, 2, 83, 76]
SOG   WRC SAB 13 SAB 16 SAB 12 SAB 14 SAB 14   WRC SAB 12 SAB 12 SAB 18 SAB 19 SAB 12 - - - . - - - 04 --
  VECTOR:[44, 24, 24, 33, 23, 20, 19, 30, 33, 23, 20, 20, 30, 4, 83, 76]
Game 2 
Ref Coa 1 Cont 1 Cont 2 Cont 3 Cont 4 Cont 5 Coa 2 Cont 1 Cont 2 Cont 3 Cont 4 Cont 5     Trial    
Sta  Stat Sta SG Sta SG Sta SG Sta SG Sta SG  Stat Sta SG Sta SG Sta SG Sta SG Sta SG 3 2 1 . 1 2 3 NB PS
  VECTOR:[45, 24, 24, 33, 23, 20, 19, 30, 33, 23, 20, 20, 30, 4, 83, 76]
TSR   WRC SAB 13 SAB 16 SAB 12 SAB 14 SAB 14   WRC SAB 12 SAB 12 SAB 18 SAB 19 SAB 12 - - - . - - - 01 --
  VECTOR:[48, 26, 26, 33, 23, 23, 23, 33, 33, 23, 23, 23, 33, 4, 84, 85]
TSR   WRC SAB 13 SAB 16 SAB 12 SAB 14 SAB 14   AST SAB 12 SAB 12 SAB 18 SAB 19 SAB 12 - - - . - - - 01 --
  VECTOR:[47, 26, 27, 33, 23, 23, 23, 33, 33, 23, 23, 23, 33, 4, 84, 85]
TSR   AST SAB 13 SAB 16 SAB 12 SAB 14 SAB 14   AST SAB 12 SAB 12 SAB 18 SAB 19 SAB 12 - - - . - - - 01 --
  VECTOR:[47, 27, 26, 33, 23, 23, 23, 33, 33, 23, 23, 23, 33, 4, 84, 85]
TSR   AST SAB 13 SIP 17 SAB 12 SAB 14 SAB 14   AST SAB 12 SAB 12 SAB 18 SAB 19 SAB 12 - - 2 . - - - 01 --
  VECTOR:[47, 26, 26, 33, 24, 23, 23, 33, 33, 23, 23, 23, 33, 4, 84, 85]
TSR   AST SAB 13 SIP 17 SAB 12 SAB 14 SAB 14   AST SAB 12 SIP 13 SAB 18 SAB 19 SAB 12 - - 2 . 2 - - 01 --
  VECTOR:[47, 26, 26, 33, 23, 23, 23, 33, 33, 24, 23, 23, 33, 4, 84, 85]
TSR   AST SAB 13 SIP 17 SAB 12 SAB 14 SAB 14   AST SAB 12 SIP 13 SAB 18 SIP 19 SAB 12 - - 2 . 2 4 - 01 --
  VECTOR:[47, 26, 26, 33, 23, 23, 23, 33, 33, 23, 23, 24, 33, 4, 84, 85]
TSR   AST SAB 13 SIP 17 SAB 12 SAB 14 SAB 14   AST SAB 12 SIP 13 SIP 18 SIP 19 SAB 12 - - 2 . 2 4 3 01 --
  VECTOR:[47, 26, 26, 33, 23, 23, 23, 33, 33, 23, 24, 23, 33, 4, 84, 85]
TSR   AST SAB 13 SIP 17 SAB 12 SIP 14 SAB 14   AST SAB 12 SIP 13 SIP 18 SIP 19 SAB 12 - 4 2 . 2 4 3 01 --
  VECTOR:[47, 26, 26, 33, 23, 23, 24, 33, 33, 23, 23, 23, 33, 4, 84, 85]
TSR   AST SAB 13 SIP 17 SIP 12 SIP 14 SAB 14   AST SAB 12 SIP 13 SIP 18 SIP 19 SAB 12 3 4 2 . 2 4 3 01 --
  VECTOR:[47, 26, 26, 33, 23, 24, 23, 33, 33, 23, 23, 23, 33, 4, 84, 85]
TSR   AST SAB 13 SIP 17 SIP 12 SIP 14 SAB 14   WTR SAB 12 SIP 13 SIP 18 SIP 19 SAB 12 3 4 2 . 2 4 3 01 --
  VECTOR:[47, 26, 29, 33, 23, 23, 23, 33, 33, 23, 23, 23, 33, 4, 84, 86]
TSR   WTR SAB 13 SIP 17 SIP 12 SIP 14 SAB 14   WTR SAB 12 SIP 13 SIP 18 SIP 19 SAB 12 3 4 2 . 2 4 3 01 --
  VECTOR:[47, 29, 28, 33, 23, 23, 23, 33, 33, 23, 23, 23, 33, 4, 84, 87]
TSR   WTR SAB 13 SIP 17 SIP 12 SIP 14 SAB 14   WRC SAB 12 SIP 13 SIP 18 SIP 19 SAB 12 3 4 2 . 2 4 3 01 --
  VECTOR:[47, 26, 31, 33, 23, 23, 23, 33, 33, 23, 23, 23, 33, 4, 85, 86]
TSR   WRC SAB 13 SIP 17 SIP 12 SIP 14 SAB 14   WRC SAB 12 SIP 13 SIP 18 SIP 19 SAB 12 3 4 2 . 2 4 3 01 --
  VECTOR:[47, 31, 30, 33, 23, 23, 23, 33, 33, 23, 23, 23, 33, 4, 86, 87]
TSR   WRC SAB 13 SIP 17 SIP 12 DYB 14 SAB 14   WRC SAB 12 SIP 13 SIP 18 SIP 19 SAB 12 3 4 2 . 2 4 3 01 --
  VECTOR:[49, 28, 28, 33, 25, 25, 26, 33, 33, 25, 25, 25, 33, 4, 84, 94]
TSR   WRC SAB 13 SIP 17 SIP 12 DYB 14 SAB 14   WRC SAB 12 SIP 13 SIP 18 DYB 19 SAB 12 3 4 2 . 2 4 3 01 --
  VECTOR:[49, 28, 28, 33, 25, 25, 25, 33, 33, 25, 25, 26, 33, 4, 84, 94]
TSR   WRC SAB 13 DYB 17 SIP 12 DYB 14 SAB 14   WRC SAB 12 SIP 13 SIP 18 DYB 19 SAB 12 3 4 2 . 2 4 3 01 --
  VECTOR:[49, 32, 32, 33, 26, 25, 25, 33, 33, 25, 25, 25, 33, 4, 86, 96]
TSR   WRC SAB 13 DYB 17 SIP 12 DYB 14 SAB 14   WRC SAB 12 SIP 13 DYB 18 DYB 19 SAB 12 3 4 2 . 2 4 3 01 --
  VECTOR:[49, 28, 28, 33, 25, 25, 25, 33, 33, 25, 26, 25, 33, 4, 84, 94]
TSR   WRC SAB 13 DYB 17 SIP 12 DYB 14 SAB 14   WRC SAB 12 DYB 13 DYB 18 DYB 19 SAB 12 3 4 2 . 2 4 3 01 --
  VECTOR:[49, 28, 28, 33, 25, 25, 25, 33, 33, 26, 25, 25, 33, 4, 84, 94]
TSR   WRC SAB 13 DYB 17 DYB 12 DYB 14 SAB 14   WRC SAB 12 DYB 13 DYB 18 DYB 19 SAB 12 3 4 2 . 2 4 3 01 --
  VECTOR:[49, 28, 28, 33, 25, 26, 25, 33, 33, 25, 25, 25, 33, 4, 84, 94]
WTC   WRC SAB 13 DYB 17 DYB 12 DYB 14 SAB 14   WRC SAB 12 DYB 13 DYB 18 DYB 19 SAB 12 3 4 2 . 2 4 3 01 00
  VECTOR:[51, 28, 28, 33, 25, 25, 25, 33, 33, 25, 25, 25, 33, 4, 84, 94]
WTC   WRC SAB 13 DYB 17 DYB 12 DYB 14 SAB 14   WRC SAB 12 DYB 13 DYB 18 DYB 19 SAB 12 3 4 2 . 2 4 3 01 00
  VECTOR:[49, 32, 32, 33, 27, 28, 27, 33, 33, 27, 27, 27, 33, 4, 92, 96]
WTC   WRC SAB 13 DYB 17 DYB 12 DYB 14 SAB 14   WRC SAB 12 DYB 13 DYB 18 DYB 19 SAB 12 3 4 2 . 2 4 3 01 00
  VECTOR:[52, 32, 32, 33, 27, 27, 27, 33, 33, 28, 27, 27, 33, 4, 93, 96]
WTC   WRC SAB 13 DYB 17 DYB 12 DYB 14 SAB 14   WRC SAB 12 DYB 13 DYB 18 DYB 19 SAB 12 3 4 2 . 2 4 3 01 00
  VECTOR:[52, 32, 32, 33, 27, 27, 27, 33, 33, 27, 28, 27, 33, 4, 93, 96]
WTC   WRC SAB 13 DYB 17 DYB 12 DYB 14 SAB 14   WRC SAB 12 DYB 13 DYB 18 DYB 19 SAB 12 3 4 2 . 2 4 3 01 00
  VECTOR:[52, 32, 32, 33, 28, 27, 27, 33, 33, 27, 27, 27, 33, 4, 93, 96]
WTC   WRC SAB 13 DYB 17 DYB 12 DYB 14 SAB 14   WRC SAB 12 DYB 13 DYB 18 DYB 19 SAB 12 3 4 2 . 2 4 3 01 00
  VECTOR:[52, 32, 32, 33, 27, 27, 27, 33, 33, 27, 27, 28, 33, 4, 93, 96]
WTC   WRC SAB 13 DYB 17 DYB 12 DYB 14 SAB 14   WRC SAB 12 DYB 13 DYB 18 DYB 19 SAB 12 3 4 2 . 2 4 3 01 00
  VECTOR:[52, 32, 32, 33, 27, 27, 28, 33, 33, 27, 27, 27, 33, 4, 93, 96]
WTC   WRC SAB 13 SAB 16 DYB 12 DYB 14 SAB 14   WRC SAB 12 DYB 13 DYB 18 DYB 19 SAB 12 3 4 - . 2 4 3 01 00
  VECTOR:[52, 32, 32, 33, 31, 30, 29, 33, 33, 30, 30, 30, 33, 4, 104, 96]
WTC   WRC SAB 13 SAB 16 DYB 12 DYB 14 SAB 14   WRC SAB 12 DYB 13 DYB 18 SAB 18 SAB 12 3 4 - . 2 - 3 01 07
  VECTOR:[52, 32, 32, 33, 30, 30, 29, 33, 33, 30, 30, 31, 33, 4, 104, 96]
WTC   WRC SAB 13 SAB 16 DYB 12 DYB 14 SAB 14   WRC SAB 12 DYB 13 SAB 17 SAB 18 SAB 12 3 4 - . 2 - - 01 07
  VECTOR:[52, 32, 32, 33, 30, 30, 29, 33, 33, 30, 31, 30, 33, 4, 104, 96]
WTC   WRC SAB 13 SAB 16 DYB 12 DYB 14 SAB 14   WRC SAB 12 SAB 12 SAB 17 SAB 18 SAB 12 3 4 - . - - - 01 --
  VECTOR:[52, 32, 32, 33, 30, 30, 29, 33, 33, 31, 30, 30, 33, 4, 104, 96]
WTC   WRC SAB 13 SAB 16 DYB 12 SAB 13 SAB 14   WRC SAB 12 SAB 12 SAB 17 SAB 18 SAB 12 3 - - . - - - 01 --
  VECTOR:[52, 32, 32, 33, 30, 30, 31, 33, 33, 30, 30, 30, 33, 4, 105, 96]
WTC   WRC SAB 13 SAB 16 SAB 11 SAB 13 SAB 14   WRC SAB 12 SAB 12 SAB 17 SAB 18 SAB 12 - - - . - - - 01 --
  VECTOR:[52, 32, 32, 33, 30, 31, 29, 33, 33, 30, 30, 30, 33, 4, 104, 96]
TSR   WRC SAB 13 SAB 16 SAB 11 SAB 13 SAB 14   WRC SAB 12 SAB 12 SAB 17 SAB 18 SAB 12 - - - . - - - 02 --
  VECTOR:[56, 32, 32, 33, 33, 30, 29, 33, 33, 30, 30, 30, 33, 4, 104, 98]
TSR   WRC SAB 13 SAB 16 SIP 11 SAB 13 SAB 14   WRC SAB 12 SAB 12 SAB 17 SAB 18 SAB 12 - - 3 . - - - 02 --
  VECTOR:[55, 32, 32, 33, 33, 34, 33, 33, 33, 33, 33, 33, 33, 4, 105, 103]
TSR   WRC SAB 13 SAB 16 SIP 11 SAB 13 SAB 14   WRC SIP 13 SAB 12 SAB 17 SAB 18 SAB 12 - - 3 . 1 - - 02 --
  VECTOR:[55, 32, 32, 33, 33, 33, 33, 33, 34, 33, 33, 33, 33, 4, 105, 103]
TSR   WRC SAB 13 SAB 16 SIP 11 SAB 13 SAB 14   WRC SIP 13 SIP 12 SAB 17 SAB 18 SAB 12 - - 3 . 1 2 - 02 --
  VECTOR:[55, 32, 32, 33, 33, 33, 33, 33, 33, 34, 33, 33, 33, 4, 105, 103]
TSR   WRC SIP 14 SAB 16 SIP 11 SAB 13 SAB 14   WRC SIP 13 SIP 12 SAB 17 SAB 18 SAB 12 - 1 3 . 1 2 - 02 --
  VECTOR:[55, 32, 32, 34, 33, 33, 33, 33, 33, 33, 33, 33, 33, 4, 105, 103]
TSR   WRC SIP 14 SAB 16 SIP 11 SAB 13 SAB 14   WRC SIP 13 SIP 12 SIP 17 SAB 18 SAB 12 - 1 3 . 1 2 3 02 --
  VECTOR:[55, 32, 32, 33, 33, 33, 33, 33, 33, 33, 34, 33, 33, 4, 105, 103]
TSR   WRC SIP 14 SAB 16 SIP 11 SAB 13 SAB 14   AST SIP 13 SIP 12 SIP 17 SAB 18 SAB 12 - 1 3 . 1 2 3 02 --
  VECTOR:[55, 32, 33, 33, 33, 30, 33, 33, 33, 33, 33, 33, 33, 4, 105, 102]
TSR   WRC SIP 14 SIP 16 SIP 11 SAB 13 SAB 14   AST SIP 13 SIP 12 SIP 17 SAB 18 SAB 12 2 1 3 . 1 2 3 02 --
  VECTOR:[55, 32, 32, 33, 34, 33, 33, 33, 33, 33, 33, 33, 33, 4, 105, 103]
TSR   AST SIP 14 SIP 16 SIP 11 SAB 13 SAB 14   AST SIP 13 SIP 12 SIP 17 SAB 18 SAB 12 2 1 3 . 1 2 3 02 --
  VECTOR:[55, 33, 32, 33, 33, 30, 29, 33, 33, 33, 33, 33, 33, 4, 104, 101]
TSR   AST SIP 14 SIP 16 SIP 11 SAB 13 SAB 14   WTR SIP 13 SIP 12 SIP 17 SAB 18 SAB 12 2 1 3 . 1 2 3 02 --
  VECTOR:[57, 32, 35, 35, 35, 35, 33, 33, 35, 35, 35, 33, 33, 4, 105, 111]
TSR   WTR SIP 14 SIP 16 SIP 11 SAB 13 SAB 14   WTR SIP 13 SIP 12 SIP 17 SAB 18 SAB 12 2 1 3 . 1 2 3 02 --
  VECTOR:[57, 35, 34, 35, 35, 35, 33, 33, 35, 35, 35, 33, 33, 4, 105, 112]
TSR   WTR SIP 14 SIP 16 SIP 11 SAB 13 SAB 14   WRC SIP 13 SIP 12 SIP 17 SAB 18 SAB 12 2 1 3 . 1 2 3 02 00
  VECTOR:[57, 32, 37, 35, 35, 35, 33, 33, 35, 35, 35, 33, 33, 4, 106, 111]
TSR   WTR SIP 14 SIP 16 DYB 11 SAB 13 SAB 14   WRC SIP 13 SIP 12 SIP 17 SAB 18 SAB 12 2 1 3 . 1 2 3 02 00
  VECTOR:[57, 34, 34, 35, 35, 36, 33, 33, 35, 35, 35, 33, 33, 4, 105, 112]
TSR   WTR SIP 14 SIP 16 DYB 11 SAB 13 SAB 14   WRC SIP 13 DYB 12 SIP 17 SAB 18 SAB 12 2 1 3 . 1 2 3 02 00
  VECTOR:[57, 34, 34, 35, 35, 35, 33, 33, 35, 36, 35, 33, 33, 4, 105, 112]
TSR   WRC SIP 14 SIP 16 DYB 11 SAB 13 SAB 14   WRC SIP 13 DYB 12 SIP 17 SAB 18 SAB 12 2 1 3 . 1 2 3 02 00
  VECTOR:[57, 37, 36, 35, 35, 35, 33, 33, 35, 35, 35, 33, 33, 4, 107, 112]
WTC   WRC SIP 14 SIP 16 DYB 11 SAB 13 SAB 14   WRC SIP 13 DYB 12 SIP 17 SAB 18 SAB 12 2 1 3 . 1 2 3 02 00
  VECTOR:[59, 34, 34, 35, 35, 35, 33, 33, 35, 35, 35, 33, 33, 4, 105, 112]
WTC   WRC SIP 14 DYB 16 DYB 11 SAB 13 SAB 14   WRC SIP 13 DYB 12 SIP 17 SAB 18 SAB 12 2 1 3 . 1 2 3 02 00
  VECTOR:[57, 34, 34, 35, 36, 35, 33, 33, 35, 35, 35, 33, 33, 4, 105, 112]
WTC   WRC SIP 14 DYB 16 DYB 11 SAB 13 SAB 14   WRC SIP 13 DYB 12 DYB 17 SAB 18 SAB 12 2 1 3 . 1 2 3 02 00
  VECTOR:[57, 34, 34, 35, 35, 35, 33, 33, 35, 35, 36, 33, 33, 4, 105, 112]
WTC   WRC DYB 14 DYB 16 DYB 11 SAB 13 SAB 14   WRC SIP 13 DYB 12 DYB 17 SAB 18 SAB 12 2 1 3 . 1 2 3 02 00
  VECTOR:[57, 34, 34, 36, 35, 35, 33, 33, 35, 35, 35, 33, 33, 4, 105, 112]
WTC   WRC DYB 14 DYB 16 DYB 11 SAB 13 SAB 14   WRC DYB 13 DYB 12 DYB 17 SAB 18 SAB 12 2 1 3 . 1 2 3 02 00
  VECTOR:[57, 34, 34, 35, 35, 35, 33, 33, 36, 35, 35, 33, 33, 4, 105, 112]
WTC   WRC DYB 14 DYB 16 DYB 11 SAB 13 SAB 14   WRC DYB 13 DYB 12 DYB 17 SAB 18 SAB 12 2 1 3 . 1 2 3 02 00
  VECTOR:[60, 36, 36, 37, 37, 37, 33, 33, 38, 37, 37, 33, 33, 4, 114, 112]
WTC   WRC DYB 14 DYB 16 DYB 11 SAB 13 SAB 14   WRC DYB 13 DYB 12 DYB 17 SAB 18 SAB 12 2 1 3 . 1 2 3 02 00
  VECTOR:[60, 36, 36, 37, 37, 37, 33, 33, 37, 37, 38, 33, 33, 4, 114, 112]
WTC   WRC DYB 14 DYB 16 DYB 11 SAB 13 SAB 14   WRC DYB 13 DYB 12 DYB 17 SAB 18 SAB 12 2 1 3 . 1 2 3 02 00
  VECTOR:[60, 36, 36, 38, 37, 37, 33, 33, 37, 37, 37, 33, 33, 4, 114, 112]
WTC   WRC DYB 14 DYB 16 DYB 11 SAB 13 SAB 14   WRC DYB 13 DYB 12 DYB 17 SAB 18 SAB 12 2 1 3 . 1 2 3 02 00
  VECTOR:[60, 36, 36, 37, 38, 37, 33, 33, 37, 37, 37, 33, 33, 4, 114, 112]
WTC   WRC DYB 14 DYB 16 DYB 11 SAB 13 SAB 14   WRC DYB 13 DYB 12 DYB 17 SAB 18 SAB 12 2 1 3 . 1 2 3 02 00
  VECTOR:[60, 36, 36, 37, 37, 37, 33, 33, 37, 38, 37, 33, 33, 4, 114, 112]
WTC   WRC DYB 14 DYB 16 DYB 11 SAB 13 SAB 14   WRC DYB 13 DYB 12 DYB 17 SAB 18 SAB 12 2 1 3 . 1 2 3 02 00
  VECTOR:[60, 36, 36, 37, 37, 38, 33, 33, 37, 37, 37, 33, 33, 4, 114, 112]
WTC   WRC DYB 14 DYB 16 DYB 11 SAB 13 SAB 14   WRC DYB 13 SAB 11 DYB 17 SAB 18 SAB 12 2 1 3 . 1 - 3 02 00
  VECTOR:[60, 36, 36, 40, 40, 39, 33, 33, 40, 41, 40, 33, 33, 4, 125, 112]
WTC   WRC DYB 14 DYB 16 DYB 11 SAB 13 SAB 14   WRC SAB 12 SAB 11 DYB 17 SAB 18 SAB 12 2 1 3 . - - 3 02 01
  VECTOR:[60, 36, 36, 40, 40, 39, 33, 33, 41, 40, 40, 33, 33, 4, 125, 112]
WTC   WRC SAB 13 DYB 16 DYB 11 SAB 13 SAB 14   WRC SAB 12 SAB 11 DYB 17 SAB 18 SAB 12 2 - 3 . - - 3 02 --
  VECTOR:[60, 36, 36, 41, 40, 39, 33, 33, 40, 40, 40, 33, 33, 4, 125, 112]
WTC   WRC SAB 13 SAB 15 DYB 11 SAB 13 SAB 14   WRC SAB 12 SAB 11 DYB 17 SAB 18 SAB 12 - - 3 . - - 3 02 --
  VECTOR:[60, 36, 36, 40, 41, 39, 33, 33, 40, 40, 40, 33, 33, 4, 125, 112]
WTC   WRC SAB 13 SAB 15 SAB 10 SAB 13 SAB 14   WRC SAB 12 SAB 11 DYB 17 SAB 18 SAB 12 - - - . - - 3 02 --
  VECTOR:[60, 36, 36, 40, 40, 41, 33, 33, 40, 40, 40, 33, 33, 4, 126, 112]
WTC   WRC SAB 13 SAB 15 SAB 10 SAB 13 SAB 14   WRC SAB 12 SAB 11 SAB 16 SAB 18 SAB 12 - - - . - - - 02 --
  VECTOR:[60, 36, 36, 40, 40, 40, 33, 33, 40, 40, 41, 33, 33, 4, 126, 112]
EOG   WRC SAB 13 SAB 15 SAB 10 SAB 13 SAB 14   WRC SAB 12 SAB 11 SAB 16 SAB 18 SAB 12 - - - . - - - 02 --
  VECTOR:[63, 36, 36, 40, 40, 39, 33, 33, 40, 40, 40, 33, 33, 5, 125, 112]
Game 2 was won by team 2 by points.
  VECTOR:[64, 36, 36, 40, 40, 39, 33, 33, 40, 40, 40, 33, 33, 5, 125, 112]
SOG   WRC SAB 13 SAB 15 SAB 10 SAB 13 SAB 14   WRC SAB 12 SAB 11 SAB 16 SAB 18 SAB 12 - - - . - - - 02 --
  VECTOR:[68, 36, 36, 40, 40, 39, 33, 33, 40, 40, 40, 33, 33, 7, 125, 112]
Game 3 
Ref Coa 1 Cont 1 Cont 2 Cont 3 Cont 4 Cont 5 Coa 2 Cont 1 Cont 2 Cont 3 Cont 4 Cont 5     Trial    
Sta  Stat Sta SG Sta SG Sta SG Sta SG Sta SG  Stat Sta SG Sta SG Sta SG Sta SG Sta SG 3 2 1 . 1 2 3 NB PS
  VECTOR:[69, 36, 36, 40, 40, 39, 33, 33, 40, 40, 40, 33, 33, 7, 125, 112]
TSR   WRC SAB 13 SAB 15 SAB 10 SAB 13 SAB 14   WRC SAB 12 SAB 11 SAB 16 SAB 18 SAB 12 - - - . - - - 01 --
  VECTOR:[72, 38, 38, 43, 43, 43, 33, 33, 43, 43, 43, 33, 33, 7, 126, 121]
TSR   AST SAB 13 SAB 15 SAB 10 SAB 13 SAB 14   WRC SAB 12 SAB 11 SAB 16 SAB 18 SAB 12 - - - . - - - 01 --
  VECTOR:[71, 39, 38, 43, 43, 43, 33, 33, 43, 43, 43, 33, 33, 7, 126, 121]
TSR   AST SAB 13 SAB 15 SAB 10 SAB 13 SAB 14   AST SAB 12 SAB 11 SAB 16 SAB 18 SAB 12 - - - . - - - 01 --
  VECTOR:[71, 38, 39, 43, 43, 43, 33, 33, 43, 43, 43, 33, 33, 7, 126, 121]
TSR   AST SAB 13 SAB 15 SAB 10 SAB 13 SIP 15   AST SAB 12 SAB 11 SAB 16 SAB 18 SAB 12 - - 5 . - - - 01 --
  VECTOR:[71, 38, 38, 43, 43, 43, 33, 34, 43, 43, 43, 33, 33, 7, 126, 121]
TSR   WTR SAB 13 SAB 15 SAB 10 SAB 13 SIP 15   AST SAB 12 SAB 11 SAB 16 SAB 18 SAB 12 - - 5 . - - - 01 --
  VECTOR:[71, 41, 38, 43, 43, 43, 33, 33, 43, 43, 43, 33, 33, 7, 126, 122]
TSR   WTR SAB 13 SAB 15 SAB 10 SAB 13 SIP 15   AST SAB 12 SAB 11 SAB 16 SAB 18 SIP 13 - - 5 . 5 - - 01 --
  VECTOR:[71, 38, 38, 43, 43, 43, 33, 33, 43, 43, 43, 33, 34, 7, 126, 121]
TSR   WTR SAB 13 SAB 15 SAB 10 SAB 13 SIP 15   AST SAB 12 SIP 11 SAB 16 SAB 18 SIP 13 - - 5 . 5 2 - 01 --
  VECTOR:[71, 38, 38, 43, 43, 43, 33, 33, 43, 44, 43, 33, 33, 7, 126, 121]
TSR   WTR SAB 13 SAB 15 SAB 10 SAB 13 SIP 15   AST SIP 12 SIP 11 SAB 16 SAB 18 SIP 13 - - 5 . 5 2 1 01 --
  VECTOR:[71, 38, 38, 43, 43, 43, 33, 33, 44, 43, 43, 33, 33, 7, 126, 121]
TSR   WTR SIP 13 SAB 15 SAB 10 SAB 13 SIP 15   AST SIP 12 SIP 11 SAB 16 SAB 18 SIP 13 - 1 5 . 5 2 1 01 --
  VECTOR:[71, 38, 38, 44, 43, 43, 33, 33, 43, 43, 43, 33, 33, 7, 126, 121]
TSR   WTR SIP 13 SAB 15 SAB 10 SAB 13 SIP 15   WTR SIP 12 SIP 11 SAB 16 SAB 18 SIP 13 - 1 5 . 5 2 1 01 --
  VECTOR:[73, 40, 41, 43, 43, 43, 33, 33, 43, 43, 43, 33, 33, 7, 126, 124]
TSR   WTR SIP 13 SIP 15 SAB 10 SAB 13 SIP 15   WTR SIP 12 SIP 11 SAB 16 SAB 18 SIP 13 2 1 5 . 5 2 1 01 --
  VECTOR:[71, 38, 38, 43, 44, 43, 33, 33, 43, 43, 43, 33, 33, 7, 126, 121]
TSR   WTR SIP 13 SIP 15 SAB 10 SAB 13 DYB 15   WTR SIP 12 SIP 11 SAB 16 SAB 18 SIP 13 2 1 5 . 5 2 1 01 --
  VECTOR:[73, 40, 40, 43, 43, 43, 33, 36, 43, 43, 43, 33, 33, 7, 126, 125]
TSR   WTR SIP 13 SIP 15 SAB 10 SAB 13 DYB 15   WTR SIP 12 SIP 11 SAB 16 SAB 18 DYB 13 2 1 5 . 5 2 1 01 00
  VECTOR:[73, 40, 40, 43, 43, 43, 33, 35, 43, 43, 43, 33, 36, 7, 126, 126]
TSR   WTR SIP 13 SIP 15 SAB 10 SAB 13 DYB 15   WTR SIP 12 DYB 11 SAB 16 SAB 18 DYB 13 2 1 5 . 5 2 1 01 00
  VECTOR:[73, 40, 40, 43, 43, 43, 33, 35, 43, 46, 43, 33, 35, 7, 126, 127]
TSR   WRC SIP 13 SIP 15 SAB 10 SAB 13 DYB 15   WTR SIP 12 DYB 11 SAB 16 SAB 18 DYB 13 2 1 5 . 5 2 1 01 00
  VECTOR:[71, 43, 38, 43, 43, 43, 33, 33, 43, 43, 43, 33, 33, 7, 127, 122]
WTC   WRC SIP 13 SIP 15 SAB 10 SAB 13 DYB 15   WTR SIP 12 DYB 11 SAB 16 SAB 18 DYB 13 2 1 5 . 5 2 1 01 00
  VECTOR:[75, 40, 40, 43, 43, 43, 33, 33, 43, 43, 43, 33, 33, 7, 126, 124]
WTC   WRC DYB 13 SIP 15 SAB 10 SAB 13 DYB 15   WTR SIP 12 DYB 11 SAB 16 SAB 18 DYB 13 2 1 5 . 5 2 1 01 00
  VECTOR:[73, 40, 40, 46, 43, 43, 33, 35, 43, 45, 43, 33, 35, 7, 126, 128]
WTC   WRC DYB 13 SIP 15 SAB 10 SAB 13 DYB 15   WRC SIP 12 DYB 11 SAB 16 SAB 18 DYB 13 2 1 5 . 5 2 1 01 00
  VECTOR:[73, 42, 43, 43, 43, 43, 33, 33, 43, 43, 43, 33, 33, 7, 128, 124]
WTC   WRC DYB 13 SIP 15 SAB 10 SAB 13 DYB 15   WRC DYB 12 DYB 11 SAB 16 SAB 18 DYB 13 2 1 5 . 5 2 1 01 00
  VECTOR:[73, 40, 40, 45, 43, 43, 33, 35, 46, 45, 43, 33, 35, 7, 126, 129]
WTC   WRC DYB 13 DYB 15 SAB 10 SAB 13 DYB 15   WRC DYB 12 DYB 11 SAB 16 SAB 18 DYB 13 2 1 5 . 5 2 1 01 00
  VECTOR:[73, 40, 40, 45, 46, 43, 33, 35, 45, 45, 43, 33, 35, 7, 126, 130]
WTC   WRC DYB 13 DYB 15 SAB 10 SAB 13 DYB 15   WRC DYB 12 DYB 11 SAB 16 SAB 18 DYB 13 2 1 5 . 5 2 1 01 00
  VECTOR:[76, 42, 42, 47, 47, 43, 33, 37, 48, 47, 43, 33, 37, 7, 135, 130]
WTC   WRC DYB 13 DYB 15 SAB 10 SAB 13 DYB 15   WRC DYB 12 DYB 11 SAB 16 SAB 18 DYB 13 2 1 5 . 5 2 1 01 00
  VECTOR:[76, 42, 42, 47, 48, 43, 33, 37, 47, 47, 43, 33, 37, 7, 135, 130]
WTC   WRC DYB 13 DYB 15 SAB 10 SAB 13 DYB 15   WRC DYB 12 DYB 11 SAB 16 SAB 18 DYB 13 2 1 5 . 5 2 1 01 00
  VECTOR:[76, 42, 42, 48, 47, 43, 33, 37, 47, 47, 43, 33, 37, 7, 135, 130]
WTC   WRC DYB 13 DYB 15 SAB 10 SAB 13 DYB 15   WRC DYB 12 DYB 11 SAB 16 SAB 18 DYB 13 2 1 5 . 5 2 1 01 00
  VECTOR:[76, 42, 42, 47, 47, 43, 33, 37, 47, 48, 43, 33, 37, 7, 135, 130]
WTC   WRC DYB 13 DYB 15 SAB 10 SAB 13 DYB 15   WRC DYB 12 DYB 11 SAB 16 SAB 18 DYB 13 2 1 5 . 5 2 1 01 00
  VECTOR:[76, 42, 42, 47, 47, 43, 33, 37, 47, 47, 43, 33, 38, 7, 135, 130]
WTC   WRC DYB 13 DYB 15 SAB 10 SAB 13 DYB 15   WRC DYB 12 DYB 11 SAB 16 SAB 18 DYB 13 2 1 5 . 5 2 1 01 00
  VECTOR:[76, 42, 42, 47, 47, 43, 33, 38, 47, 47, 43, 33, 37, 7, 135, 130]
WTC   WRC DYB 13 DYB 15 SAB 10 SAB 13 DYB 15   WRC DYB 12 DYB 11 SAB 16 SAB 18 SAB 12 2 1 5 . - 2 1 01 00
  VECTOR:[76, 42, 42, 50, 50, 43, 33, 39, 50, 50, 43, 33, 41, 7, 146, 130]
WTC   WRC DYB 13 SAB 14 SAB 10 SAB 13 DYB 15   WRC DYB 12 DYB 11 SAB 16 SAB 18 SAB 12 - 1 5 . - 2 1 01 00
  VECTOR:[76, 42, 42, 50, 51, 43, 33, 39, 50, 50, 43, 33, 40, 7, 146, 130]
WTC   WRC SAB 12 SAB 14 SAB 10 SAB 13 DYB 15   WRC DYB 12 DYB 11 SAB 16 SAB 18 SAB 12 - - 5 . - 2 1 01 00
  VECTOR:[76, 42, 42, 51, 50, 43, 33, 39, 50, 50, 43, 33, 40, 7, 146, 130]
WTC   WRC SAB 12 SAB 14 SAB 10 SAB 13 DYB 15   WRC DYB 12 SAB 10 SAB 16 SAB 18 SAB 12 - - 5 . - - 1 01 00
  VECTOR:[76, 42, 42, 50, 50, 43, 33, 39, 50, 51, 43, 33, 40, 7, 146, 130]
WTC   WRC SAB 12 SAB 14 SAB 10 SAB 13 DYB 15   WRC SAB 11 SAB 10 SAB 16 SAB 18 SAB 12 - - 5 . - - - 01 -7
  VECTOR:[76, 42, 42, 50, 50, 43, 33, 39, 51, 50, 43, 33, 40, 7, 146, 130]
WTC   WRC SAB 12 SAB 14 SAB 10 SAB 13 SAB 14   WRC SAB 11 SAB 10 SAB 16 SAB 18 SAB 12 - - - . - - - 01 -7
  VECTOR:[76, 42, 42, 50, 50, 43, 33, 41, 50, 50, 43, 33, 40, 7, 147, 130]
WTC   WRC SAB 12 SAB 14 SAB 10 SIP 14 SAB 14   WRC SAB 11 SAB 10 SAB 16 SAB 18 SAB 12 - - 4 . - - - 01 --
  VECTOR:[79, 44, 44, 53, 53, 43, 34, 43, 53, 53, 43, 33, 43, 7, 147, 139]
TSR   WRC SAB 12 SAB 14 SAB 10 SIP 14 SAB 14   WRC SAB 11 SAB 10 SAB 16 SAB 18 SAB 12 - - 4 . - - - 02 --
  VECTOR:[80, 44, 44, 53, 53, 43, 33, 43, 53, 53, 43, 33, 43, 7, 147, 139]
TSR   WRC SAB 12 SAB 14 SAB 10 SIP 14 SAB 14   WRC SAB 11 SAB 10 SAB 16 SIP 19 SAB 12 - - 4 . 4 - - 02 --
  VECTOR:[79, 44, 44, 53, 53, 43, 33, 43, 53, 53, 43, 34, 43, 7, 147, 139]
TSR   WRC SAB 12 SAB 14 SAB 10 SIP 14 SAB 14   WRC SAB 11 SAB 10 SAB 16 SIP 19 SIP 12 - - 4 . 4 5 - 02 --
  VECTOR:[79, 44, 44, 53, 53, 43, 33, 43, 53, 53, 43, 33, 44, 7, 147, 139]
TSR   WRC SAB 12 SAB 14 SAB 10 SIP 14 SAB 14   AST SAB 11 SAB 10 SAB 16 SIP 19 SIP 12 - - 4 . 4 5 - 02 --
  VECTOR:[79, 44, 45, 53, 53, 43, 33, 43, 53, 53, 43, 33, 43, 7, 147, 139]
TSR   WRC SIP 12 SAB 14 SAB 10 SIP 14 SAB 14   AST SAB 11 SAB 10 SAB 16 SIP 19 SIP 12 - 1 4 . 4 5 - 02 --
  VECTOR:[79, 44, 44, 54, 53, 43, 33, 43, 53, 53, 43, 33, 43, 7, 147, 139]
TSR   WRC SIP 12 SAB 14 SAB 10 SIP 14 SAB 14   AST SIP 11 SAB 10 SAB 16 SIP 19 SIP 12 - 1 4 . 4 5 1 02 --
  VECTOR:[79, 44, 44, 53, 53, 43, 33, 43, 54, 53, 43, 33, 43, 7, 147, 139]
TSR   AST SIP 12 SAB 14 SAB 10 SIP 14 SAB 14   AST SIP 11 SAB 10 SAB 16 SIP 19 SIP 12 - 1 4 . 4 5 1 02 --
  VECTOR:[79, 45, 44, 53, 53, 43, 33, 43, 53, 53, 43, 33, 43, 7, 147, 139]
TSR   AST SIP 12 SAB 14 SAB 10 SIP 14 SIP 14   AST SIP 11 SAB 10 SAB 16 SIP 19 SIP 12 5 1 4 . 4 5 1 02 --
  VECTOR:[79, 44, 44, 53, 53, 43, 33, 44, 53, 53, 43, 33, 43, 7, 147, 139]
TSR   AST SIP 12 SAB 14 SAB 10 DYB 14 SIP 14   AST SIP 11 SAB 10 SAB 16 SIP 19 SIP 12 5 1 4 . 4 5 1 02 --
  VECTOR:[81, 46, 46, 55, 53, 43, 36, 43, 55, 53, 43, 35, 45, 7, 147, 147]
TSR   AST SIP 12 SAB 14 SAB 10 DYB 14 SIP 14   WTR SIP 11 SAB 10 SAB 16 SIP 19 SIP 12 5 1 4 . 4 5 1 02 --
  VECTOR:[81, 44, 47, 55, 53, 43, 35, 43, 55, 53, 43, 35, 45, 7, 147, 146]
TSR   WTR SIP 12 SAB 14 SAB 10 DYB 14 SIP 14   WTR SIP 11 SAB 10 SAB 16 SIP 19 SIP 12 5 1 4 . 4 5 1 02 --
  VECTOR:[81, 47, 46, 55, 53, 43, 35, 43, 55, 53, 43, 35, 45, 7, 147, 147]
TSR   WTR SIP 12 SAB 14 SAB 10 DYB 14 SIP 14   WTR SIP 11 SAB 10 SAB 16 DYB 19 SIP 12 5 1 4 . 4 5 1 02 --
  VECTOR:[81, 46, 46, 55, 53, 43, 35, 43, 55, 53, 43, 36, 45, 7, 147, 147]
TSR   WTR DYB 12 SAB 14 SAB 10 DYB 14 SIP 14   WTR SIP 11 SAB 10 SAB 16 DYB 19 SIP 12 5 1 4 . 4 5 1 02 --
  VECTOR:[81, 46, 46, 56, 53, 43, 35, 43, 55, 53, 43, 35, 45, 7, 147, 147]
TSR   WTR DYB 12 SAB 14 SAB 10 DYB 14 SIP 14   WTR SIP 11 SAB 10 SAB 16 DYB 19 DYB 12 5 1 4 . 4 5 1 02 --
  VECTOR:[81, 46, 46, 55, 53, 43, 35, 43, 55, 53, 43, 35, 46, 7, 147, 147]
TSR   WTR DYB 12 SAB 14 SAB 10 DYB 14 DYB 14   WTR SIP 11 SAB 10 SAB 16 DYB 19 DYB 12 5 1 4 . 4 5 1 02 00
  VECTOR:[81, 46, 46, 55, 53, 43, 35, 46, 55, 53, 43, 35, 45, 7, 147, 148]
TSR   WTR DYB 12 SAB 14 SAB 10 DYB 14 DYB 14   WTR DYB 11 SAB 10 SAB 16 DYB 19 DYB 12 5 1 4 . 4 5 1 02 00
  VECTOR:[81, 46, 46, 55, 53, 43, 35, 43, 56, 53, 43, 35, 45, 7, 147, 147]
WTC   WTR DYB 12 SAB 14 SAB 10 DYB 14 DYB 14   WTR DYB 11 SAB 10 SAB 16 DYB 19 DYB 12 5 1 4 . 4 5 1 02 00
  VECTOR:[83, 46, 46, 55, 53, 43, 35, 43, 55, 53, 43, 35, 45, 7, 147, 147]
WTC   WTR DYB 12 SAB 14 SAB 10 DYB 14 DYB 14   WRC DYB 11 SAB 10 SAB 16 DYB 19 DYB 12 5 1 4 . 4 5 1 02 00
  VECTOR:[81, 46, 49, 55, 53, 43, 37, 43, 55, 53, 43, 37, 45, 7, 150, 147]
WTC   WRC DYB 12 SAB 14 SAB 10 DYB 14 DYB 14   WRC DYB 11 SAB 10 SAB 16 DYB 19 DYB 12 5 1 4 . 4 5 1 02 00
  VECTOR:[81, 49, 48, 55, 53, 43, 37, 43, 55, 53, 43, 37, 45, 7, 151, 147]
WTC   WRC DYB 12 SAB 14 SAB 10 DYB 14 DYB 14   WRC DYB 11 SAB 10 SAB 16 DYB 19 DYB 12 5 1 4 . 4 5 1 02 00
  VECTOR:[81, 48, 48, 57, 53, 43, 37, 47, 58, 53, 43, 37, 47, 7, 155, 148]
WTC   WRC DYB 12 SAB 14 SAB 10 DYB 14 DYB 14   WRC DYB 11 SAB 10 SAB 16 DYB 19 DYB 12 5 1 4 . 4 5 1 02 00
  VECTOR:[84, 48, 48, 57, 53, 43, 37, 48, 57, 53, 43, 37, 47, 7, 156, 148]
WTC   WRC DYB 12 SAB 14 SAB 10 DYB 14 DYB 14   WRC DYB 11 SAB 10 SAB 16 DYB 19 DYB 12 5 1 4 . 4 5 1 02 00
  VECTOR:[84, 48, 48, 57, 53, 43, 37, 47, 57, 53, 43, 37, 48, 7, 156, 148]
WTC   WRC DYB 12 SAB 14 SAB 10 DYB 14 DYB 14   WRC DYB 11 SAB 10 SAB 16 DYB 19 DYB 12 5 1 4 . 4 5 1 02 00
  VECTOR:[84, 48, 48, 58, 53, 43, 37, 47, 57, 53, 43, 37, 47, 7, 156, 148]
WTC   WRC DYB 12 SAB 14 SAB 10 DYB 14 DYB 14   WRC DYB 11 SAB 10 SAB 16 DYB 19 DYB 12 5 1 4 . 4 5 1 02 00
  VECTOR:[84, 48, 48, 57, 53, 43, 37, 47, 57, 53, 43, 38, 47, 7, 156, 148]
WTC   WRC DYB 12 SAB 14 SAB 10 DYB 14 DYB 14   WRC DYB 11 SAB 10 SAB 16 DYB 19 DYB 12 5 1 4 . 4 5 1 02 00
  VECTOR:[84, 48, 48, 57, 53, 43, 38, 47, 57, 53, 43, 37, 47, 7, 156, 148]
WTC   WRC DYB 12 SAB 14 SAB 10 DYB 14 DYB 14   WRC DYB 11 SAB 10 SAB 16 DYB 19 SAB 11 5 1 4 . 4 - 1 02 00
  VECTOR:[84, 48, 48, 60, 53, 43, 39, 50, 60, 53, 43, 40, 51, 7, 167, 148]
WTC   WRC DYB 12 SAB 14 SAB 10 DYB 14 DYB 14   WRC DYB 11 SAB 10 SAB 16 SAB 18 SAB 11 5 1 4 . - - 1 02 02
  VECTOR:[84, 48, 48, 60, 53, 43, 39, 50, 60, 53, 43, 41, 50, 7, 167, 148]
WTC   WRC SAB 11 SAB 14 SAB 10 DYB 14 DYB 14   WRC DYB 11 SAB 10 SAB 16 SAB 18 SAB 11 5 - 4 . - - 1 02 02
  VECTOR:[84, 48, 48, 61, 53, 43, 39, 50, 60, 53, 43, 40, 50, 7, 167, 148]
WTC   WRC SAB 11 SAB 14 SAB 10 DYB 14 SAB 13   WRC DYB 11 SAB 10 SAB 16 SAB 18 SAB 11 - - 4 . - - 1 02 --
  VECTOR:[84, 48, 48, 60, 53, 43, 39, 51, 60, 53, 43, 40, 50, 7, 167, 148]
WTC   WRC SAB 11 SAB 14 SAB 10 DYB 14 SAB 13   WRC SAB 10 SAB 10 SAB 16 SAB 18 SAB 11 - - 4 . - - - 02 --
  VECTOR:[84, 48, 48, 60, 53, 43, 39, 50, 61, 53, 43, 40, 50, 7, 167, 148]
WTC   WRC SAB 11 SAB 14 SAB 10 SAB 13 SAB 13   WRC SAB 10 SAB 10 SAB 16 SAB 18 SAB 11 - - - . - - - 02 --
  VECTOR:[84, 48, 48, 60, 53, 43, 41, 50, 60, 53, 43, 40, 50, 7, 168, 148]
TSR   WRC SAB 11 SAB 14 SAB 10 SAB 13 SAB 13   WRC SAB 10 SAB 10 SAB 16 SAB 18 SAB 11 - - - . - - - 03 --
  VECTOR:[88, 50, 50, 63, 53, 43, 39, 53, 60, 53, 43, 43, 53, 7, 167, 155]
TSR   AST SAB 11 SAB 14 SAB 10 SAB 13 SAB 13   WRC SAB 10 SAB 10 SAB 16 SAB 18 SAB 11 - - - . - - - 03 --
  VECTOR:[87, 51, 50, 63, 53, 43, 39, 53, 63, 53, 43, 43, 53, 7, 167, 156]
TSR   AST SAB 11 SAB 14 SAB 10 SAB 13 SAB 13   AST SAB 10 SAB 10 SAB 16 SAB 18 SAB 11 - - - . - - - 03 --
  VECTOR:[87, 50, 51, 63, 53, 43, 39, 53, 63, 53, 43, 43, 53, 7, 167, 156]
TSR   AST SAB 11 SAB 14 SAB 10 SAB 13 SAB 13   AST SAB 10 SAB 10 SIP 17 SAB 18 SAB 11 - - - . 3 - - 03 --
  VECTOR:[87, 50, 50, 63, 53, 43, 39, 53, 63, 53, 44, 43, 53, 7, 167, 156]
TSR   AST SAB 11 SAB 14 SIP 11 SAB 13 SAB 13   AST SAB 10 SAB 10 SIP 17 SAB 18 SAB 11 - - 3 . 3 - - 03 --
  VECTOR:[87, 50, 50, 63, 53, 44, 39, 53, 63, 53, 43, 43, 53, 7, 167, 156]
TSR   AST SAB 11 SAB 14 SIP 11 SAB 13 SIP 13   AST SAB 10 SAB 10 SIP 17 SAB 18 SAB 11 - 5 3 . 3 - - 03 --
  VECTOR:[87, 50, 50, 63, 53, 43, 43, 54, 63, 53, 43, 43, 53, 7, 168, 157]
TSR   AST SAB 11 SAB 14 SIP 11 SAB 13 SIP 13   AST SAB 10 SAB 10 SIP 17 SAB 18 SIP 11 - 5 3 . 3 5 - 03 --
  VECTOR:[87, 50, 50, 63, 53, 43, 43, 53, 63, 53, 43, 43, 54, 7, 168, 157]
TSR   WTR SAB 11 SAB 14 SIP 11 SAB 13 SIP 13   AST SAB 10 SAB 10 SIP 17 SAB 18 SIP 11 - 5 3 . 3 5 - 03 --
  VECTOR:[89, 53, 50, 63, 53, 43, 43, 53, 63, 53, 43, 43, 53, 7, 168, 159]
TSR   WTR SAB 11 SAB 14 SIP 11 SIP 13 SIP 13   AST SAB 10 SAB 10 SIP 17 SAB 18 SIP 11 4 5 3 . 3 5 - 03 --
  VECTOR:[87, 50, 50, 63, 53, 43, 44, 53, 63, 53, 43, 43, 53, 7, 168, 157]
TSR   WTR SAB 11 SAB 14 SIP 11 SIP 13 SIP 13   WTR SAB 10 SAB 10 SIP 17 SAB 18 SIP 11 4 5 3 . 3 5 - 03 --
  VECTOR:[89, 52, 53, 63, 53, 43, 43, 53, 63, 53, 43, 43, 53, 7, 168, 160]
TSR   WTR SAB 11 SAB 14 SIP 11 SIP 13 SIP 13   WTR SAB 10 SAB 10 SIP 17 SIP 18 SIP 11 4 5 3 . 3 5 4 03 --
  VECTOR:[87, 50, 50, 63, 53, 43, 43, 53, 63, 53, 43, 44, 53, 7, 168, 157]
TSR   WRC SAB 11 SAB 14 SIP 11 SIP 13 SIP 13   WTR SAB 10 SAB 10 SIP 17 SIP 18 SIP 11 4 5 3 . 3 5 4 03 --
  VECTOR:[89, 55, 50, 63, 53, 43, 43, 53, 63, 53, 43, 43, 53, 7, 169, 159]
TSR   WRC SAB 11 SAB 14 SIP 11 SIP 13 SIP 13   WTR SAB 10 SAB 10 DYB 17 SIP 18 SIP 11 4 5 3 . 3 5 4 03 --
  VECTOR:[89, 52, 52, 63, 53, 43, 43, 53, 63, 53, 46, 43, 53, 7, 168, 161]
TSR   WRC SAB 11 SAB 14 DYB 11 SIP 13 SIP 13   WTR SAB 10 SAB 10 DYB 17 SIP 18 SIP 11 4 5 3 . 3 5 4 03 00
  VECTOR:[89, 52, 52, 63, 53, 46, 43, 53, 63, 53, 45, 43, 53, 7, 168, 162]
TSR   WRC SAB 11 SAB 14 DYB 11 SIP 13 DYB 13   WTR SAB 10 SAB 10 DYB 17 SIP 18 SIP 11 4 5 3 . 3 5 4 03 00
  VECTOR:[89, 52, 52, 63, 53, 45, 43, 56, 63, 53, 45, 43, 53, 7, 168, 163]
TSR   WRC SAB 11 SAB 14 DYB 11 SIP 13 DYB 13   WTR SAB 10 SAB 10 DYB 17 DYB 18 SIP 11 4 5 3 . 3 5 4 03 00
  VECTOR:[89, 52, 52, 63, 53, 45, 45, 55, 63, 53, 45, 46, 55, 7, 168, 166]
TSR   WRC SAB 11 SAB 14 DYB 11 SIP 13 DYB 13   WRC SAB 10 SAB 10 DYB 17 DYB 18 SIP 11 4 5 3 . 3 5 4 03 00
  VECTOR:[89, 54, 55, 63, 53, 43, 43, 53, 63, 53, 43, 43, 53, 7, 170, 160]
WTC   WRC SAB 11 SAB 14 DYB 11 SIP 13 DYB 13   WRC SAB 10 SAB 10 DYB 17 DYB 18 SIP 11 4 5 3 . 3 5 4 03 00
  VECTOR:[91, 52, 52, 63, 53, 43, 43, 53, 63, 53, 43, 43, 53, 7, 168, 160]
WTC   WRC SAB 11 SAB 14 DYB 11 SIP 13 DYB 13   WRC SAB 10 SAB 10 DYB 17 DYB 18 DYB 11 4 5 3 . 3 5 4 03 00
  VECTOR:[89, 52, 52, 63, 53, 45, 43, 55, 63, 53, 45, 43, 56, 7, 168, 164]
WTC   WRC SAB 11 SAB 14 DYB 11 DYB 13 DYB 13   WRC SAB 10 SAB 10 DYB 17 DYB 18 DYB 11 4 5 3 . 3 5 4 03 00
  VECTOR:[89, 52, 52, 63, 53, 45, 46, 55, 63, 53, 45, 43, 55, 7, 168, 165]
WTC   WRC SAB 11 SAB 14 DYB 11 DYB 13 DYB 13   WRC SAB 10 SAB 10 DYB 17 DYB 18 DYB 11 4 5 3 . 3 5 4 03 00
  VECTOR:[92, 54, 54, 63, 53, 47, 48, 57, 63, 53, 47, 47, 57, 7, 177, 166]
WTC   WRC SAB 11 SAB 14 DYB 11 DYB 13 DYB 13   WRC SAB 10 SAB 10 DYB 17 DYB 18 DYB 11 4 5 3 . 3 5 4 03 00
  VECTOR:[92, 54, 54, 63, 53, 47, 47, 57, 63, 53, 47, 47, 58, 7, 177, 166]
WTC   WRC SAB 11 SAB 14 DYB 11 DYB 13 DYB 13   WRC SAB 10 SAB 10 DYB 17 DYB 18 DYB 11 4 5 3 . 3 5 4 03 00
  VECTOR:[92, 54, 54, 63, 53, 47, 47, 57, 63, 53, 47, 48, 57, 7, 177, 166]
WTC   WRC SAB 11 SAB 14 DYB 11 DYB 13 DYB 13   WRC SAB 10 SAB 10 DYB 17 DYB 18 DYB 11 4 5 3 . 3 5 4 03 00
  VECTOR:[92, 54, 54, 63, 53, 47, 47, 58, 63, 53, 47, 47, 57, 7, 177, 166]
WTC   WRC SAB 11 SAB 14 DYB 11 DYB 13 DYB 13   WRC SAB 10 SAB 10 DYB 17 DYB 18 DYB 11 4 5 3 . 3 5 4 03 00
  VECTOR:[92, 54, 54, 63, 53, 48, 47, 57, 63, 53, 47, 47, 57, 7, 177, 166]
WTC   WRC SAB 11 SAB 14 DYB 11 DYB 13 DYB 13   WRC SAB 10 SAB 10 DYB 17 DYB 18 DYB 11 4 5 3 . 3 5 4 03 00
  VECTOR:[92, 54, 54, 63, 53, 47, 47, 57, 63, 53, 48, 47, 57, 7, 177, 166]
WTC   WRC SAB 11 SAB 14 DYB 11 DYB 13 SAB 12   WRC SAB 10 SAB 10 DYB 17 DYB 18 DYB 11 4 - 3 . 3 5 4 03 00
  VECTOR:[92, 54, 54, 63, 53, 50, 50, 61, 63, 53, 49, 50, 60, 7, 188, 166]
WTC   WRC SAB 11 SAB 14 DYB 11 DYB 13 SAB 12   WRC SAB 10 SAB 10 DYB 17 SAB 17 DYB 11 4 - 3 . 3 5 - 03 00
  VECTOR:[92, 54, 54, 63, 53, 50, 50, 60, 63, 53, 49, 51, 60, 7, 188, 166]
WTC   WRC SAB 11 SAB 14 DYB 11 SAB 12 SAB 12   WRC SAB 10 SAB 10 DYB 17 SAB 17 DYB 11 - - 3 . 3 5 - 03 00
  VECTOR:[92, 54, 54, 63, 53, 50, 51, 60, 63, 53, 49, 50, 60, 7, 188, 166]
WTC   WRC SAB 11 SAB 14 DYB 11 SAB 12 SAB 12   WRC SAB 10 SAB 10 DYB 17 SAB 17 SAB 10 - - 3 . 3 - - 03 00
  VECTOR:[92, 54, 54, 63, 53, 50, 50, 60, 63, 53, 49, 50, 61, 7, 188, 166]
WTC   WRC SAB 11 SAB 14 DYB 11 SAB 12 SAB 12   WRC SAB 10 SAB 10 SAB 16 SAB 17 SAB 10 - - 3 . - - - 03 --
  VECTOR:[92, 54, 54, 63, 53, 50, 50, 60, 63, 53, 51, 50, 60, 7, 189, 166]
WTC   WRC SAB 11 SAB 14 SAB 10 SAB 12 SAB 12   WRC SAB 10 SAB 10 SAB 16 SAB 17 SAB 10 - - - . - - - 03 09
  VECTOR:[92, 54, 54, 63, 53, 51, 50, 60, 63, 53, 49, 50, 60, 7, 188, 166]
EOG   WRC SAB 11 SAB 14 SAB 10 SAB 12 SAB 12   WRC SAB 10 SAB 10 SAB 16 SAB 17 SAB 10 - - - . - - - 03 --
  VECTOR:[95, 54, 54, 63, 53, 50, 50, 60, 63, 53, 49, 50, 60, 8, 188, 166]
Game 3 was won by team 2 by knock out in 3 trials.
  VECTOR:[96, 54, 54, 63, 53, 50, 50, 60, 63, 53, 49, 50, 60, 8, 188, 166]
EOG   WRC SAB 11 SAB 14 SAB 10 SAB 12 SAB 12   AST SAB 10 SAB 10 SAB 16 SAB 17 SAB 10 - - - . - - - 03 --
  VECTOR:[98, 56, 57, 63, 53, 53, 53, 63, 63, 53, 53, 53, 63, 9, 189, 175]
EOM   WRC SAB 11 SAB 14 SAB 10 SAB 12 SAB 12   AST SAB 10 SAB 10 SAB 16 SAB 17 SAB 10 - - - . - - - 03 --
  VECTOR:[99, 56, 56, 63, 53, 53, 53, 63, 63, 53, 53, 53, 63, 9, 189, 175]
EOM   AST SAB 11 SAB 14 SAB 10 SAB 12 SAB 12   AST SAB 10 SAB 10 SAB 16 SAB 17 SAB 10 - - - . - - - 03 --
  VECTOR:[98, 57, 56, 63, 53, 53, 53, 63, 63, 53, 53, 53, 63, 9, 189, 175]
Match was won by team2 (0-3).
  VECTOR:[100, 56, 56, 63, 53, 53, 53, 63, 63, 53, 53, 53, 63, 9, 189, 175]
