                               Game of the Rope - Description of the internal state

Ref Coa 1 Cont 1 Cont 2 Cont 3 Cont 4 Cont 5 Coa 2 Cont 1 Cont 2 Cont 3 Cont 4 Cont 5     Trial    
Sta  Stat Sta SG Sta SG Sta SG Sta SG Sta SG  Stat Sta SG Sta SG Sta SG Sta SG Sta SG 3 2 1 . 1 2 3 NB PS
SOM   NON NON 00 NON 00 NON 00 NON 00 NON 00   NON NON 00 NON 00 NON 00 NON 00 NON 00 - - - . - - - -- --
Game 1 
Ref Coa 1 Cont 1 Cont 2 Cont 3 Cont 4 Cont 5 Coa 2 Cont 1 Cont 2 Cont 3 Cont 4 Cont 5     Trial    
Sta  Stat Sta SG Sta SG Sta SG Sta SG Sta SG  Stat Sta SG Sta SG Sta SG Sta SG Sta SG 3 2 1 . 1 2 3 NB PS
SOG   NON NON 00 NON 00 NON 00 NON 00 NON 00   NON NON 00 NON 00 NON 00 NON 00 NON 00 - - - . - - - 01 --
TSR   NON NON 00 NON 00 NON 00 NON 00 NON 00   NON NON 00 NON 00 NON 00 NON 00 NON 00 - - - . - - - 01 --
TSR   WRC NON 00 NON 00 NON 00 NON 00 NON 00   NON NON 00 NON 00 NON 00 NON 00 NON 00 - - - . - - - 01 --
TSR   WRC NON 00 NON 00 NON 00 NON 00 NON 00   WRC NON 00 NON 00 NON 00 NON 00 NON 00 - - - . - - - 01 --
TSR   WRC NON 00 NON 00 NON 00 NON 00 NON 00   AST NON 00 NON 00 NON 00 NON 00 NON 00 - - - . - - - 01 --
TSR   AST NON 00 NON 00 NON 00 NON 00 NON 00   AST NON 00 NON 00 NON 00 NON 00 NON 00 - - - . - - - 01 --
WTC   AST NON 00 NON 00 NON 00 NON 00 NON 00   AST NON 00 NON 00 NON 00 NON 00 NON 00 - - - . - - - 01 00
WTC   AST SAB 16 NON 00 NON 00 NON 00 NON 00   AST NON 00 NON 00 NON 00 NON 00 NON 00 - - - . - - - 01 00
WTC   AST SAB 16 NON 00 SAB 18 NON 00 NON 00   AST NON 00 NON 00 NON 00 NON 00 NON 00 - - - . - - - 01 00
WTC   AST SAB 16 NON 00 SAB 18 NON 00 NON 00   AST NON 00 NON 00 NON 00 NON 00 SAB 20 - - - . - - - 01 00
WTC   AST SAB 16 NON 00 SAB 18 SAB 18 NON 00   AST NON 00 NON 00 NON 00 NON 00 SAB 20 - - - . - - - 01 00
WTC   AST SAB 16 NON 00 SAB 18 SAB 18 SAB 15   AST NON 00 NON 00 NON 00 NON 00 SAB 20 - - - . - - - 01 --
WTC   AST SAB 16 NON 00 SAB 18 SAB 18 SAB 15   AST NON 00 SAB 19 NON 00 NON 00 SAB 20 - - - . - - - 01 --
WTC   AST SAB 16 NON 00 SAB 18 SAB 18 SAB 15   AST NON 00 SAB 19 SAB 14 NON 00 SAB 20 - - - . - - - 01 --
WTC   AST SAB 16 NON 00 SAB 18 SAB 18 SAB 15   AST SAB 12 SAB 19 SAB 14 NON 00 SAB 20 - - - . - - - 01 --
WTC   AST SAB 16 NON 00 SAB 18 SAB 18 SAB 15   AST SAB 12 SAB 19 SAB 14 SAB 14 SAB 20 - - - . - - - 01 --
WTC   AST SAB 16 SAB 19 SAB 18 SAB 18 SAB 15   AST SAB 12 SAB 19 SAB 14 SAB 14 SAB 20 - - - . - - - 01 --
WTC   AST SAB 16 SAB 19 SAB 18 SAB 18 SAB 15   AST SAB 12 SAB 19 SIP 14 SAB 14 SAB 20 - - - . 3 - - 01 --
WTC   AST SAB 16 SAB 19 SAB 18 SAB 18 SAB 15   AST SIP 12 SAB 19 SIP 14 SAB 14 SAB 20 - - - . 3 1 - 01 --
WTC   AST SIP 16 SAB 19 SAB 18 SAB 18 SAB 15   AST SIP 12 SAB 19 SIP 14 SAB 14 SAB 20 - - 1 . 3 1 - 01 --
WTC   AST SIP 16 SIP 19 SAB 18 SAB 18 SAB 15   AST SIP 12 SAB 19 SIP 14 SAB 14 SAB 20 - 2 1 . 3 1 - 01 --
WTC   WTR SIP 16 SIP 19 SAB 18 SAB 18 SAB 15   AST SIP 12 SAB 19 SIP 14 SAB 14 SAB 20 - 2 1 . 3 1 - 01 --
WTC   WTR SIP 16 SIP 19 SIP 18 SAB 18 SAB 15   AST SIP 12 SAB 19 SIP 14 SAB 14 SAB 20 3 2 1 . 3 1 - 01 --
WTC   WTR DYB 16 SIP 19 SIP 18 SAB 18 SAB 15   AST SIP 12 SAB 19 SIP 14 SAB 14 SAB 20 3 2 1 . 3 1 - 01 --
WTC   WTR DYB 16 SIP 19 SIP 18 SAB 18 SAB 15   AST DYB 12 SAB 19 SIP 14 SAB 14 SAB 20 3 2 1 . 3 1 - 01 --
WTC   WTR DYB 16 SIP 19 SIP 18 SAB 18 SAB 15   AST DYB 12 SAB 19 DYB 14 SAB 14 SAB 20 3 2 1 . 3 1 - 01 --
WTC   WTR DYB 16 SIP 19 SIP 18 SAB 18 SAB 15   WTR DYB 12 SAB 19 DYB 14 SAB 14 SAB 20 3 2 1 . 3 1 - 01 --
WTC   WTR DYB 16 SIP 19 DYB 18 SAB 18 SAB 15   WTR DYB 12 SAB 19 DYB 14 SAB 14 SAB 20 3 2 1 . 3 1 - 01 --
WTC   WTR DYB 16 SIP 19 DYB 18 SAB 18 SAB 15   WTR DYB 12 SIP 19 DYB 14 SAB 14 SAB 20 3 2 1 . 3 1 2 01 --
WTC   WTR DYB 16 DYB 19 DYB 18 SAB 18 SAB 15   WTR DYB 12 SIP 19 DYB 14 SAB 14 SAB 20 3 2 1 . 3 1 2 01 --
WTC   WTR DYB 16 DYB 19 DYB 18 SAB 18 SAB 15   WTR DYB 12 DYB 19 DYB 14 SAB 14 SAB 20 3 2 1 . 3 1 2 01 --
WTC   WTR DYB 16 DYB 19 DYB 18 SAB 18 SAB 15   WTR DYB 12 DYB 19 DYB 14 SAB 14 SAB 20 3 2 1 . 3 1 2 01 --
WTC   WTR DYB 16 DYB 19 DYB 18 SAB 18 SAB 15   WTR DYB 12 DYB 19 DYB 14 SAB 14 SAB 20 3 2 1 . 3 1 2 01 --
WTC   WTR DYB 16 DYB 19 DYB 18 SAB 18 SAB 15   WTR DYB 12 DYB 19 DYB 14 SAB 14 SAB 20 3 2 1 . 3 1 2 01 --
WTC   WTR DYB 16 DYB 19 DYB 18 SAB 18 SAB 15   WTR DYB 12 DYB 19 DYB 14 SAB 14 SAB 20 3 2 1 . 3 1 2 01 --
WTC   WTR DYB 16 DYB 19 DYB 18 SAB 18 SAB 15   WTR DYB 12 DYB 19 DYB 14 SAB 14 SAB 20 3 2 1 . 3 1 2 01 --
WTC   WTR DYB 16 DYB 19 DYB 18 SAB 18 SAB 15   WTR DYB 12 DYB 19 DYB 14 SAB 14 SAB 20 3 2 1 . 3 1 2 01 --
WTC   WTR DYB 16 DYB 19 DYB 18 SAB 18 SAB 15   WTR DYB 12 SAB 18 DYB 14 SAB 14 SAB 20 3 2 1 . 3 1 - 01 --
WTC   WRC DYB 16 DYB 19 DYB 18 SAB 18 SAB 15   WTR DYB 12 SAB 18 DYB 14 SAB 14 SAB 20 3 2 1 . 3 1 - 01 --
WTC   WRC SAB 15 DYB 19 DYB 18 SAB 18 SAB 15   WTR DYB 12 SAB 18 DYB 14 SAB 14 SAB 20 3 2 - . 3 1 - 01 --
WTC   WRC SAB 15 SAB 18 DYB 18 SAB 18 SAB 15   WTR DYB 12 SAB 18 DYB 14 SAB 14 SAB 20 3 - - . 3 1 - 01 --
WTC   WRC SAB 15 SAB 18 DYB 18 SAB 18 SAB 15   WTR SAB 11 SAB 18 DYB 14 SAB 14 SAB 20 3 - - . 3 - - 01 --
WTC   WRC SAB 15 SAB 18 SAB 17 SAB 18 SAB 15   WTR SAB 11 SAB 18 DYB 14 SAB 14 SAB 20 - - - . 3 - - 01 --
WTC   WRC SAB 15 SAB 18 SAB 17 SAB 18 SAB 15   WTR SAB 11 SAB 18 SAB 13 SAB 14 SAB 20 - - - . - - - 01 --
WTC   WRC SAB 15 SAB 18 SAB 17 SAB 18 SAB 15   WRC SAB 11 SAB 18 SAB 13 SAB 14 SAB 20 - - - . - - - 01 --
TSR   WRC SAB 15 SAB 18 SAB 17 SAB 18 SAB 15   WRC SAB 11 SAB 18 SAB 13 SAB 14 SAB 20 - - - . - - - 02 --
TSR   AST SAB 15 SAB 18 SAB 17 SAB 18 SAB 15   WRC SAB 11 SAB 18 SAB 13 SAB 14 SAB 20 - - - . - - - 02 --
TSR   AST SAB 15 SAB 18 SAB 17 SAB 18 SAB 15   AST SAB 11 SAB 18 SAB 13 SAB 14 SAB 20 - - - . - - - 02 --
TSR   AST SAB 15 SAB 18 SAB 17 SAB 18 SAB 15   AST SIP 11 SAB 18 SAB 13 SAB 14 SAB 20 - - - . 1 - - 02 --
TSR   AST SAB 15 SAB 18 SAB 17 SAB 18 SAB 15   AST SIP 11 SIP 18 SAB 13 SAB 14 SAB 20 - - - . 1 2 - 02 --
TSR   AST SAB 15 SAB 18 SAB 17 SAB 18 SIP 16   AST SIP 11 SIP 18 SAB 13 SAB 14 SAB 20 - - 5 . 1 2 - 02 --
TSR   AST SAB 15 SAB 18 SAB 17 SAB 18 SIP 16   AST SIP 11 SIP 18 SAB 13 SAB 14 SIP 21 - - 5 . 1 2 5 02 --
TSR   AST SIP 15 SAB 18 SAB 17 SAB 18 SIP 16   AST SIP 11 SIP 18 SAB 13 SAB 14 SIP 21 - 1 5 . 1 2 5 02 --
TSR   AST SIP 15 SIP 18 SAB 17 SAB 18 SIP 16   AST SIP 11 SIP 18 SAB 13 SAB 14 SIP 21 2 1 5 . 1 2 5 02 --
TSR   WTR SIP 15 SIP 18 SAB 17 SAB 18 SIP 16   AST SIP 11 SIP 18 SAB 13 SAB 14 SIP 21 2 1 5 . 1 2 5 02 --
TSR   WTR SIP 15 SIP 18 SAB 17 SAB 18 SIP 16   WTR SIP 11 SIP 18 SAB 13 SAB 14 SIP 21 2 1 5 . 1 2 5 02 --
TSR   WTR SIP 15 SIP 18 SAB 17 SAB 18 DYB 16   WTR SIP 11 SIP 18 SAB 13 SAB 14 SIP 21 2 1 5 . 1 2 5 02 --
TSR   WTR SIP 15 SIP 18 SAB 17 SAB 18 DYB 16   WTR SIP 11 SIP 18 SAB 13 SAB 14 DYB 21 2 1 5 . 1 2 5 02 00
TSR   WTR DYB 15 SIP 18 SAB 17 SAB 18 DYB 16   WTR SIP 11 SIP 18 SAB 13 SAB 14 DYB 21 2 1 5 . 1 2 5 02 00
TSR   WTR DYB 15 SIP 18 SAB 17 SAB 18 DYB 16   WTR DYB 11 SIP 18 SAB 13 SAB 14 DYB 21 2 1 5 . 1 2 5 02 00
WTC   WTR DYB 15 SIP 18 SAB 17 SAB 18 DYB 16   WTR DYB 11 SIP 18 SAB 13 SAB 14 DYB 21 2 1 5 . 1 2 5 02 00
WTC   WTR DYB 15 DYB 18 SAB 17 SAB 18 DYB 16   WTR DYB 11 SIP 18 SAB 13 SAB 14 DYB 21 2 1 5 . 1 2 5 02 00
WTC   WTR DYB 15 DYB 18 SAB 17 SAB 18 DYB 16   WRC DYB 11 SIP 18 SAB 13 SAB 14 DYB 21 2 1 5 . 1 2 5 02 00
WTC   WRC DYB 15 DYB 18 SAB 17 SAB 18 DYB 16   WRC DYB 11 SIP 18 SAB 13 SAB 14 DYB 21 2 1 5 . 1 2 5 02 00
WTC   WRC DYB 15 DYB 18 SAB 17 SAB 18 DYB 16   WRC DYB 11 DYB 18 SAB 13 SAB 14 DYB 21 2 1 5 . 1 2 5 02 00
WTC   WRC DYB 15 DYB 18 SAB 17 SAB 18 DYB 16   WRC DYB 11 DYB 18 SAB 13 SAB 14 DYB 21 2 1 5 . 1 2 5 02 00
WTC   WRC DYB 15 DYB 18 SAB 17 SAB 18 DYB 16   WRC DYB 11 DYB 18 SAB 13 SAB 14 DYB 21 2 1 5 . 1 2 5 02 00
WTC   WRC DYB 15 DYB 18 SAB 17 SAB 18 DYB 16   WRC DYB 11 DYB 18 SAB 13 SAB 14 DYB 21 2 1 5 . 1 2 5 02 00
WTC   WRC DYB 15 DYB 18 SAB 17 SAB 18 DYB 16   WRC DYB 11 DYB 18 SAB 13 SAB 14 DYB 21 2 1 5 . 1 2 5 02 00
WTC   WRC DYB 15 DYB 18 SAB 17 SAB 18 DYB 16   WRC DYB 11 DYB 18 SAB 13 SAB 14 DYB 21 2 1 5 . 1 2 5 02 00
WTC   WRC DYB 15 DYB 18 SAB 17 SAB 18 DYB 16   WRC DYB 11 DYB 18 SAB 13 SAB 14 DYB 21 2 1 5 . 1 2 5 02 00
WTC   WRC DYB 15 DYB 18 SAB 17 SAB 18 DYB 16   WRC DYB 11 SAB 17 SAB 13 SAB 14 DYB 21 2 1 5 . 1 - 5 02 00
WTC   WRC DYB 15 DYB 18 SAB 17 SAB 18 DYB 16   WRC DYB 11 SAB 17 SAB 13 SAB 14 SAB 20 2 1 5 . 1 - - 02 00
WTC   WRC SAB 14 DYB 18 SAB 17 SAB 18 DYB 16   WRC DYB 11 SAB 17 SAB 13 SAB 14 SAB 20 2 - 5 . 1 - - 02 00
WTC   WRC SAB 14 DYB 18 SAB 17 SAB 18 SAB 15   WRC DYB 11 SAB 17 SAB 13 SAB 14 SAB 20 2 - - . 1 - - 02 00
WTC   WRC SAB 14 SAB 17 SAB 17 SAB 18 SAB 15   WRC DYB 11 SAB 17 SAB 13 SAB 14 SAB 20 - - - . 1 - - 02 00
WTC   WRC SAB 14 SAB 17 SAB 17 SAB 18 SAB 15   WRC SAB 10 SAB 17 SAB 13 SAB 14 SAB 20 - - - . - - - 02 --
WTC   WRC SAB 14 SAB 17 SAB 17 SAB 18 SAB 15   WRC SAB 10 SAB 17 SAB 13 SIP 15 SAB 20 - - - . 4 - - 02 --
WTC   AST SAB 14 SAB 17 SAB 17 SAB 18 SAB 15   WRC SAB 10 SAB 17 SAB 13 SIP 15 SAB 20 - - - . 4 - - 02 --
WTC   AST SAB 14 SAB 17 SAB 17 SAB 18 SAB 15   AST SAB 10 SAB 17 SAB 13 SIP 15 SAB 20 - - - . 4 - - 02 --
TSR   AST SAB 14 SAB 17 SAB 17 SAB 18 SAB 15   AST SAB 10 SAB 17 SAB 13 SIP 15 SAB 20 - - - . 4 - - 03 --
TSR   AST SIP 14 SAB 17 SAB 17 SAB 18 SAB 15   AST SAB 10 SAB 17 SAB 13 SIP 15 SAB 20 - - 1 . 4 - - 03 --
TSR   AST SIP 14 SAB 17 SAB 17 SIP 19 SAB 15   AST SAB 10 SAB 17 SAB 13 SIP 15 SAB 20 - 4 1 . 4 - - 03 --
TSR   AST SIP 14 SAB 17 SAB 17 SIP 19 SAB 15   AST SIP 10 SAB 17 SAB 13 SIP 15 SAB 20 - 4 1 . 4 1 - 03 --
TSR   AST SIP 14 SAB 17 SAB 17 SIP 19 SAB 15   AST SIP 10 SAB 17 SAB 13 SIP 15 SIP 20 - 4 1 . 4 1 5 03 --
TSR   WTR SIP 14 SAB 17 SAB 17 SIP 19 SAB 15   AST SIP 10 SAB 17 SAB 13 SIP 15 SIP 20 - 4 1 . 4 1 5 03 --
TSR   WTR SIP 14 SAB 17 SAB 17 SIP 19 SAB 15   WTR SIP 10 SAB 17 SAB 13 SIP 15 SIP 20 - 4 1 . 4 1 5 03 --
TSR   WTR SIP 14 SAB 17 SAB 17 DYB 19 SAB 15   WTR SIP 10 SAB 17 SAB 13 SIP 15 SIP 20 - 4 1 . 4 1 5 03 --
TSR   WTR DYB 14 SAB 17 SAB 17 DYB 19 SAB 15   WTR SIP 10 SAB 17 SAB 13 SIP 15 SIP 20 - 4 1 . 4 1 5 03 00
TSR   WTR DYB 14 SAB 17 SAB 17 DYB 19 SAB 15   WTR DYB 10 SAB 17 SAB 13 SIP 15 SIP 20 - 4 1 . 4 1 5 03 00
TSR   WTR DYB 14 SAB 17 SAB 17 DYB 19 SAB 15   WTR DYB 10 SAB 17 SAB 13 SIP 15 DYB 20 - 4 1 . 4 1 5 03 00
WTC   WTR DYB 14 SAB 17 SAB 17 DYB 19 SAB 15   WTR DYB 10 SAB 17 SAB 13 SIP 15 DYB 20 - 4 1 . 4 1 5 03 00
WTC   WRC DYB 14 SAB 17 SAB 17 DYB 19 SAB 15   WTR DYB 10 SAB 17 SAB 13 SIP 15 DYB 20 - 4 1 . 4 1 5 03 00
WTC   WRC DYB 14 SAB 17 SAB 17 DYB 19 SAB 15   WTR DYB 10 SAB 17 SAB 13 DYB 15 DYB 20 - 4 1 . 4 1 5 03 00
WTC   WRC DYB 14 SAB 17 SAB 17 DYB 19 SAB 15   WRC DYB 10 SAB 17 SAB 13 DYB 15 DYB 20 - 4 1 . 4 1 5 03 00
WTC   WRC DYB 14 SAB 17 SAB 17 DYB 19 SIP 15   WRC DYB 10 SAB 17 SAB 13 DYB 15 DYB 20 5 4 1 . 4 1 5 03 00
WTC   WRC DYB 14 SAB 17 SAB 17 DYB 19 DYB 15   WRC DYB 10 SAB 17 SAB 13 DYB 15 DYB 20 5 4 1 . 4 1 5 03 00
WTC   WRC DYB 14 SAB 17 SAB 17 DYB 19 DYB 15   WRC DYB 10 SAB 17 SAB 13 DYB 15 DYB 20 5 4 1 . 4 1 5 03 00
WTC   WRC DYB 14 SAB 17 SAB 17 DYB 19 DYB 15   WRC DYB 10 SAB 17 SAB 13 DYB 15 DYB 20 5 4 1 . 4 1 5 03 00
WTC   WRC DYB 14 SAB 17 SAB 17 DYB 19 DYB 15   WRC DYB 10 SAB 17 SAB 13 DYB 15 DYB 20 5 4 1 . 4 1 5 03 00
WTC   WRC DYB 14 SAB 17 SAB 17 DYB 19 DYB 15   WRC DYB 10 SAB 17 SAB 13 DYB 15 DYB 20 5 4 1 . 4 1 5 03 00
WTC   WRC DYB 14 SAB 17 SAB 17 DYB 19 DYB 15   WRC DYB 10 SAB 17 SAB 13 DYB 15 DYB 20 5 4 1 . 4 1 5 03 00
WTC   WRC DYB 14 SAB 17 SAB 17 DYB 19 DYB 15   WRC DYB 10 SAB 17 SAB 13 DYB 15 DYB 20 5 4 1 . 4 1 5 03 00
WTC   WRC DYB 14 SAB 17 SAB 17 DYB 19 DYB 15   WRC SAB 09 SAB 17 SAB 13 DYB 15 DYB 20 5 4 1 . 4 - 5 03 00
WTC   WRC DYB 14 SAB 17 SAB 17 DYB 19 SAB 14   WRC SAB 09 SAB 17 SAB 13 DYB 15 DYB 20 - 4 1 . 4 - 5 03 00
WTC   WRC DYB 14 SAB 17 SAB 17 DYB 19 SAB 14   WRC SAB 09 SAB 17 SAB 13 SAB 14 DYB 20 - 4 1 . - - 5 03 00
WTC   WRC DYB 14 SAB 17 SAB 17 DYB 19 SAB 14   WRC SAB 09 SAB 17 SAB 13 SAB 14 SAB 19 - 4 1 . - - - 03 --
WTC   WRC DYB 14 SAB 17 SAB 17 SAB 18 SAB 14   WRC SAB 09 SAB 17 SAB 13 SAB 14 SAB 19 - - 1 . - - - 03 --
WTC   WRC SAB 13 SAB 17 SAB 17 SAB 18 SAB 14   WRC SAB 09 SAB 17 SAB 13 SAB 14 SAB 19 - - - . - - - 03 --
TSR   WRC SAB 13 SAB 17 SAB 17 SAB 18 SAB 14   WRC SAB 09 SAB 17 SAB 13 SAB 14 SAB 19 - - - . - - - 04 --
TSR   WRC SAB 13 SAB 17 SAB 17 SIP 18 SAB 14   WRC SAB 09 SAB 17 SAB 13 SAB 14 SAB 19 - - 4 . - - - 04 --
TSR   WRC SAB 13 SAB 17 SAB 17 SIP 18 SAB 14   WRC SAB 09 SAB 17 SAB 13 SAB 14 SIP 19 - - 4 . 5 - - 04 --
TSR   WRC SAB 13 SAB 17 SAB 17 SIP 18 SAB 14   AST SAB 09 SAB 17 SAB 13 SAB 14 SIP 19 - - 4 . 5 - - 04 --
TSR   AST SAB 13 SAB 17 SAB 17 SIP 18 SAB 14   AST SAB 09 SAB 17 SAB 13 SAB 14 SIP 19 - - 4 . 5 - - 04 --
TSR   AST SAB 13 SAB 17 SIP 18 SIP 18 SAB 14   AST SAB 09 SAB 17 SAB 13 SAB 14 SIP 19 - 3 4 . 5 - - 04 --
TSR   AST SAB 13 SAB 17 SIP 18 SIP 18 SAB 14   AST SAB 09 SAB 17 SIP 14 SAB 14 SIP 19 - 3 4 . 5 3 - 04 --
TSR   AST SAB 13 SAB 17 SIP 18 SIP 18 SIP 14   AST SAB 09 SAB 17 SIP 14 SAB 14 SIP 19 5 3 4 . 5 3 - 04 --
TSR   AST SAB 13 SAB 17 SIP 18 SIP 18 SIP 14   AST SAB 09 SAB 17 SIP 14 SIP 14 SIP 19 5 3 4 . 5 3 4 04 --
TSR   AST SAB 13 SAB 17 SIP 18 SIP 18 SIP 14   AST SAB 09 SAB 17 SIP 14 SIP 14 DYB 19 5 3 4 . 5 3 4 04 --
TSR   WTR SAB 13 SAB 17 SIP 18 SIP 18 SIP 14   AST SAB 09 SAB 17 SIP 14 SIP 14 DYB 19 5 3 4 . 5 3 4 04 --
TSR   WTR SAB 13 SAB 17 SIP 18 DYB 18 SIP 14   AST SAB 09 SAB 17 SIP 14 SIP 14 DYB 19 5 3 4 . 5 3 4 04 --
TSR   WTR SAB 13 SAB 17 SIP 18 DYB 18 SIP 14   WTR SAB 09 SAB 17 SIP 14 SIP 14 DYB 19 5 3 4 . 5 3 4 04 --
TSR   WTR SAB 13 SAB 17 SIP 18 DYB 18 SIP 14   WTR SAB 09 SAB 17 SIP 14 DYB 14 DYB 19 5 3 4 . 5 3 4 04 --
TSR   WTR SAB 13 SAB 17 DYB 18 DYB 18 SIP 14   WTR SAB 09 SAB 17 SIP 14 DYB 14 DYB 19 5 3 4 . 5 3 4 04 --
TSR   WRC SAB 13 SAB 17 DYB 18 DYB 18 SIP 14   WTR SAB 09 SAB 17 SIP 14 DYB 14 DYB 19 5 3 4 . 5 3 4 04 --
TSR   WRC SAB 13 SAB 17 DYB 18 DYB 18 SIP 14   WRC SAB 09 SAB 17 SIP 14 DYB 14 DYB 19 5 3 4 . 5 3 4 04 --
TSR   WRC SAB 13 SAB 17 DYB 18 DYB 18 DYB 14   WRC SAB 09 SAB 17 SIP 14 DYB 14 DYB 19 5 3 4 . 5 3 4 04 --
TSR   WRC SAB 13 SAB 17 DYB 18 DYB 18 DYB 14   WRC SAB 09 SAB 17 DYB 14 DYB 14 DYB 19 5 3 4 . 5 3 4 04 00
WTC   WRC SAB 13 SAB 17 DYB 18 DYB 18 DYB 14   WRC SAB 09 SAB 17 DYB 14 DYB 14 DYB 19 5 3 4 . 5 3 4 04 00
WTC   WRC SAB 13 SAB 17 DYB 18 DYB 18 DYB 14   WRC SAB 09 SAB 17 DYB 14 DYB 14 DYB 19 5 3 4 . 5 3 4 04 00
WTC   WRC SAB 13 SAB 17 DYB 18 DYB 18 DYB 14   WRC SAB 09 SAB 17 DYB 14 DYB 14 DYB 19 5 3 4 . 5 3 4 04 00
WTC   WRC SAB 13 SAB 17 DYB 18 DYB 18 DYB 14   WRC SAB 09 SAB 17 DYB 14 DYB 14 DYB 19 5 3 4 . 5 3 4 04 00
WTC   WRC SAB 13 SAB 17 DYB 18 DYB 18 DYB 14   WRC SAB 09 SAB 17 DYB 14 DYB 14 DYB 19 5 3 4 . 5 3 4 04 00
WTC   WRC SAB 13 SAB 17 DYB 18 DYB 18 DYB 14   WRC SAB 09 SAB 17 DYB 14 DYB 14 DYB 19 5 3 4 . 5 3 4 04 00
WTC   WRC SAB 13 SAB 17 DYB 18 DYB 18 DYB 14   WRC SAB 09 SAB 17 DYB 14 DYB 14 DYB 19 5 3 4 . 5 3 4 04 00
WTC   WRC SAB 13 SAB 17 SAB 17 DYB 18 DYB 14   WRC SAB 09 SAB 17 DYB 14 DYB 14 DYB 19 5 - 4 . 5 3 4 04 00
WTC   WRC SAB 13 SAB 17 SAB 17 DYB 18 DYB 14   WRC SAB 09 SAB 17 SAB 13 DYB 14 DYB 19 5 - 4 . 5 - 4 04 -3
WTC   WRC SAB 13 SAB 17 SAB 17 SAB 17 DYB 14   WRC SAB 09 SAB 17 SAB 13 DYB 14 DYB 19 5 - - . 5 - 4 04 -3
WTC   WRC SAB 13 SAB 17 SAB 17 SAB 17 DYB 14   WRC SAB 09 SAB 17 SAB 13 SAB 13 DYB 19 5 - - . 5 - - 04 -3
WTC   WRC SAB 13 SAB 17 SAB 17 SAB 17 SAB 13   WRC SAB 09 SAB 17 SAB 13 SAB 13 DYB 19 - - - . 5 - - 04 -3
WTC   WRC SAB 13 SAB 17 SAB 17 SAB 17 SAB 13   WRC SAB 09 SAB 17 SAB 13 SAB 13 SAB 18 - - - . - - - 04 --
WTC   WRC SAB 13 SIP 18 SAB 17 SAB 17 SAB 13   WRC SAB 09 SAB 17 SAB 13 SAB 13 SAB 18 - - 2 . - - - 04 --
WTC   WRC SAB 13 SIP 18 SAB 17 SAB 17 SAB 13   WRC SAB 09 SIP 18 SAB 13 SAB 13 SAB 18 - - 2 . 2 - - 04 --
WTC   WRC SAB 13 SIP 18 SAB 17 SAB 17 SAB 13   AST SAB 09 SIP 18 SAB 13 SAB 13 SAB 18 - - 2 . 2 - - 04 --
WTC   AST SAB 13 SIP 18 SAB 17 SAB 17 SAB 13   AST SAB 09 SIP 18 SAB 13 SAB 13 SAB 18 - - 2 . 2 - - 04 --
TSR   AST SAB 13 SIP 18 SAB 17 SAB 17 SAB 13   AST SAB 09 SIP 18 SAB 13 SAB 13 SAB 18 - - 2 . 2 - - 05 --
TSR   AST SAB 13 SIP 18 SIP 17 SAB 17 SAB 13   AST SAB 09 SIP 18 SAB 13 SAB 13 SAB 18 - 3 2 . 2 - - 05 --
TSR   WTR SAB 13 SIP 18 SIP 17 SAB 17 SAB 13   AST SAB 09 SIP 18 SAB 13 SAB 13 SAB 18 - 3 2 . 2 - - 05 --
TSR   WTR SAB 13 SIP 18 SIP 17 SAB 17 SAB 13   AST SAB 09 SIP 18 SIP 13 SAB 13 SAB 18 - 3 2 . 2 3 - 05 --
TSR   WTR SAB 13 SIP 18 SIP 17 SAB 17 SAB 13   AST SAB 09 DYB 18 SIP 13 SAB 13 SAB 18 - 3 2 . 2 3 - 05 --
TSR   WTR SAB 13 DYB 18 SIP 17 SAB 17 SAB 13   AST SAB 09 DYB 18 SIP 13 SAB 13 SAB 18 - 3 2 . 2 3 - 05 00
TSR   WTR SAB 13 DYB 18 SIP 17 SAB 17 SAB 13   WTR SAB 09 DYB 18 SIP 13 SAB 13 SAB 18 - 3 2 . 2 3 - 05 00
TSR   WTR SAB 13 DYB 18 SIP 17 SIP 17 SAB 13   WTR SAB 09 DYB 18 SIP 13 SAB 13 SAB 18 4 3 2 . 2 3 - 05 00
TSR   WTR SAB 13 DYB 18 SIP 17 SIP 17 SAB 13   WTR SAB 09 DYB 18 SIP 13 SIP 13 SAB 18 4 3 2 . 2 3 4 05 00
WTC   WTR SAB 13 DYB 18 SIP 17 SIP 17 SAB 13   WTR SAB 09 DYB 18 SIP 13 SIP 13 SAB 18 4 3 2 . 2 3 4 05 00
WTC   WRC SAB 13 DYB 18 SIP 17 SIP 17 SAB 13   WTR SAB 09 DYB 18 SIP 13 SIP 13 SAB 18 4 3 2 . 2 3 4 05 00
WTC   WRC SAB 13 DYB 18 SIP 17 DYB 17 SAB 13   WTR SAB 09 DYB 18 SIP 13 SIP 13 SAB 18 4 3 2 . 2 3 4 05 00
WTC   WRC SAB 13 DYB 18 DYB 17 DYB 17 SAB 13   WTR SAB 09 DYB 18 SIP 13 SIP 13 SAB 18 4 3 2 . 2 3 4 05 00
WTC   WRC SAB 13 DYB 18 DYB 17 DYB 17 SAB 13   WTR SAB 09 DYB 18 DYB 13 SIP 13 SAB 18 4 3 2 . 2 3 4 05 00
WTC   WRC SAB 13 DYB 18 DYB 17 DYB 17 SAB 13   WTR SAB 09 DYB 18 DYB 13 DYB 13 SAB 18 4 3 2 . 2 3 4 05 00
WTC   WRC SAB 13 DYB 18 DYB 17 DYB 17 SAB 13   WRC SAB 09 DYB 18 DYB 13 DYB 13 SAB 18 4 3 2 . 2 3 4 05 00
WTC   WRC SAB 13 DYB 18 DYB 17 DYB 17 SAB 13   WRC SAB 09 DYB 18 DYB 13 DYB 13 SAB 18 4 3 2 . 2 3 4 05 00
WTC   WRC SAB 13 DYB 18 DYB 17 DYB 17 SAB 13   WRC SAB 09 DYB 18 DYB 13 DYB 13 SAB 18 4 3 2 . 2 3 4 05 00
WTC   WRC SAB 13 DYB 18 DYB 17 DYB 17 SAB 13   WRC SAB 09 DYB 18 DYB 13 DYB 13 SAB 18 4 3 2 . 2 3 4 05 00
WTC   WRC SAB 13 DYB 18 DYB 17 DYB 17 SAB 13   WRC SAB 09 DYB 18 DYB 13 DYB 13 SAB 18 4 3 2 . 2 3 4 05 00
WTC   WRC SAB 13 DYB 18 DYB 17 DYB 17 SAB 13   WRC SAB 09 DYB 18 DYB 13 DYB 13 SAB 18 4 3 2 . 2 3 4 05 00
WTC   WRC SAB 13 DYB 18 DYB 17 DYB 17 SAB 13   WRC SAB 09 DYB 18 DYB 13 DYB 13 SAB 18 4 3 2 . 2 3 4 05 00
WTC   WRC SAB 13 DYB 18 DYB 17 DYB 17 SAB 13   WRC SAB 09 DYB 18 SAB 12 DYB 13 SAB 18 4 3 2 . 2 - 4 05 00
WTC   WRC SAB 13 DYB 18 SAB 16 DYB 17 SAB 13   WRC SAB 09 DYB 18 SAB 12 DYB 13 SAB 18 4 - 2 . 2 - 4 05 00
WTC   WRC SAB 13 DYB 18 SAB 16 SAB 16 SAB 13   WRC SAB 09 DYB 18 SAB 12 DYB 13 SAB 18 - - 2 . 2 - 4 05 -8
WTC   WRC SAB 13 DYB 18 SAB 16 SAB 16 SAB 13   WRC SAB 09 SAB 17 SAB 12 DYB 13 SAB 18 - - 2 . - - 4 05 --
WTC   WRC SAB 13 SAB 17 SAB 16 SAB 16 SAB 13   WRC SAB 09 SAB 17 SAB 12 DYB 13 SAB 18 - - - . - - 4 05 --
WTC   WRC SAB 13 SAB 17 SAB 16 SAB 16 SAB 13   WRC SAB 09 SAB 17 SAB 12 SAB 12 SAB 18 - - - . - - - 05 --
WTC   WRC SAB 13 SAB 17 SAB 16 SAB 16 SAB 13   WRC SIP 10 SAB 17 SAB 12 SAB 12 SAB 18 - - - . 1 - - 05 --
TSR   WRC SAB 13 SAB 17 SAB 16 SAB 16 SAB 13   WRC SIP 10 SAB 17 SAB 12 SAB 12 SAB 18 - - - . 1 - - 06 --
TSR   WRC SAB 13 SAB 17 SAB 16 SAB 16 SAB 13   AST SIP 10 SAB 17 SAB 12 SAB 12 SAB 18 - - - . 1 - - 06 --
TSR   AST SAB 13 SAB 17 SAB 16 SAB 16 SAB 13   AST SIP 10 SAB 17 SAB 12 SAB 12 SAB 18 - - - . 1 - - 06 --
TSR   AST SIP 14 SAB 17 SAB 16 SAB 16 SAB 13   AST SIP 10 SAB 17 SAB 12 SAB 12 SAB 18 - - 1 . 1 - - 06 --
TSR   AST SIP 14 SAB 17 SAB 16 SAB 16 SAB 13   AST SIP 10 SIP 17 SAB 12 SAB 12 SAB 18 - - 1 . 1 2 - 06 --
TSR   AST SIP 14 SAB 17 SAB 16 SAB 16 SAB 13   AST SIP 10 SIP 17 SIP 12 SAB 12 SAB 18 - - 1 . 1 2 3 06 --
TSR   AST SIP 14 SAB 17 SIP 16 SAB 16 SAB 13   AST SIP 10 SIP 17 SIP 12 SAB 12 SAB 18 - 3 1 . 1 2 3 06 --
TSR   AST SIP 14 SAB 17 SIP 16 SAB 16 SAB 13   AST DYB 10 SIP 17 SIP 12 SAB 12 SAB 18 - 3 1 . 1 2 3 06 --
TSR   AST DYB 14 SAB 17 SIP 16 SAB 16 SAB 13   AST DYB 10 SIP 17 SIP 12 SAB 12 SAB 18 - 3 1 . 1 2 3 06 --
TSR   AST DYB 14 SIP 17 SIP 16 SAB 16 SAB 13   AST DYB 10 SIP 17 SIP 12 SAB 12 SAB 18 2 3 1 . 1 2 3 06 --
TSR   AST DYB 14 SIP 17 SIP 16 SAB 16 SAB 13   WTR DYB 10 SIP 17 SIP 12 SAB 12 SAB 18 2 3 1 . 1 2 3 06 --
TSR   WTR DYB 14 SIP 17 SIP 16 SAB 16 SAB 13   WTR DYB 10 SIP 17 SIP 12 SAB 12 SAB 18 2 3 1 . 1 2 3 06 --
TSR   WTR DYB 14 SIP 17 SIP 16 SAB 16 SAB 13   WTR DYB 10 DYB 17 SIP 12 SAB 12 SAB 18 2 3 1 . 1 2 3 06 00
TSR   WTR DYB 14 DYB 17 SIP 16 SAB 16 SAB 13   WTR DYB 10 DYB 17 SIP 12 SAB 12 SAB 18 2 3 1 . 1 2 3 06 00
TSR   WTR DYB 14 DYB 17 SIP 16 SAB 16 SAB 13   WTR DYB 10 DYB 17 DYB 12 SAB 12 SAB 18 2 3 1 . 1 2 3 06 00
WTC   WTR DYB 14 DYB 17 SIP 16 SAB 16 SAB 13   WTR DYB 10 DYB 17 DYB 12 SAB 12 SAB 18 2 3 1 . 1 2 3 06 00
WTC   WTR DYB 14 DYB 17 DYB 16 SAB 16 SAB 13   WTR DYB 10 DYB 17 DYB 12 SAB 12 SAB 18 2 3 1 . 1 2 3 06 00
WTC   WTR DYB 14 DYB 17 DYB 16 SAB 16 SAB 13   WRC DYB 10 DYB 17 DYB 12 SAB 12 SAB 18 2 3 1 . 1 2 3 06 00
WTC   WRC DYB 14 DYB 17 DYB 16 SAB 16 SAB 13   WRC DYB 10 DYB 17 DYB 12 SAB 12 SAB 18 2 3 1 . 1 2 3 06 00
WTC   WRC DYB 14 DYB 17 DYB 16 SAB 16 SAB 13   WRC DYB 10 DYB 17 DYB 12 SAB 12 SAB 18 2 3 1 . 1 2 3 06 00
WTC   WRC DYB 14 DYB 17 DYB 16 SAB 16 SAB 13   WRC DYB 10 DYB 17 DYB 12 SAB 12 SAB 18 2 3 1 . 1 2 3 06 00
WTC   WRC DYB 14 DYB 17 DYB 16 SAB 16 SAB 13   WRC DYB 10 DYB 17 DYB 12 SAB 12 SAB 18 2 3 1 . 1 2 3 06 00
WTC   WRC DYB 14 DYB 17 DYB 16 SAB 16 SAB 13   WRC DYB 10 DYB 17 DYB 12 SAB 12 SAB 18 2 3 1 . 1 2 3 06 00
WTC   WRC DYB 14 DYB 17 DYB 16 SAB 16 SAB 13   WRC DYB 10 DYB 17 DYB 12 SAB 12 SAB 18 2 3 1 . 1 2 3 06 00
WTC   WRC DYB 14 DYB 17 DYB 16 SAB 16 SAB 13   WRC DYB 10 DYB 17 DYB 12 SAB 12 SAB 18 2 3 1 . 1 2 3 06 00
WTC   WRC DYB 14 DYB 17 DYB 16 SAB 16 SAB 13   WRC DYB 10 SAB 16 DYB 12 SAB 12 SAB 18 2 3 1 . 1 - 3 06 00
WTC   WRC DYB 14 SAB 16 DYB 16 SAB 16 SAB 13   WRC DYB 10 SAB 16 DYB 12 SAB 12 SAB 18 - 3 1 . 1 - 3 06 -8
WTC   WRC DYB 14 SAB 16 DYB 16 SAB 16 SAB 13   WRC DYB 10 SAB 16 SAB 11 SAB 12 SAB 18 - 3 1 . 1 - - 06 -8
WTC   WRC DYB 14 SAB 16 SAB 15 SAB 16 SAB 13   WRC DYB 10 SAB 16 SAB 11 SAB 12 SAB 18 - - 1 . 1 - - 06 -8
WTC   WRC SAB 13 SAB 16 SAB 15 SAB 16 SAB 13   WRC DYB 10 SAB 16 SAB 11 SAB 12 SAB 18 - - - . 1 - - 06 -8
WTC   WRC SAB 13 SAB 16 SAB 15 SAB 16 SAB 13   WRC SAB 09 SAB 16 SAB 11 SAB 12 SAB 18 - - - . - - - 06 --
EOG   WRC SAB 13 SAB 16 SAB 15 SAB 16 SAB 13   WRC SAB 09 SAB 16 SAB 11 SAB 12 SAB 18 - - - . - - - 06 --
Game 1 was won by team 1 by points.
SOG   WRC SAB 13 SAB 16 SAB 15 SAB 16 SAB 13   WRC SAB 09 SAB 16 SAB 11 SAB 12 SAB 18 - - - . - - - 06 --
Game 2 
Ref Coa 1 Cont 1 Cont 2 Cont 3 Cont 4 Cont 5 Coa 2 Cont 1 Cont 2 Cont 3 Cont 4 Cont 5     Trial    
Sta  Stat Sta SG Sta SG Sta SG Sta SG Sta SG  Stat Sta SG Sta SG Sta SG Sta SG Sta SG 3 2 1 . 1 2 3 NB PS
TSR   WRC SAB 13 SAB 16 SAB 15 SAB 16 SAB 13   WRC SAB 09 SAB 16 SAB 11 SAB 12 SAB 18 - - - . - - - 01 --
TSR   AST SAB 13 SAB 16 SAB 15 SAB 16 SAB 13   WRC SAB 09 SAB 16 SAB 11 SAB 12 SAB 18 - - - . - - - 01 --
TSR   AST SAB 13 SAB 16 SAB 15 SAB 16 SAB 13   AST SAB 09 SAB 16 SAB 11 SAB 12 SAB 18 - - - . - - - 01 --
TSR   AST SAB 13 SAB 16 SAB 15 SAB 16 SAB 13   AST SAB 09 SAB 16 SAB 11 SAB 12 SIP 19 - - - . 5 - - 01 --
TSR   AST SAB 13 SAB 16 SAB 15 SAB 16 SIP 14   AST SAB 09 SAB 16 SAB 11 SAB 12 SIP 19 - - 5 . 5 - - 01 --
TSR   AST SAB 13 SIP 16 SAB 15 SAB 16 SIP 14   AST SAB 09 SAB 16 SAB 11 SAB 12 SIP 19 - 2 5 . 5 - - 01 --
TSR   AST SAB 13 SIP 16 SAB 15 SAB 16 SIP 14   AST SAB 09 SIP 16 SAB 11 SAB 12 SIP 19 - 2 5 . 5 2 - 01 --
TSR   AST SIP 13 SIP 16 SAB 15 SAB 16 SIP 14   AST SAB 09 SIP 16 SAB 11 SAB 12 SIP 19 1 2 5 . 5 2 - 01 --
TSR   AST SIP 13 SIP 16 SAB 15 SAB 16 SIP 14   AST SIP 09 SIP 16 SAB 11 SAB 12 SIP 19 1 2 5 . 5 2 1 01 --
TSR   AST SIP 13 SIP 16 SAB 15 SAB 16 SIP 14   AST SIP 09 DYB 16 SAB 11 SAB 12 SIP 19 1 2 5 . 5 2 1 01 --
TSR   AST SIP 13 DYB 16 SAB 15 SAB 16 SIP 14   AST SIP 09 DYB 16 SAB 11 SAB 12 SIP 19 1 2 5 . 5 2 1 01 --
TSR   AST SIP 13 DYB 16 SAB 15 SAB 16 SIP 14   AST SIP 09 DYB 16 SAB 11 SAB 12 DYB 19 1 2 5 . 5 2 1 01 --
TSR   WTR SIP 13 DYB 16 SAB 15 SAB 16 SIP 14   AST SIP 09 DYB 16 SAB 11 SAB 12 DYB 19 1 2 5 . 5 2 1 01 --
TSR   WTR SIP 13 DYB 16 SAB 15 SAB 16 SIP 14   WTR SIP 09 DYB 16 SAB 11 SAB 12 DYB 19 1 2 5 . 5 2 1 01 --
TSR   WTR SIP 13 DYB 16 SAB 15 SAB 16 SIP 14   WTR DYB 09 DYB 16 SAB 11 SAB 12 DYB 19 1 2 5 . 5 2 1 01 --
TSR   WTR DYB 13 DYB 16 SAB 15 SAB 16 SIP 14   WTR DYB 09 DYB 16 SAB 11 SAB 12 DYB 19 1 2 5 . 5 2 1 01 00
WTC   WTR DYB 13 DYB 16 SAB 15 SAB 16 SIP 14   WTR DYB 09 DYB 16 SAB 11 SAB 12 DYB 19 1 2 5 . 5 2 1 01 00
WTC   WTR DYB 13 DYB 16 SAB 15 SAB 16 DYB 14   WTR DYB 09 DYB 16 SAB 11 SAB 12 DYB 19 1 2 5 . 5 2 1 01 00
WTC   WRC DYB 13 DYB 16 SAB 15 SAB 16 DYB 14   WTR DYB 09 DYB 16 SAB 11 SAB 12 DYB 19 1 2 5 . 5 2 1 01 00
WTC   WRC DYB 13 DYB 16 SAB 15 SAB 16 DYB 14   WRC DYB 09 DYB 16 SAB 11 SAB 12 DYB 19 1 2 5 . 5 2 1 01 00
WTC   WRC DYB 13 DYB 16 SAB 15 SAB 16 DYB 14   WRC DYB 09 DYB 16 SAB 11 SAB 12 DYB 19 1 2 5 . 5 2 1 01 00
WTC   WRC DYB 13 DYB 16 SAB 15 SAB 16 DYB 14   WRC DYB 09 DYB 16 SAB 11 SAB 12 DYB 19 1 2 5 . 5 2 1 01 00
WTC   WRC DYB 13 DYB 16 SAB 15 SAB 16 DYB 14   WRC DYB 09 DYB 16 SAB 11 SAB 12 DYB 19 1 2 5 . 5 2 1 01 00
WTC   WRC DYB 13 DYB 16 SAB 15 SAB 16 DYB 14   WRC DYB 09 DYB 16 SAB 11 SAB 12 DYB 19 1 2 5 . 5 2 1 01 00
WTC   WRC DYB 13 DYB 16 SAB 15 SAB 16 DYB 14   WRC DYB 09 DYB 16 SAB 11 SAB 12 DYB 19 1 2 5 . 5 2 1 01 00
WTC   WRC DYB 13 DYB 16 SAB 15 SAB 16 DYB 14   WRC DYB 09 DYB 16 SAB 11 SAB 12 DYB 19 1 2 5 . 5 2 1 01 00
WTC   WRC DYB 13 SAB 15 SAB 15 SAB 16 DYB 14   WRC DYB 09 DYB 16 SAB 11 SAB 12 DYB 19 1 - 5 . 5 2 1 01 00
WTC   WRC DYB 13 SAB 15 SAB 15 SAB 16 SAB 13   WRC DYB 09 DYB 16 SAB 11 SAB 12 DYB 19 1 - - . 5 2 1 01 00
WTC   WRC DYB 13 SAB 15 SAB 15 SAB 16 SAB 13   WRC SAB 08 DYB 16 SAB 11 SAB 12 DYB 19 1 - - . 5 2 - 01 00
WTC   WRC DYB 13 SAB 15 SAB 15 SAB 16 SAB 13   WRC SAB 08 SAB 15 SAB 11 SAB 12 DYB 19 1 - - . 5 - - 01 00
WTC   WRC DYB 13 SAB 15 SAB 15 SAB 16 SAB 13   WRC SAB 08 SAB 15 SAB 11 SAB 12 SAB 18 1 - - . - - - 01 00
WTC   WRC SAB 12 SAB 15 SAB 15 SAB 16 SAB 13   WRC SAB 08 SAB 15 SAB 11 SAB 12 SAB 18 - - - . - - - 01 01
TSR   WRC SAB 12 SAB 15 SAB 15 SAB 16 SAB 13   WRC SAB 08 SAB 15 SAB 11 SAB 12 SAB 18 - - - . - - - 02 --
TSR   AST SAB 12 SAB 15 SAB 15 SAB 16 SAB 13   WRC SAB 08 SAB 15 SAB 11 SAB 12 SAB 18 - - - . - - - 02 --
TSR   AST SAB 12 SAB 15 SAB 15 SAB 16 SAB 13   WRC SAB 08 SAB 15 SAB 11 SIP 13 SAB 18 - - - . 4 - - 02 --
TSR   AST SAB 12 SAB 15 SAB 15 SAB 16 SAB 13   AST SAB 08 SAB 15 SAB 11 SIP 13 SAB 18 - - - . 4 - - 02 --
TSR   AST SAB 12 SAB 15 SAB 15 SIP 17 SAB 13   AST SAB 08 SAB 15 SAB 11 SIP 13 SAB 18 - - 4 . 4 - - 02 --
TSR   AST SAB 12 SAB 15 SAB 15 SIP 17 SIP 13   AST SAB 08 SAB 15 SAB 11 SIP 13 SAB 18 - 5 4 . 4 - - 02 --
TSR   AST SAB 12 SAB 15 SAB 15 SIP 17 SIP 13   AST SAB 08 SAB 15 SAB 11 SIP 13 SIP 18 - 5 4 . 4 5 - 02 --
TSR   AST SAB 12 SAB 15 SAB 15 SIP 17 SIP 13   AST SIP 08 SAB 15 SAB 11 SIP 13 SIP 18 - 5 4 . 4 5 1 02 --
TSR   AST SIP 12 SAB 15 SAB 15 SIP 17 SIP 13   AST SIP 08 SAB 15 SAB 11 SIP 13 SIP 18 1 5 4 . 4 5 1 02 --
TSR   AST SIP 12 SAB 15 SAB 15 SIP 17 SIP 13   AST SIP 08 SAB 15 SAB 11 DYB 13 SIP 18 1 5 4 . 4 5 1 02 --
TSR   AST SIP 12 SAB 15 SAB 15 DYB 17 SIP 13   AST SIP 08 SAB 15 SAB 11 DYB 13 SIP 18 1 5 4 . 4 5 1 02 --
TSR   AST SIP 12 SAB 15 SAB 15 DYB 17 DYB 13   AST SIP 08 SAB 15 SAB 11 DYB 13 SIP 18 1 5 4 . 4 5 1 02 --
TSR   WTR SIP 12 SAB 15 SAB 15 DYB 17 DYB 13   AST SIP 08 SAB 15 SAB 11 DYB 13 SIP 18 1 5 4 . 4 5 1 02 --
TSR   WTR SIP 12 SAB 15 SAB 15 DYB 17 DYB 13   WTR SIP 08 SAB 15 SAB 11 DYB 13 SIP 18 1 5 4 . 4 5 1 02 --
TSR   WTR SIP 12 SAB 15 SAB 15 DYB 17 DYB 13   WTR SIP 08 SAB 15 SAB 11 DYB 13 DYB 18 1 5 4 . 4 5 1 02 00
TSR   WTR DYB 12 SAB 15 SAB 15 DYB 17 DYB 13   WTR SIP 08 SAB 15 SAB 11 DYB 13 DYB 18 1 5 4 . 4 5 1 02 00
TSR   WTR DYB 12 SAB 15 SAB 15 DYB 17 DYB 13   WTR DYB 08 SAB 15 SAB 11 DYB 13 DYB 18 1 5 4 . 4 5 1 02 00
WTC   WTR DYB 12 SAB 15 SAB 15 DYB 17 DYB 13   WTR DYB 08 SAB 15 SAB 11 DYB 13 DYB 18 1 5 4 . 4 5 1 02 00
WTC   WRC DYB 12 SAB 15 SAB 15 DYB 17 DYB 13   WTR DYB 08 SAB 15 SAB 11 DYB 13 DYB 18 1 5 4 . 4 5 1 02 00
WTC   WRC DYB 12 SAB 15 SAB 15 DYB 17 DYB 13   WTR DYB 08 SAB 15 SAB 11 DYB 13 DYB 18 1 5 4 . 4 5 1 02 00
WTC   WRC DYB 12 SAB 15 SAB 15 DYB 17 DYB 13   WRC DYB 08 SAB 15 SAB 11 DYB 13 DYB 18 1 5 4 . 4 5 1 02 00
WTC   WRC DYB 12 SAB 15 SAB 15 DYB 17 DYB 13   WRC DYB 08 SAB 15 SAB 11 DYB 13 DYB 18 1 5 4 . 4 5 1 02 00
WTC   WRC DYB 12 SAB 15 SAB 15 DYB 17 DYB 13   WRC DYB 08 SAB 15 SAB 11 DYB 13 DYB 18 1 5 4 . 4 5 1 02 00
WTC   WRC DYB 12 SAB 15 SAB 15 DYB 17 DYB 13   WRC DYB 08 SAB 15 SAB 11 DYB 13 DYB 18 1 5 4 . 4 5 1 02 00
WTC   WRC DYB 12 SAB 15 SAB 15 DYB 17 DYB 13   WRC DYB 08 SAB 15 SAB 11 DYB 13 DYB 18 1 5 4 . 4 5 1 02 00
WTC   WRC DYB 12 SAB 15 SAB 15 DYB 17 DYB 13   WRC DYB 08 SAB 15 SAB 11 DYB 13 DYB 18 1 5 4 . 4 5 1 02 00
WTC   WRC DYB 12 SAB 15 SAB 15 DYB 17 DYB 13   WRC DYB 08 SAB 15 SAB 11 DYB 13 SAB 17 1 5 4 . 4 - 1 02 00
WTC   WRC SAB 11 SAB 15 SAB 15 DYB 17 DYB 13   WRC DYB 08 SAB 15 SAB 11 DYB 13 SAB 17 - 5 4 . 4 - 1 02 00
WTC   WRC SAB 11 SAB 15 SAB 15 DYB 17 SAB 12   WRC DYB 08 SAB 15 SAB 11 DYB 13 SAB 17 - - 4 . 4 - 1 02 00
WTC   WRC SAB 11 SAB 15 SAB 15 DYB 17 SAB 12   WRC SAB 07 SAB 15 SAB 11 DYB 13 SAB 17 - - 4 . 4 - - 02 00
WTC   WRC SAB 11 SAB 15 SAB 15 SAB 16 SAB 12   WRC SAB 07 SAB 15 SAB 11 DYB 13 SAB 17 - - - . 4 - - 02 --
WTC   WRC SAB 11 SAB 15 SAB 15 SAB 16 SAB 12   WRC SAB 07 SAB 15 SAB 11 SAB 12 SAB 17 - - - . - - - 02 -3
TSR   WRC SAB 11 SAB 15 SAB 15 SAB 16 SAB 12   WRC SAB 07 SAB 15 SAB 11 SAB 12 SAB 17 - - - . - - - 03 --
TSR   WRC SAB 11 SAB 15 SAB 15 SAB 16 SAB 12   AST SAB 07 SAB 15 SAB 11 SAB 12 SAB 17 - - - . - - - 03 --
TSR   AST SAB 11 SAB 15 SAB 15 SAB 16 SAB 12   AST SAB 07 SAB 15 SAB 11 SAB 12 SAB 17 - - - . - - - 03 --
TSR   AST SAB 11 SAB 15 SAB 15 SAB 16 SAB 12   AST SAB 07 SAB 15 SIP 12 SAB 12 SAB 17 - - - . 3 - - 03 --
TSR   AST SAB 11 SAB 15 SAB 15 SAB 16 SAB 12   WTR SAB 07 SAB 15 SIP 12 SAB 12 SAB 17 - - - . 3 - - 03 --
TSR   AST SAB 11 SAB 15 SAB 15 SAB 16 SAB 12   WTR SAB 07 SAB 15 SIP 12 SIP 12 SAB 17 - - - . 3 4 - 03 --
TSR   AST SAB 11 SAB 15 SAB 15 SIP 16 SAB 12   WTR SAB 07 SAB 15 SIP 12 SIP 12 SAB 17 - - 4 . 3 4 - 03 --
TSR   WTR SAB 11 SAB 15 SAB 15 SIP 16 SAB 12   WTR SAB 07 SAB 15 SIP 12 SIP 12 SAB 17 - - 4 . 3 4 - 03 --
TSR   WTR SAB 11 SAB 15 SAB 15 SIP 16 SAB 12   WTR SAB 07 SAB 15 SIP 12 SIP 12 SIP 17 - - 4 . 3 4 5 03 --
TSR   WTR SAB 11 SAB 15 SAB 15 SIP 16 SIP 12   WTR SAB 07 SAB 15 SIP 12 SIP 12 SIP 17 - 5 4 . 3 4 5 03 --
TSR   WTR SAB 11 SAB 15 SIP 16 SIP 16 SIP 12   WTR SAB 07 SAB 15 SIP 12 SIP 12 SIP 17 3 5 4 . 3 4 5 03 --
TSR   WTR SAB 11 SAB 15 SIP 16 SIP 16 SIP 12   WRC SAB 07 SAB 15 SIP 12 SIP 12 SIP 17 3 5 4 . 3 4 5 03 --
TSR   WTR SAB 11 SAB 15 SIP 16 SIP 16 SIP 12   WRC SAB 07 SAB 15 DYB 12 SIP 12 SIP 17 3 5 4 . 3 4 5 03 00
TSR   WTR SAB 11 SAB 15 SIP 16 DYB 16 SIP 12   WRC SAB 07 SAB 15 DYB 12 SIP 12 SIP 17 3 5 4 . 3 4 5 03 00
TSR   WRC SAB 11 SAB 15 SIP 16 DYB 16 SIP 12   WRC SAB 07 SAB 15 DYB 12 SIP 12 SIP 17 3 5 4 . 3 4 5 03 00
WTC   WRC SAB 11 SAB 15 SIP 16 DYB 16 SIP 12   WRC SAB 07 SAB 15 DYB 12 SIP 12 SIP 17 3 5 4 . 3 4 5 03 00
WTC   WRC SAB 11 SAB 15 SIP 16 DYB 16 SIP 12   WRC SAB 07 SAB 15 DYB 12 DYB 12 SIP 17 3 5 4 . 3 4 5 03 00
WTC   WRC SAB 11 SAB 15 DYB 16 DYB 16 SIP 12   WRC SAB 07 SAB 15 DYB 12 DYB 12 SIP 17 3 5 4 . 3 4 5 03 00
WTC   WRC SAB 11 SAB 15 DYB 16 DYB 16 DYB 12   WRC SAB 07 SAB 15 DYB 12 DYB 12 SIP 17 3 5 4 . 3 4 5 03 00
WTC   WRC SAB 11 SAB 15 DYB 16 DYB 16 DYB 12   WRC SAB 07 SAB 15 DYB 12 DYB 12 DYB 17 3 5 4 . 3 4 5 03 00
WTC   WRC SAB 11 SAB 15 DYB 16 DYB 16 DYB 12   WRC SAB 07 SAB 15 DYB 12 DYB 12 DYB 17 3 5 4 . 3 4 5 03 00
WTC   WRC SAB 11 SAB 15 DYB 16 DYB 16 DYB 12   WRC SAB 07 SAB 15 DYB 12 DYB 12 DYB 17 3 5 4 . 3 4 5 03 00
WTC   WRC SAB 11 SAB 15 DYB 16 DYB 16 DYB 12   WRC SAB 07 SAB 15 DYB 12 DYB 12 DYB 17 3 5 4 . 3 4 5 03 00
WTC   WRC SAB 11 SAB 15 DYB 16 DYB 16 DYB 12   WRC SAB 07 SAB 15 DYB 12 DYB 12 DYB 17 3 5 4 . 3 4 5 03 00
WTC   WRC SAB 11 SAB 15 DYB 16 DYB 16 DYB 12   WRC SAB 07 SAB 15 DYB 12 DYB 12 DYB 17 3 5 4 . 3 4 5 03 00
WTC   WRC SAB 11 SAB 15 DYB 16 DYB 16 DYB 12   WRC SAB 07 SAB 15 DYB 12 DYB 12 DYB 17 3 5 4 . 3 4 5 03 00
WTC   WRC SAB 11 SAB 15 SAB 15 DYB 16 DYB 12   WRC SAB 07 SAB 15 DYB 12 DYB 12 DYB 17 - 5 4 . 3 4 5 03 00
WTC   WRC SAB 11 SAB 15 SAB 15 DYB 16 SAB 11   WRC SAB 07 SAB 15 DYB 12 DYB 12 DYB 17 - - 4 . 3 4 5 03 00
WTC   WRC SAB 11 SAB 15 SAB 15 DYB 16 SAB 11   WRC SAB 07 SAB 15 DYB 12 SAB 11 DYB 17 - - 4 . 3 - 5 03 00
WTC   WRC SAB 11 SAB 15 SAB 15 DYB 16 SAB 11   WRC SAB 07 SAB 15 DYB 12 SAB 11 SAB 16 - - 4 . 3 - - 03 00
WTC   WRC SAB 11 SAB 15 SAB 15 SAB 15 SAB 11   WRC SAB 07 SAB 15 DYB 12 SAB 11 SAB 16 - - - . 3 - - 03 --
WTC   WRC SAB 11 SAB 15 SAB 15 SAB 15 SAB 11   WRC SAB 07 SAB 15 SAB 11 SAB 11 SAB 16 - - - . - - - 03 --
TSR   WRC SAB 11 SAB 15 SAB 15 SAB 15 SAB 11   WRC SAB 07 SAB 15 SAB 11 SAB 11 SAB 16 - - - . - - - 04 --
TSR   WRC SAB 11 SAB 15 SAB 15 SAB 15 SAB 11   WRC SAB 07 SIP 16 SAB 11 SAB 11 SAB 16 - - - . 2 - - 04 --
TSR   AST SAB 11 SAB 15 SAB 15 SAB 15 SAB 11   WRC SAB 07 SIP 16 SAB 11 SAB 11 SAB 16 - - - . 2 - - 04 --
TSR   AST SAB 11 SAB 15 SAB 15 SAB 15 SAB 11   AST SAB 07 SIP 16 SAB 11 SAB 11 SAB 16 - - - . 2 - - 04 --
TSR   AST SAB 11 SIP 16 SAB 15 SAB 15 SAB 11   AST SAB 07 SIP 16 SAB 11 SAB 11 SAB 16 - - 2 . 2 - - 04 --
TSR   AST SAB 11 SIP 16 SAB 15 SAB 15 SAB 11   AST SAB 07 SIP 16 SAB 11 SIP 11 SAB 16 - - 2 . 2 4 - 04 --
TSR   AST SAB 11 SIP 16 SIP 15 SAB 15 SAB 11   AST SAB 07 SIP 16 SAB 11 SIP 11 SAB 16 - 3 2 . 2 4 - 04 --
TSR   AST SAB 11 SIP 16 SIP 15 SIP 15 SAB 11   AST SAB 07 SIP 16 SAB 11 SIP 11 SAB 16 4 3 2 . 2 4 - 04 --
TSR   AST SAB 11 SIP 16 SIP 15 SIP 15 SAB 11   AST SAB 07 SIP 16 SIP 11 SIP 11 SAB 16 4 3 2 . 2 4 3 04 --
TSR   WTR SAB 11 SIP 16 SIP 15 SIP 15 SAB 11   AST SAB 07 SIP 16 SIP 11 SIP 11 SAB 16 4 3 2 . 2 4 3 04 --
TSR   WTR SAB 11 SIP 16 SIP 15 SIP 15 SAB 11   WTR SAB 07 SIP 16 SIP 11 SIP 11 SAB 16 4 3 2 . 2 4 3 04 --
TSR   WTR SAB 11 DYB 16 SIP 15 SIP 15 SAB 11   WTR SAB 07 SIP 16 SIP 11 SIP 11 SAB 16 4 3 2 . 2 4 3 04 --
TSR   WTR SAB 11 DYB 16 SIP 15 SIP 15 SAB 11   WTR SAB 07 SIP 16 SIP 11 DYB 11 SAB 16 4 3 2 . 2 4 3 04 --
TSR   WTR SAB 11 DYB 16 SIP 15 SIP 15 SAB 11   WTR SAB 07 DYB 16 SIP 11 DYB 11 SAB 16 4 3 2 . 2 4 3 04 00
TSR   WTR SAB 11 DYB 16 DYB 15 SIP 15 SAB 11   WTR SAB 07 DYB 16 SIP 11 DYB 11 SAB 16 4 3 2 . 2 4 3 04 00
WTC   WTR SAB 11 DYB 16 DYB 15 SIP 15 SAB 11   WTR SAB 07 DYB 16 SIP 11 DYB 11 SAB 16 4 3 2 . 2 4 3 04 00
WTC   WRC SAB 11 DYB 16 DYB 15 SIP 15 SAB 11   WTR SAB 07 DYB 16 SIP 11 DYB 11 SAB 16 4 3 2 . 2 4 3 04 00
WTC   WRC SAB 11 DYB 16 DYB 15 SIP 15 SAB 11   WRC SAB 07 DYB 16 SIP 11 DYB 11 SAB 16 4 3 2 . 2 4 3 04 00
WTC   WRC SAB 11 DYB 16 DYB 15 SIP 15 SAB 11   WRC SAB 07 DYB 16 DYB 11 DYB 11 SAB 16 4 3 2 . 2 4 3 04 00
WTC   WRC SAB 11 DYB 16 DYB 15 DYB 15 SAB 11   WRC SAB 07 DYB 16 DYB 11 DYB 11 SAB 16 4 3 2 . 2 4 3 04 00
WTC   WRC SAB 11 DYB 16 DYB 15 DYB 15 SAB 11   WRC SAB 07 DYB 16 DYB 11 DYB 11 SAB 16 4 3 2 . 2 4 3 04 00
WTC   WRC SAB 11 DYB 16 DYB 15 DYB 15 SAB 11   WRC SAB 07 DYB 16 DYB 11 DYB 11 SAB 16 4 3 2 . 2 4 3 04 00
WTC   WRC SAB 11 DYB 16 DYB 15 DYB 15 SAB 11   WRC SAB 07 DYB 16 DYB 11 DYB 11 SAB 16 4 3 2 . 2 4 3 04 00
WTC   WRC SAB 11 DYB 16 DYB 15 DYB 15 SAB 11   WRC SAB 07 DYB 16 DYB 11 DYB 11 SAB 16 4 3 2 . 2 4 3 04 00
WTC   WRC SAB 11 DYB 16 DYB 15 DYB 15 SAB 11   WRC SAB 07 DYB 16 DYB 11 DYB 11 SAB 16 4 3 2 . 2 4 3 04 00
WTC   WRC SAB 11 DYB 16 DYB 15 DYB 15 SAB 11   WRC SAB 07 DYB 16 DYB 11 DYB 11 SAB 16 4 3 2 . 2 4 3 04 00
WTC   WRC SAB 11 DYB 16 DYB 15 DYB 15 SAB 11   WRC SAB 07 SAB 15 DYB 11 DYB 11 SAB 16 4 3 2 . - 4 3 04 00
WTC   WRC SAB 11 DYB 16 SAB 14 DYB 15 SAB 11   WRC SAB 07 SAB 15 DYB 11 DYB 11 SAB 16 4 - 2 . - 4 3 04 00
WTC   WRC SAB 11 DYB 16 SAB 14 DYB 15 SAB 11   WRC SAB 07 SAB 15 SAB 10 DYB 11 SAB 16 4 - 2 . - 4 - 04 00
WTC   WRC SAB 11 DYB 16 SAB 14 DYB 15 SAB 11   WRC SAB 07 SAB 15 SAB 10 SAB 10 SAB 16 4 - 2 . - - - 04 -8
WTC   WRC SAB 11 DYB 16 SAB 14 SAB 14 SAB 11   WRC SAB 07 SAB 15 SAB 10 SAB 10 SAB 16 - - 2 . - - - 04 -8
WTC   WRC SAB 11 SAB 15 SAB 14 SAB 14 SAB 11   WRC SAB 07 SAB 15 SAB 10 SAB 10 SAB 16 - - - . - - - 04 --
TSR   WRC SAB 11 SAB 15 SAB 14 SAB 14 SAB 11   WRC SAB 07 SAB 15 SAB 10 SAB 10 SAB 16 - - - . - - - 05 --
TSR   WRC SAB 11 SAB 15 SIP 14 SAB 14 SAB 11   WRC SAB 07 SAB 15 SAB 10 SAB 10 SAB 16 - - 3 . - - - 05 --
TSR   WRC SAB 11 SAB 15 SIP 14 SAB 14 SAB 11   WRC SAB 07 SAB 15 SIP 10 SAB 10 SAB 16 - - 3 . 3 - - 05 --
TSR   WRC SAB 11 SAB 15 SIP 14 SAB 14 SAB 11   WRC SAB 07 SIP 15 SIP 10 SAB 10 SAB 16 - - 3 . 3 2 - 05 --
TSR   WRC SIP 12 SAB 15 SIP 14 SAB 14 SAB 11   WRC SAB 07 SIP 15 SIP 10 SAB 10 SAB 16 - 1 3 . 3 2 - 05 --
TSR   WRC SIP 12 SAB 15 SIP 14 SAB 14 SAB 11   WRC SIP 08 SIP 15 SIP 10 SAB 10 SAB 16 - 1 3 . 3 2 1 05 --
TSR   WRC SIP 12 SIP 15 SIP 14 SAB 14 SAB 11   WRC SIP 08 SIP 15 SIP 10 SAB 10 SAB 16 2 1 3 . 3 2 1 05 --
TSR   WRC SIP 12 SIP 15 SIP 14 SAB 14 SAB 11   AST SIP 08 SIP 15 SIP 10 SAB 10 SAB 16 2 1 3 . 3 2 1 05 --
TSR   AST SIP 12 SIP 15 SIP 14 SAB 14 SAB 11   AST SIP 08 SIP 15 SIP 10 SAB 10 SAB 16 2 1 3 . 3 2 1 05 --
TSR   AST SIP 12 SIP 15 SIP 14 SAB 14 SAB 11   WTR SIP 08 SIP 15 SIP 10 SAB 10 SAB 16 2 1 3 . 3 2 1 05 --
TSR   WTR SIP 12 SIP 15 SIP 14 SAB 14 SAB 11   WTR SIP 08 SIP 15 SIP 10 SAB 10 SAB 16 2 1 3 . 3 2 1 05 --
TSR   WTR SIP 12 SIP 15 DYB 14 SAB 14 SAB 11   WTR SIP 08 SIP 15 SIP 10 SAB 10 SAB 16 2 1 3 . 3 2 1 05 00
TSR   WTR SIP 12 SIP 15 DYB 14 SAB 14 SAB 11   WTR SIP 08 SIP 15 DYB 10 SAB 10 SAB 16 2 1 3 . 3 2 1 05 00
TSR   WTR SIP 12 SIP 15 DYB 14 SAB 14 SAB 11   WTR SIP 08 DYB 15 DYB 10 SAB 10 SAB 16 2 1 3 . 3 2 1 05 00
TSR   WTR SIP 12 SIP 15 DYB 14 SAB 14 SAB 11   WTR DYB 08 DYB 15 DYB 10 SAB 10 SAB 16 2 1 3 . 3 2 1 05 00
WTC   WTR SIP 12 SIP 15 DYB 14 SAB 14 SAB 11   WTR DYB 08 DYB 15 DYB 10 SAB 10 SAB 16 2 1 3 . 3 2 1 05 00
WTC   WTR DYB 12 SIP 15 DYB 14 SAB 14 SAB 11   WTR DYB 08 DYB 15 DYB 10 SAB 10 SAB 16 2 1 3 . 3 2 1 05 00
WTC   WTR DYB 12 DYB 15 DYB 14 SAB 14 SAB 11   WTR DYB 08 DYB 15 DYB 10 SAB 10 SAB 16 2 1 3 . 3 2 1 05 00
WTC   WTR DYB 12 DYB 15 DYB 14 SAB 14 SAB 11   WRC DYB 08 DYB 15 DYB 10 SAB 10 SAB 16 2 1 3 . 3 2 1 05 00
WTC   WRC DYB 12 DYB 15 DYB 14 SAB 14 SAB 11   WRC DYB 08 DYB 15 DYB 10 SAB 10 SAB 16 2 1 3 . 3 2 1 05 00
WTC   WRC DYB 12 DYB 15 DYB 14 SAB 14 SAB 11   WRC DYB 08 DYB 15 DYB 10 SAB 10 SAB 16 2 1 3 . 3 2 1 05 00
WTC   WRC DYB 12 DYB 15 DYB 14 SAB 14 SAB 11   WRC DYB 08 DYB 15 DYB 10 SAB 10 SAB 16 2 1 3 . 3 2 1 05 00
WTC   WRC DYB 12 DYB 15 DYB 14 SAB 14 SAB 11   WRC DYB 08 DYB 15 DYB 10 SAB 10 SAB 16 2 1 3 . 3 2 1 05 00
WTC   WRC DYB 12 DYB 15 DYB 14 SAB 14 SAB 11   WRC DYB 08 DYB 15 DYB 10 SAB 10 SAB 16 2 1 3 . 3 2 1 05 00
WTC   WRC DYB 12 DYB 15 DYB 14 SAB 14 SAB 11   WRC DYB 08 DYB 15 DYB 10 SAB 10 SAB 16 2 1 3 . 3 2 1 05 00
WTC   WRC DYB 12 DYB 15 DYB 14 SAB 14 SAB 11   WRC DYB 08 DYB 15 DYB 10 SAB 10 SAB 16 2 1 3 . 3 2 1 05 00
WTC   WRC DYB 12 DYB 15 DYB 14 SAB 14 SAB 11   WRC DYB 08 DYB 15 SAB 09 SAB 10 SAB 16 2 1 3 . - 2 1 05 -8
WTC   WRC DYB 12 DYB 15 DYB 14 SAB 14 SAB 11   WRC SAB 07 DYB 15 SAB 09 SAB 10 SAB 16 2 1 3 . - 2 - 05 -8
WTC   WRC DYB 12 DYB 15 DYB 14 SAB 14 SAB 11   WRC SAB 07 SAB 14 SAB 09 SAB 10 SAB 16 2 1 3 . - - - 05 -8
WTC   WRC DYB 12 SAB 14 DYB 14 SAB 14 SAB 11   WRC SAB 07 SAB 14 SAB 09 SAB 10 SAB 16 - 1 3 . - - - 05 -8
WTC   WRC SAB 11 SAB 14 DYB 14 SAB 14 SAB 11   WRC SAB 07 SAB 14 SAB 09 SAB 10 SAB 16 - - 3 . - - - 05 -8
WTC   WRC SAB 11 SAB 14 SAB 13 SAB 14 SAB 11   WRC SAB 07 SAB 14 SAB 09 SAB 10 SAB 16 - - - . - - - 05 -8
WTC   WRC SAB 11 SAB 14 SAB 13 SAB 14 SAB 11   WRC SAB 07 SAB 14 SAB 09 SAB 10 SIP 17 - - - . 5 - - 05 --
WTC   WRC SAB 11 SAB 14 SAB 13 SAB 14 SAB 11   WRC SIP 07 SAB 14 SAB 09 SAB 10 SIP 17 - - - . 5 1 - 05 --
WTC   WRC SAB 11 SAB 14 SAB 13 SAB 14 SIP 12   WRC SIP 07 SAB 14 SAB 09 SAB 10 SIP 17 - - 5 . 5 1 - 05 --
WTC   AST SAB 11 SAB 14 SAB 13 SAB 14 SIP 12   WRC SIP 07 SAB 14 SAB 09 SAB 10 SIP 17 - - 5 . 5 1 - 05 --
WTC   AST SIP 11 SAB 14 SAB 13 SAB 14 SIP 12   WRC SIP 07 SAB 14 SAB 09 SAB 10 SIP 17 - 1 5 . 5 1 - 05 --
TSR   AST SIP 11 SAB 14 SAB 13 SAB 14 SIP 12   WRC SIP 07 SAB 14 SAB 09 SAB 10 SIP 17 - 1 5 . 5 1 - 06 --
TSR   AST SIP 11 SAB 14 SAB 13 SAB 14 SIP 12   AST SIP 07 SAB 14 SAB 09 SAB 10 SIP 17 - 1 5 . 5 1 - 06 --
TSR   AST SIP 11 SAB 14 SAB 13 SAB 14 SIP 12   AST SIP 07 SIP 14 SAB 09 SAB 10 SIP 17 - 1 5 . 5 1 2 06 --
TSR   WTR SIP 11 SAB 14 SAB 13 SAB 14 SIP 12   AST SIP 07 SIP 14 SAB 09 SAB 10 SIP 17 - 1 5 . 5 1 2 06 --
TSR   WTR SIP 11 SAB 14 SAB 13 SAB 14 SIP 12   AST SIP 07 DYB 14 SAB 09 SAB 10 SIP 17 - 1 5 . 5 1 2 06 00
TSR   WTR SIP 11 SAB 14 SAB 13 SAB 14 SIP 12   WTR SIP 07 DYB 14 SAB 09 SAB 10 SIP 17 - 1 5 . 5 1 2 06 00
WTC   WTR SIP 11 SAB 14 SAB 13 SAB 14 SIP 12   WTR SIP 07 DYB 14 SAB 09 SAB 10 SIP 17 - 1 5 . 5 1 2 06 00
WTC   WTR DYB 11 SAB 14 SAB 13 SAB 14 SIP 12   WTR SIP 07 DYB 14 SAB 09 SAB 10 SIP 17 - 1 5 . 5 1 2 06 00
WTC   WTR DYB 11 SAB 14 SAB 13 SAB 14 SIP 12   WTR DYB 07 DYB 14 SAB 09 SAB 10 SIP 17 - 1 5 . 5 1 2 06 00
WTC   WTR DYB 11 SAB 14 SAB 13 SAB 14 SIP 12   WTR DYB 07 DYB 14 SAB 09 SAB 10 DYB 17 - 1 5 . 5 1 2 06 00
WTC   WTR DYB 11 SAB 14 SAB 13 SAB 14 DYB 12   WTR DYB 07 DYB 14 SAB 09 SAB 10 DYB 17 - 1 5 . 5 1 2 06 00
WTC   WRC DYB 11 SAB 14 SAB 13 SAB 14 DYB 12   WTR DYB 07 DYB 14 SAB 09 SAB 10 DYB 17 - 1 5 . 5 1 2 06 00
WTC   WRC DYB 11 SAB 14 SAB 13 SAB 14 DYB 12   WRC DYB 07 DYB 14 SAB 09 SAB 10 DYB 17 - 1 5 . 5 1 2 06 00
WTC   WRC DYB 11 SIP 14 SAB 13 SAB 14 DYB 12   WRC DYB 07 DYB 14 SAB 09 SAB 10 DYB 17 2 1 5 . 5 1 2 06 00
WTC   WRC DYB 11 DYB 14 SAB 13 SAB 14 DYB 12   WRC DYB 07 DYB 14 SAB 09 SAB 10 DYB 17 2 1 5 . 5 1 2 06 00
WTC   WRC DYB 11 DYB 14 SAB 13 SAB 14 DYB 12   WRC DYB 07 DYB 14 SAB 09 SAB 10 DYB 17 2 1 5 . 5 1 2 06 00
WTC   WRC DYB 11 DYB 14 SAB 13 SAB 14 DYB 12   WRC DYB 07 DYB 14 SAB 09 SAB 10 DYB 17 2 1 5 . 5 1 2 06 00
WTC   WRC DYB 11 DYB 14 SAB 13 SAB 14 DYB 12   WRC DYB 07 DYB 14 SAB 09 SAB 10 DYB 17 2 1 5 . 5 1 2 06 00
WTC   WRC DYB 11 DYB 14 SAB 13 SAB 14 DYB 12   WRC DYB 07 DYB 14 SAB 09 SAB 10 DYB 17 2 1 5 . 5 1 2 06 00
WTC   WRC DYB 11 DYB 14 SAB 13 SAB 14 DYB 12   WRC DYB 07 DYB 14 SAB 09 SAB 10 DYB 17 2 1 5 . 5 1 2 06 00
WTC   WRC DYB 11 DYB 14 SAB 13 SAB 14 DYB 12   WRC DYB 07 DYB 14 SAB 09 SAB 10 DYB 17 2 1 5 . 5 1 2 06 00
WTC   WRC DYB 11 DYB 14 SAB 13 SAB 14 DYB 12   WRC SAB 06 DYB 14 SAB 09 SAB 10 DYB 17 2 1 5 . 5 - 2 06 01
WTC   WRC DYB 11 SAB 13 SAB 13 SAB 14 DYB 12   WRC SAB 06 DYB 14 SAB 09 SAB 10 DYB 17 - 1 5 . 5 - 2 06 01
WTC   WRC SAB 10 SAB 13 SAB 13 SAB 14 DYB 12   WRC SAB 06 DYB 14 SAB 09 SAB 10 DYB 17 - - 5 . 5 - 2 06 01
WTC   WRC SAB 10 SAB 13 SAB 13 SAB 14 DYB 12   WRC SAB 06 DYB 14 SAB 09 SAB 10 SAB 16 - - 5 . - - 2 06 01
WTC   WRC SAB 10 SAB 13 SAB 13 SAB 14 DYB 12   WRC SAB 06 SAB 13 SAB 09 SAB 10 SAB 16 - - 5 . - - - 06 --
WTC   WRC SAB 10 SAB 13 SAB 13 SAB 14 SAB 11   WRC SAB 06 SAB 13 SAB 09 SAB 10 SAB 16 - - - . - - - 06 --
EOG   WRC SAB 10 SAB 13 SAB 13 SAB 14 SAB 11   WRC SAB 06 SAB 13 SAB 09 SAB 10 SAB 16 - - - . - - - 06 --
Game 2 was won by team 1 by points.
SOG   WRC SAB 10 SAB 13 SAB 13 SAB 14 SAB 11   WRC SAB 06 SAB 13 SAB 09 SAB 10 SAB 16 - - - . - - - 06 --
Game 3 
Ref Coa 1 Cont 1 Cont 2 Cont 3 Cont 4 Cont 5 Coa 2 Cont 1 Cont 2 Cont 3 Cont 4 Cont 5     Trial    
Sta  Stat Sta SG Sta SG Sta SG Sta SG Sta SG  Stat Sta SG Sta SG Sta SG Sta SG Sta SG 3 2 1 . 1 2 3 NB PS
SOG   WRC SAB 10 SAB 13 SAB 13 SAB 14 SAB 11   WRC SAB 06 SAB 13 SAB 09 SIP 11 SAB 16 - - - . 4 - - 06 --
SOG   WRC SAB 10 SAB 13 SAB 13 SAB 14 SAB 11   WRC SAB 06 SAB 13 SAB 09 SIP 11 SIP 16 - - - . 4 5 - 06 --
SOG   WRC SAB 10 SAB 13 SAB 13 SAB 14 SIP 11   WRC SAB 06 SAB 13 SAB 09 SIP 11 SIP 16 - - 5 . 4 5 - 06 --
SOG   WRC SAB 10 SAB 13 SAB 13 SAB 14 SIP 11   WRC SIP 06 SAB 13 SAB 09 SIP 11 SIP 16 - - 5 . 4 5 1 06 --
SOG   WRC SAB 10 SAB 13 SAB 13 SIP 15 SIP 11   WRC SIP 06 SAB 13 SAB 09 SIP 11 SIP 16 - 4 5 . 4 5 1 06 --
TSR   WRC SAB 10 SAB 13 SAB 13 SIP 15 SIP 11   WRC SIP 06 SAB 13 SAB 09 SIP 11 SIP 16 - 4 5 . 4 5 1 01 --
TSR   AST SAB 10 SAB 13 SAB 13 SIP 15 SIP 11   WRC SIP 06 SAB 13 SAB 09 SIP 11 SIP 16 - 4 5 . 4 5 1 01 --
TSR   AST SAB 10 SAB 13 SAB 13 SIP 15 SIP 11   AST SIP 06 SAB 13 SAB 09 SIP 11 SIP 16 - 4 5 . 4 5 1 01 --
TSR   AST SIP 10 SAB 13 SAB 13 SIP 15 SIP 11   AST SIP 06 SAB 13 SAB 09 SIP 11 SIP 16 1 4 5 . 4 5 1 01 --
TSR   AST SIP 10 SAB 13 SAB 13 SIP 15 SIP 11   WTR SIP 06 SAB 13 SAB 09 SIP 11 SIP 16 1 4 5 . 4 5 1 01 --
TSR   WTR SIP 10 SAB 13 SAB 13 SIP 15 SIP 11   WTR SIP 06 SAB 13 SAB 09 SIP 11 SIP 16 1 4 5 . 4 5 1 01 --
TSR   WTR SIP 10 SAB 13 SAB 13 DYB 15 SIP 11   WTR SIP 06 SAB 13 SAB 09 SIP 11 SIP 16 1 4 5 . 4 5 1 01 --
TSR   WTR SIP 10 SAB 13 SAB 13 DYB 15 DYB 11   WTR SIP 06 SAB 13 SAB 09 SIP 11 SIP 16 1 4 5 . 4 5 1 01 --
TSR   WTR DYB 10 SAB 13 SAB 13 DYB 15 DYB 11   WTR SIP 06 SAB 13 SAB 09 SIP 11 SIP 16 1 4 5 . 4 5 1 01 --
TSR   WTR DYB 10 SAB 13 SAB 13 DYB 15 DYB 11   WTR SIP 06 SAB 13 SAB 09 DYB 11 SIP 16 1 4 5 . 4 5 1 01 --
TSR   WTR DYB 10 SAB 13 SAB 13 DYB 15 DYB 11   WTR DYB 06 SAB 13 SAB 09 DYB 11 SIP 16 1 4 5 . 4 5 1 01 --
TSR   WTR DYB 10 SAB 13 SAB 13 DYB 15 DYB 11   WTR DYB 06 SAB 13 SAB 09 DYB 11 DYB 16 1 4 5 . 4 5 1 01 00
TSR   WTR DYB 10 SAB 13 SAB 13 DYB 15 DYB 11   WRC DYB 06 SAB 13 SAB 09 DYB 11 DYB 16 1 4 5 . 4 5 1 01 00
TSR   WRC DYB 10 SAB 13 SAB 13 DYB 15 DYB 11   WRC DYB 06 SAB 13 SAB 09 DYB 11 DYB 16 1 4 5 . 4 5 1 01 00
WTC   WRC DYB 10 SAB 13 SAB 13 DYB 15 DYB 11   WRC DYB 06 SAB 13 SAB 09 DYB 11 DYB 16 1 4 5 . 4 5 1 01 00
WTC   WRC DYB 10 SAB 13 SAB 13 DYB 15 DYB 11   WRC DYB 06 SAB 13 SAB 09 DYB 11 DYB 16 1 4 5 . 4 5 1 01 00
WTC   WRC DYB 10 SAB 13 SAB 13 DYB 15 DYB 11   WRC DYB 06 SAB 13 SAB 09 DYB 11 DYB 16 1 4 5 . 4 5 1 01 00
WTC   WRC DYB 10 SAB 13 SAB 13 DYB 15 DYB 11   WRC DYB 06 SAB 13 SAB 09 DYB 11 DYB 16 1 4 5 . 4 5 1 01 00
WTC   WRC DYB 10 SAB 13 SAB 13 DYB 15 DYB 11   WRC DYB 06 SAB 13 SAB 09 DYB 11 DYB 16 1 4 5 . 4 5 1 01 00
WTC   WRC DYB 10 SAB 13 SAB 13 DYB 15 DYB 11   WRC DYB 06 SAB 13 SAB 09 DYB 11 DYB 16 1 4 5 . 4 5 1 01 00
WTC   WRC DYB 10 SAB 13 SAB 13 DYB 15 DYB 11   WRC DYB 06 SAB 13 SAB 09 DYB 11 DYB 16 1 4 5 . 4 5 1 01 00
WTC   WRC DYB 10 SAB 13 SAB 13 DYB 15 DYB 11   WRC DYB 06 SAB 13 SAB 09 SAB 10 DYB 16 1 4 5 . - 5 1 01 00
WTC   WRC DYB 10 SAB 13 SAB 13 DYB 15 DYB 11   WRC SAB 05 SAB 13 SAB 09 SAB 10 DYB 16 1 4 5 . - 5 - 01 00
WTC   WRC DYB 10 SAB 13 SAB 13 SAB 14 DYB 11   WRC SAB 05 SAB 13 SAB 09 SAB 10 DYB 16 1 - 5 . - 5 - 01 00
WTC   WRC DYB 10 SAB 13 SAB 13 SAB 14 SAB 10   WRC SAB 05 SAB 13 SAB 09 SAB 10 DYB 16 1 - - . - 5 - 01 00
WTC   WRC SAB 09 SAB 13 SAB 13 SAB 14 SAB 10   WRC SAB 05 SAB 13 SAB 09 SAB 10 DYB 16 - - - . - 5 - 01 00
WTC   WRC SAB 09 SAB 13 SAB 13 SAB 14 SAB 10   WRC SAB 05 SAB 13 SAB 09 SAB 10 SAB 15 - - - . - - - 01 -3
TSR   WRC SAB 09 SAB 13 SAB 13 SAB 14 SAB 10   WRC SAB 05 SAB 13 SAB 09 SAB 10 SAB 15 - - - . - - - 02 --
TSR   WRC SAB 09 SAB 13 SAB 13 SAB 14 SAB 10   WRC SAB 05 SAB 13 SIP 10 SAB 10 SAB 15 - - - . 3 - - 02 --
TSR   WRC SAB 09 SAB 13 SAB 13 SAB 14 SIP 10   WRC SAB 05 SAB 13 SIP 10 SAB 10 SAB 15 - - 5 . 3 - - 02 --
TSR   WRC SAB 09 SAB 13 SAB 13 SIP 14 SIP 10   WRC SAB 05 SAB 13 SIP 10 SAB 10 SAB 15 - 4 5 . 3 - - 02 --
TSR   AST SAB 09 SAB 13 SAB 13 SIP 14 SIP 10   WRC SAB 05 SAB 13 SIP 10 SAB 10 SAB 15 - 4 5 . 3 - - 02 --
TSR   AST SAB 09 SAB 13 SAB 13 SIP 14 SIP 10   AST SAB 05 SAB 13 SIP 10 SAB 10 SAB 15 - 4 5 . 3 - - 02 --
TSR   AST SAB 09 SAB 13 SIP 14 SIP 14 SIP 10   AST SAB 05 SAB 13 SIP 10 SAB 10 SAB 15 3 4 5 . 3 - - 02 --
TSR   AST SAB 09 SAB 13 SIP 14 SIP 14 SIP 10   AST SAB 05 SAB 13 SIP 10 SAB 10 SIP 15 3 4 5 . 3 5 - 02 --
TSR   AST SAB 09 SAB 13 SIP 14 SIP 14 SIP 10   AST SAB 05 SAB 13 SIP 10 SIP 10 SIP 15 3 4 5 . 3 5 4 02 --
TSR   AST SAB 09 SAB 13 SIP 14 SIP 14 SIP 10   WTR SAB 05 SAB 13 SIP 10 SIP 10 SIP 15 3 4 5 . 3 5 4 02 --
TSR   AST SAB 09 SAB 13 DYB 14 SIP 14 SIP 10   WTR SAB 05 SAB 13 SIP 10 SIP 10 SIP 15 3 4 5 . 3 5 4 02 00
TSR   AST SAB 09 SAB 13 DYB 14 DYB 14 SIP 10   WTR SAB 05 SAB 13 SIP 10 SIP 10 SIP 15 3 4 5 . 3 5 4 02 00
TSR   AST SAB 09 SAB 13 DYB 14 DYB 14 DYB 10   WTR SAB 05 SAB 13 SIP 10 SIP 10 SIP 15 3 4 5 . 3 5 4 02 00
TSR   AST SAB 09 SAB 13 DYB 14 DYB 14 DYB 10   WTR SAB 05 SAB 13 DYB 10 SIP 10 SIP 15 3 4 5 . 3 5 4 02 00
WTC   AST SAB 09 SAB 13 DYB 14 DYB 14 DYB 10   WTR SAB 05 SAB 13 DYB 10 SIP 10 SIP 15 3 4 5 . 3 5 4 02 00
WTC   AST SAB 09 SAB 13 DYB 14 DYB 14 DYB 10   WRC SAB 05 SAB 13 DYB 10 SIP 10 SIP 15 3 4 5 . 3 5 4 02 00
WTC   WTR SAB 09 SAB 13 DYB 14 DYB 14 DYB 10   WRC SAB 05 SAB 13 DYB 10 SIP 10 SIP 15 3 4 5 . 3 5 4 02 00
WTC   WTR SAB 09 SAB 13 DYB 14 DYB 14 DYB 10   WRC SAB 05 SAB 13 DYB 10 SIP 10 DYB 15 3 4 5 . 3 5 4 02 00
WTC   WTR SAB 09 SAB 13 DYB 14 DYB 14 DYB 10   WRC SAB 05 SAB 13 DYB 10 DYB 10 DYB 15 3 4 5 . 3 5 4 02 00
WTC   WRC SAB 09 SAB 13 DYB 14 DYB 14 DYB 10   WRC SAB 05 SAB 13 DYB 10 DYB 10 DYB 15 3 4 5 . 3 5 4 02 00
WTC   WRC SAB 09 SAB 13 DYB 14 DYB 14 DYB 10   WRC SAB 05 SAB 13 DYB 10 DYB 10 DYB 15 3 4 5 . 3 5 4 02 00
WTC   WRC SAB 09 SAB 13 DYB 14 DYB 14 DYB 10   WRC SAB 05 SAB 13 DYB 10 DYB 10 DYB 15 3 4 5 . 3 5 4 02 00
WTC   WRC SAB 09 SAB 13 DYB 14 DYB 14 DYB 10   WRC SAB 05 SAB 13 DYB 10 DYB 10 DYB 15 3 4 5 . 3 5 4 02 00
WTC   WRC SAB 09 SAB 13 DYB 14 DYB 14 DYB 10   WRC SAB 05 SAB 13 DYB 10 DYB 10 DYB 15 3 4 5 . 3 5 4 02 00
WTC   WRC SAB 09 SAB 13 DYB 14 DYB 14 DYB 10   WRC SAB 05 SAB 13 DYB 10 DYB 10 DYB 15 3 4 5 . 3 5 4 02 00
WTC   WRC SAB 09 SAB 13 DYB 14 DYB 14 DYB 10   WRC SAB 05 SAB 13 DYB 10 DYB 10 DYB 15 3 4 5 . 3 5 4 02 00
WTC   WRC SAB 09 SAB 13 DYB 14 DYB 14 DYB 10   WRC SAB 05 SAB 13 SAB 09 DYB 10 DYB 15 3 4 5 . - 5 4 02 00
WTC   WRC SAB 09 SAB 13 DYB 14 DYB 14 SAB 09   WRC SAB 05 SAB 13 SAB 09 DYB 10 DYB 15 3 4 - . - 5 4 02 00
WTC   WRC SAB 09 SAB 13 DYB 14 DYB 14 SAB 09   WRC SAB 05 SAB 13 SAB 09 SAB 09 DYB 15 3 4 - . - 5 - 02 00
WTC   WRC SAB 09 SAB 13 SAB 13 DYB 14 SAB 09   WRC SAB 05 SAB 13 SAB 09 SAB 09 DYB 15 - 4 - . - 5 - 02 00
WTC   WRC SAB 09 SAB 13 SAB 13 DYB 14 SAB 09   WRC SAB 05 SAB 13 SAB 09 SAB 09 SAB 14 - 4 - . - - - 02 --
WTC   WRC SAB 09 SAB 13 SAB 13 SAB 13 SAB 09   WRC SAB 05 SAB 13 SAB 09 SAB 09 SAB 14 - - - . - - - 02 -3
TSR   WRC SAB 09 SAB 13 SAB 13 SAB 13 SAB 09   WRC SAB 05 SAB 13 SAB 09 SAB 09 SAB 14 - - - . - - - 03 --
TSR   WRC SAB 09 SAB 13 SAB 13 SAB 13 SAB 09   AST SAB 05 SAB 13 SAB 09 SAB 09 SAB 14 - - - . - - - 03 --
TSR   WRC SAB 09 SIP 14 SAB 13 SAB 13 SAB 09   AST SAB 05 SAB 13 SAB 09 SAB 09 SAB 14 - - 2 . - - - 03 --
TSR   AST SAB 09 SIP 14 SAB 13 SAB 13 SAB 09   AST SAB 05 SAB 13 SAB 09 SAB 09 SAB 14 - - 2 . - - - 03 --
TSR   AST SAB 09 SIP 14 SAB 13 SAB 13 SAB 09   AST SAB 05 SIP 14 SAB 09 SAB 09 SAB 14 - - 2 . 2 - - 03 --
TSR   AST SAB 09 SIP 14 SAB 13 SAB 13 SAB 09   AST SAB 05 SIP 14 SIP 09 SAB 09 SAB 14 - - 2 . 2 3 - 03 --
TSR   AST SAB 09 SIP 14 SAB 13 SAB 13 SAB 09   AST SAB 05 SIP 14 SIP 09 SIP 09 SAB 14 - - 2 . 2 3 4 03 --
TSR   AST SAB 09 SIP 14 SIP 13 SAB 13 SAB 09   AST SAB 05 SIP 14 SIP 09 SIP 09 SAB 14 - 3 2 . 2 3 4 03 --
TSR   AST SAB 09 SIP 14 SIP 13 SIP 13 SAB 09   AST SAB 05 SIP 14 SIP 09 SIP 09 SAB 14 4 3 2 . 2 3 4 03 --
TSR   AST SAB 09 SIP 14 SIP 13 SIP 13 SAB 09   WTR SAB 05 SIP 14 SIP 09 SIP 09 SAB 14 4 3 2 . 2 3 4 03 --
TSR   WTR SAB 09 SIP 14 SIP 13 SIP 13 SAB 09   WTR SAB 05 SIP 14 SIP 09 SIP 09 SAB 14 4 3 2 . 2 3 4 03 --
TSR   WTR SAB 09 SIP 14 SIP 13 SIP 13 SAB 09   WTR SAB 05 DYB 14 SIP 09 SIP 09 SAB 14 4 3 2 . 2 3 4 03 00
TSR   WTR SAB 09 SIP 14 SIP 13 SIP 13 SAB 09   WTR SAB 05 DYB 14 DYB 09 SIP 09 SAB 14 4 3 2 . 2 3 4 03 00
TSR   WTR SAB 09 SIP 14 SIP 13 SIP 13 SAB 09   WTR SAB 05 DYB 14 DYB 09 DYB 09 SAB 14 4 3 2 . 2 3 4 03 00
TSR   WRC SAB 09 SIP 14 SIP 13 SIP 13 SAB 09   WTR SAB 05 DYB 14 DYB 09 DYB 09 SAB 14 4 3 2 . 2 3 4 03 00
WTC   WRC SAB 09 SIP 14 SIP 13 SIP 13 SAB 09   WTR SAB 05 DYB 14 DYB 09 DYB 09 SAB 14 4 3 2 . 2 3 4 03 00
WTC   WRC SAB 09 DYB 14 SIP 13 SIP 13 SAB 09   WTR SAB 05 DYB 14 DYB 09 DYB 09 SAB 14 4 3 2 . 2 3 4 03 00
WTC   WRC SAB 09 DYB 14 SIP 13 SIP 13 SAB 09   WRC SAB 05 DYB 14 DYB 09 DYB 09 SAB 14 4 3 2 . 2 3 4 03 00
WTC   WRC SAB 09 DYB 14 DYB 13 SIP 13 SAB 09   WRC SAB 05 DYB 14 DYB 09 DYB 09 SAB 14 4 3 2 . 2 3 4 03 00
WTC   WRC SAB 09 DYB 14 DYB 13 DYB 13 SAB 09   WRC SAB 05 DYB 14 DYB 09 DYB 09 SAB 14 4 3 2 . 2 3 4 03 00
WTC   WRC SAB 09 DYB 14 DYB 13 DYB 13 SAB 09   WRC SAB 05 DYB 14 DYB 09 DYB 09 SAB 14 4 3 2 . 2 3 4 03 00
WTC   WRC SAB 09 DYB 14 DYB 13 DYB 13 SAB 09   WRC SAB 05 DYB 14 DYB 09 DYB 09 SAB 14 4 3 2 . 2 3 4 03 00
WTC   WRC SAB 09 DYB 14 DYB 13 DYB 13 SAB 09   WRC SAB 05 DYB 14 DYB 09 DYB 09 SAB 14 4 3 2 . 2 3 4 03 00
WTC   WRC SAB 09 DYB 14 DYB 13 DYB 13 SAB 09   WRC SAB 05 DYB 14 DYB 09 DYB 09 SAB 14 4 3 2 . 2 3 4 03 00
WTC   WRC SAB 09 DYB 14 DYB 13 DYB 13 SAB 09   WRC SAB 05 DYB 14 DYB 09 DYB 09 SAB 14 4 3 2 . 2 3 4 03 00
WTC   WRC SAB 09 DYB 14 DYB 13 DYB 13 SAB 09   WRC SAB 05 DYB 14 DYB 09 DYB 09 SAB 14 4 3 2 . 2 3 4 03 00
WTC   WRC SAB 09 DYB 14 DYB 13 DYB 13 SAB 09   WRC SAB 05 DYB 14 SAB 08 DYB 09 SAB 14 4 3 2 . 2 - 4 03 00
WTC   WRC SAB 09 DYB 14 DYB 13 DYB 13 SAB 09   WRC SAB 05 SAB 13 SAB 08 DYB 09 SAB 14 4 3 2 . - - 4 03 00
WTC   WRC SAB 09 DYB 14 DYB 13 SAB 12 SAB 09   WRC SAB 05 SAB 13 SAB 08 DYB 09 SAB 14 - 3 2 . - - 4 03 00
WTC   WRC SAB 09 SAB 13 DYB 13 SAB 12 SAB 09   WRC SAB 05 SAB 13 SAB 08 DYB 09 SAB 14 - 3 - . - - 4 03 -8
WTC   WRC SAB 09 SAB 13 SAB 12 SAB 12 SAB 09   WRC SAB 05 SAB 13 SAB 08 DYB 09 SAB 14 - - - . - - 4 03 --
WTC   WRC SAB 09 SAB 13 SAB 12 SAB 12 SAB 09   WRC SAB 05 SAB 13 SAB 08 SAB 08 SAB 14 - - - . - - - 03 --
WTC   WRC SIP 10 SAB 13 SAB 12 SAB 12 SAB 09   WRC SAB 05 SAB 13 SAB 08 SAB 08 SAB 14 - - 1 . - - - 03 --
TSR   WRC SIP 10 SAB 13 SAB 12 SAB 12 SAB 09   WRC SAB 05 SAB 13 SAB 08 SAB 08 SAB 14 - - 1 . - - - 04 --
TSR   WRC SIP 10 SAB 13 SAB 12 SAB 12 SAB 09   AST SAB 05 SAB 13 SAB 08 SAB 08 SAB 14 - - 1 . - - - 04 --
TSR   WRC SIP 10 SAB 13 SAB 12 SAB 12 SAB 09   AST SIP 06 SAB 13 SAB 08 SAB 08 SAB 14 - - 1 . 1 - - 04 --
TSR   WRC SIP 10 SAB 13 SAB 12 SAB 12 SAB 09   AST SIP 06 SIP 13 SAB 08 SAB 08 SAB 14 - - 1 . 1 2 - 04 --
TSR   WRC SIP 10 SAB 13 SAB 12 SAB 12 SAB 09   AST SIP 06 SIP 13 SIP 08 SAB 08 SAB 14 - - 1 . 1 2 3 04 --
TSR   WRC SIP 10 SAB 13 SIP 12 SAB 12 SAB 09   AST SIP 06 SIP 13 SIP 08 SAB 08 SAB 14 - 3 1 . 1 2 3 04 --
TSR   WRC SIP 10 SIP 13 SIP 12 SAB 12 SAB 09   AST SIP 06 SIP 13 SIP 08 SAB 08 SAB 14 2 3 1 . 1 2 3 04 --
TSR   AST SIP 10 SIP 13 SIP 12 SAB 12 SAB 09   AST SIP 06 SIP 13 SIP 08 SAB 08 SAB 14 2 3 1 . 1 2 3 04 --
TSR   AST SIP 10 SIP 13 SIP 12 SAB 12 SAB 09   WTR SIP 06 SIP 13 SIP 08 SAB 08 SAB 14 2 3 1 . 1 2 3 04 --
TSR   WTR SIP 10 SIP 13 SIP 12 SAB 12 SAB 09   WTR SIP 06 SIP 13 SIP 08 SAB 08 SAB 14 2 3 1 . 1 2 3 04 --
TSR   WTR SIP 10 SIP 13 DYB 12 SAB 12 SAB 09   WTR SIP 06 SIP 13 SIP 08 SAB 08 SAB 14 2 3 1 . 1 2 3 04 --
TSR   WTR DYB 10 SIP 13 DYB 12 SAB 12 SAB 09   WTR SIP 06 SIP 13 SIP 08 SAB 08 SAB 14 2 3 1 . 1 2 3 04 --
TSR   WTR DYB 10 SIP 13 DYB 12 SAB 12 SAB 09   WRC SIP 06 SIP 13 SIP 08 SAB 08 SAB 14 2 3 1 . 1 2 3 04 --
TSR   WTR DYB 10 SIP 13 DYB 12 SAB 12 SAB 09   WRC DYB 06 SIP 13 SIP 08 SAB 08 SAB 14 2 3 1 . 1 2 3 04 --
TSR   WTR DYB 10 SIP 13 DYB 12 SAB 12 SAB 09   WRC DYB 06 DYB 13 SIP 08 SAB 08 SAB 14 2 3 1 . 1 2 3 04 00
TSR   WTR DYB 10 DYB 13 DYB 12 SAB 12 SAB 09   WRC DYB 06 DYB 13 SIP 08 SAB 08 SAB 14 2 3 1 . 1 2 3 04 00
TSR   WTR DYB 10 DYB 13 DYB 12 SAB 12 SAB 09   WRC DYB 06 DYB 13 DYB 08 SAB 08 SAB 14 2 3 1 . 1 2 3 04 00
TSR   WRC DYB 10 DYB 13 DYB 12 SAB 12 SAB 09   WRC DYB 06 DYB 13 DYB 08 SAB 08 SAB 14 2 3 1 . 1 2 3 04 00
WTC   WRC DYB 10 DYB 13 DYB 12 SAB 12 SAB 09   WRC DYB 06 DYB 13 DYB 08 SAB 08 SAB 14 2 3 1 . 1 2 3 04 00
WTC   WRC DYB 10 DYB 13 DYB 12 SAB 12 SAB 09   WRC DYB 06 DYB 13 DYB 08 SAB 08 SAB 14 2 3 1 . 1 2 3 04 00
WTC   WRC DYB 10 DYB 13 DYB 12 SAB 12 SAB 09   WRC DYB 06 DYB 13 DYB 08 SAB 08 SAB 14 2 3 1 . 1 2 3 04 00
WTC   WRC DYB 10 DYB 13 DYB 12 SAB 12 SAB 09   WRC DYB 06 DYB 13 DYB 08 SAB 08 SAB 14 2 3 1 . 1 2 3 04 00
WTC   WRC DYB 10 DYB 13 DYB 12 SAB 12 SAB 09   WRC DYB 06 DYB 13 DYB 08 SAB 08 SAB 14 2 3 1 . 1 2 3 04 00
WTC   WRC DYB 10 DYB 13 DYB 12 SAB 12 SAB 09   WRC DYB 06 DYB 13 DYB 08 SAB 08 SAB 14 2 3 1 . 1 2 3 04 00
WTC   WRC DYB 10 DYB 13 DYB 12 SAB 12 SAB 09   WRC DYB 06 DYB 13 DYB 08 SAB 08 SAB 14 2 3 1 . 1 2 3 04 00
WTC   WRC SAB 09 DYB 13 DYB 12 SAB 12 SAB 09   WRC DYB 06 DYB 13 DYB 08 SAB 08 SAB 14 2 3 - . 1 2 3 04 -8
WTC   WRC SAB 09 DYB 13 DYB 12 SAB 12 SAB 09   WRC SAB 05 DYB 13 DYB 08 SAB 08 SAB 14 2 3 - . - 2 3 04 -8
WTC   WRC SAB 09 DYB 13 DYB 12 SAB 12 SAB 09   WRC SAB 05 SAB 12 DYB 08 SAB 08 SAB 14 2 3 - . - - 3 04 -8
WTC   WRC SAB 09 SAB 12 DYB 12 SAB 12 SAB 09   WRC SAB 05 SAB 12 DYB 08 SAB 08 SAB 14 - 3 - . - - 3 04 -8
WTC   WRC SAB 09 SAB 12 SAB 11 SAB 12 SAB 09   WRC SAB 05 SAB 12 DYB 08 SAB 08 SAB 14 - - - . - - 3 04 -8
WTC   WRC SAB 09 SAB 12 SAB 11 SAB 12 SAB 09   WRC SAB 05 SAB 12 SAB 07 SAB 08 SAB 14 - - - . - - - 04 --
WTC   WRC SAB 09 SAB 12 SAB 11 SAB 12 SIP 10   WRC SAB 05 SAB 12 SAB 07 SAB 08 SAB 14 - - 5 . - - - 04 --
WTC   WRC SAB 09 SAB 12 SAB 11 SAB 12 SIP 10   WRC SAB 05 SAB 12 SAB 07 SAB 08 SIP 15 - - 5 . 5 - - 04 --
WTC   WRC SIP 09 SAB 12 SAB 11 SAB 12 SIP 10   WRC SAB 05 SAB 12 SAB 07 SAB 08 SIP 15 - 1 5 . 5 - - 04 --
WTC   AST SIP 09 SAB 12 SAB 11 SAB 12 SIP 10   WRC SAB 05 SAB 12 SAB 07 SAB 08 SIP 15 - 1 5 . 5 - - 04 --
WTC   AST SIP 09 SAB 12 SAB 11 SAB 12 SIP 10   WRC SIP 05 SAB 12 SAB 07 SAB 08 SIP 15 - 1 5 . 5 1 - 04 --
WTC   AST SIP 09 SAB 12 SAB 11 SAB 12 SIP 10   WRC SIP 05 SIP 12 SAB 07 SAB 08 SIP 15 - 1 5 . 5 1 2 04 --
WTC   AST SIP 09 SIP 12 SAB 11 SAB 12 SIP 10   WRC SIP 05 SIP 12 SAB 07 SAB 08 SIP 15 2 1 5 . 5 1 2 04 --
TSR   AST SIP 09 SIP 12 SAB 11 SAB 12 SIP 10   WRC SIP 05 SIP 12 SAB 07 SAB 08 SIP 15 2 1 5 . 5 1 2 05 --
TSR   AST SIP 09 SIP 12 SAB 11 SAB 12 SIP 10   AST SIP 05 SIP 12 SAB 07 SAB 08 SIP 15 2 1 5 . 5 1 2 05 --
TSR   WTR SIP 09 SIP 12 SAB 11 SAB 12 SIP 10   AST SIP 05 SIP 12 SAB 07 SAB 08 SIP 15 2 1 5 . 5 1 2 05 --
TSR   WRC SIP 09 SIP 12 SAB 11 SAB 12 SIP 10   AST SIP 05 SIP 12 SAB 07 SAB 08 SIP 15 2 1 5 . 5 1 2 05 --
TSR   WRC SIP 09 SIP 12 SAB 11 SAB 12 SIP 10   WTR SIP 05 SIP 12 SAB 07 SAB 08 SIP 15 2 1 5 . 5 1 2 05 --
TSR   WRC SIP 09 DYB 12 SAB 11 SAB 12 SIP 10   WTR SIP 05 SIP 12 SAB 07 SAB 08 SIP 15 2 1 5 . 5 1 2 05 00
TSR   WRC SIP 09 DYB 12 SAB 11 SAB 12 SIP 10   WTR SIP 05 DYB 12 SAB 07 SAB 08 SIP 15 2 1 5 . 5 1 2 05 00
TSR   WRC SIP 09 DYB 12 SAB 11 SAB 12 SIP 10   WTR DYB 05 DYB 12 SAB 07 SAB 08 SIP 15 2 1 5 . 5 1 2 05 00
TSR   WRC SIP 09 DYB 12 SAB 11 SAB 12 SIP 10   WTR DYB 05 DYB 12 SAB 07 SAB 08 DYB 15 2 1 5 . 5 1 2 05 00
WTC   WRC SIP 09 DYB 12 SAB 11 SAB 12 SIP 10   WTR DYB 05 DYB 12 SAB 07 SAB 08 DYB 15 2 1 5 . 5 1 2 05 00
WTC   WRC DYB 09 DYB 12 SAB 11 SAB 12 SIP 10   WTR DYB 05 DYB 12 SAB 07 SAB 08 DYB 15 2 1 5 . 5 1 2 05 00
WTC   WRC DYB 09 DYB 12 SAB 11 SAB 12 DYB 10   WTR DYB 05 DYB 12 SAB 07 SAB 08 DYB 15 2 1 5 . 5 1 2 05 00
WTC   WRC DYB 09 DYB 12 SAB 11 SAB 12 DYB 10   WRC DYB 05 DYB 12 SAB 07 SAB 08 DYB 15 2 1 5 . 5 1 2 05 00
WTC   WRC DYB 09 DYB 12 SAB 11 SAB 12 DYB 10   WRC DYB 05 DYB 12 SAB 07 SAB 08 DYB 15 2 1 5 . 5 1 2 05 00
WTC   WRC DYB 09 DYB 12 SAB 11 SAB 12 DYB 10   WRC DYB 05 DYB 12 SAB 07 SAB 08 DYB 15 2 1 5 . 5 1 2 05 00
WTC   WRC DYB 09 DYB 12 SAB 11 SAB 12 DYB 10   WRC DYB 05 DYB 12 SAB 07 SAB 08 DYB 15 2 1 5 . 5 1 2 05 00
WTC   WRC DYB 09 DYB 12 SAB 11 SAB 12 DYB 10   WRC DYB 05 DYB 12 SAB 07 SAB 08 DYB 15 2 1 5 . 5 1 2 05 00
WTC   WRC DYB 09 DYB 12 SAB 11 SAB 12 DYB 10   WRC DYB 05 DYB 12 SAB 07 SAB 08 DYB 15 2 1 5 . 5 1 2 05 00
WTC   WRC DYB 09 DYB 12 SAB 11 SAB 12 DYB 10   WRC DYB 05 DYB 12 SAB 07 SAB 08 DYB 15 2 1 5 . 5 1 2 05 00
WTC   WRC DYB 09 DYB 12 SAB 11 SAB 12 DYB 10   WRC SAB 04 DYB 12 SAB 07 SAB 08 DYB 15 2 1 5 . 5 - 2 05 01
WTC   WRC DYB 09 DYB 12 SAB 11 SAB 12 DYB 10   WRC SAB 04 SAB 11 SAB 07 SAB 08 DYB 15 2 1 5 . 5 - - 05 01
WTC   WRC DYB 09 DYB 12 SAB 11 SAB 12 DYB 10   WRC SAB 04 SAB 11 SAB 07 SAB 08 SAB 14 2 1 5 . - - - 05 01
WTC   WRC SAB 08 DYB 12 SAB 11 SAB 12 DYB 10   WRC SAB 04 SAB 11 SAB 07 SAB 08 SAB 14 2 - 5 . - - - 05 01
WTC   WRC SAB 08 DYB 12 SAB 11 SAB 12 SAB 09   WRC SAB 04 SAB 11 SAB 07 SAB 08 SAB 14 2 - - . - - - 05 01
WTC   WRC SAB 08 DYB 12 SAB 11 SAB 12 SAB 09   AST SAB 04 SAB 11 SAB 07 SAB 08 SAB 14 2 - - . - - - 05 --
WTC   WRC SAB 08 DYB 12 SAB 11 SIP 13 SAB 09   AST SAB 04 SAB 11 SAB 07 SAB 08 SAB 14 2 - 4 . - - - 05 --
WTC   AST SAB 08 DYB 12 SAB 11 SIP 13 SAB 09   AST SAB 04 SAB 11 SAB 07 SAB 08 SAB 14 2 - 4 . - - - 05 --
WTC   AST SAB 08 DYB 12 SAB 11 SIP 13 SAB 09   AST SAB 04 SAB 11 SAB 07 SIP 09 SAB 14 2 - 4 . 4 - - 05 --
TSR   AST SAB 08 DYB 12 SAB 11 SIP 13 SAB 09   AST SAB 04 SAB 11 SAB 07 SIP 09 SAB 14 2 - 4 . 4 - - 06 --
TSR   AST SAB 08 SAB 11 SAB 11 SIP 13 SAB 09   AST SAB 04 SAB 11 SAB 07 SIP 09 SAB 14 - - 4 . 4 - - 06 --
WTC   AST SAB 08 SAB 11 SAB 11 SIP 13 SAB 09   AST SAB 04 SAB 11 SAB 07 SIP 09 SAB 14 - - 4 . 4 - - 06 00
WTC   WTR SAB 08 SAB 11 SAB 11 SIP 13 SAB 09   AST SAB 04 SAB 11 SAB 07 SIP 09 SAB 14 - - 4 . 4 - - 06 --
WTC   WTR SAB 08 SAB 11 SAB 11 SIP 13 SAB 09   WTR SAB 04 SAB 11 SAB 07 SIP 09 SAB 14 - - 4 . 4 - - 06 --
WTC   WTR SAB 08 SAB 11 SAB 11 SIP 13 SAB 09   WTR SIP 04 SAB 11 SAB 07 SIP 09 SAB 14 - - 4 . 4 1 - 06 --
WTC   WTR SAB 08 SAB 11 SAB 11 SIP 13 SAB 09   WTR SIP 04 SAB 11 SAB 07 SIP 09 SIP 14 - - 4 . 4 1 5 06 --
WTC   WRC SAB 08 SAB 11 SAB 11 SIP 13 SAB 09   WTR SIP 04 SAB 11 SAB 07 SIP 09 SIP 14 - - 4 . 4 1 5 06 --
WTC   WRC SAB 08 SAB 11 SAB 11 SIP 13 SAB 09   WRC SIP 04 SAB 11 SAB 07 SIP 09 SIP 14 - - 4 . 4 1 5 06 --
WTC   WRC SIP 08 SAB 11 SAB 11 SIP 13 SAB 09   WRC SIP 04 SAB 11 SAB 07 SIP 09 SIP 14 - 1 4 . 4 1 5 06 --
WTC   WRC SIP 08 SAB 11 SAB 11 SIP 13 SIP 09   WRC SIP 04 SAB 11 SAB 07 SIP 09 SIP 14 5 1 4 . 4 1 5 06 --
WTC   WRC SIP 08 SAB 11 SAB 11 DYB 13 SIP 09   WRC SIP 04 SAB 11 SAB 07 SIP 09 SIP 14 5 1 4 . 4 1 5 06 --
WTC   WRC SIP 08 SAB 11 SAB 11 DYB 13 SIP 09   WRC SIP 04 SAB 11 SAB 07 DYB 09 SIP 14 5 1 4 . 4 1 5 06 --
WTC   WRC SIP 08 SAB 11 SAB 11 DYB 13 SIP 09   WRC DYB 04 SAB 11 SAB 07 DYB 09 SIP 14 5 1 4 . 4 1 5 06 --
WTC   WRC SIP 08 SAB 11 SAB 11 DYB 13 SIP 09   WRC DYB 04 SAB 11 SAB 07 DYB 09 DYB 14 5 1 4 . 4 1 5 06 --
WTC   WRC DYB 08 SAB 11 SAB 11 DYB 13 SIP 09   WRC DYB 04 SAB 11 SAB 07 DYB 09 DYB 14 5 1 4 . 4 1 5 06 --
WTC   WRC DYB 08 SAB 11 SAB 11 DYB 13 DYB 09   WRC DYB 04 SAB 11 SAB 07 DYB 09 DYB 14 5 1 4 . 4 1 5 06 --
WTC   WRC DYB 08 SAB 11 SAB 11 DYB 13 DYB 09   WRC DYB 04 SAB 11 SAB 07 DYB 09 DYB 14 5 1 4 . 4 1 5 06 --
WTC   WRC DYB 08 SAB 11 SAB 11 DYB 13 DYB 09   WRC DYB 04 SAB 11 SAB 07 DYB 09 DYB 14 5 1 4 . 4 1 5 06 --
WTC   WRC DYB 08 SAB 11 SAB 11 DYB 13 DYB 09   WRC DYB 04 SAB 11 SAB 07 DYB 09 DYB 14 5 1 4 . 4 1 5 06 --
WTC   WRC DYB 08 SAB 11 SAB 11 DYB 13 DYB 09   WRC DYB 04 SAB 11 SAB 07 DYB 09 DYB 14 5 1 4 . 4 1 5 06 --
WTC   WRC DYB 08 SAB 11 SAB 11 DYB 13 DYB 09   WRC DYB 04 SAB 11 SAB 07 DYB 09 DYB 14 5 1 4 . 4 1 5 06 --
WTC   WRC DYB 08 SAB 11 SAB 11 DYB 13 DYB 09   WRC DYB 04 SAB 11 SAB 07 DYB 09 DYB 14 5 1 4 . 4 1 5 06 --
WTC   WRC DYB 08 SAB 11 SAB 11 DYB 13 DYB 09   WRC DYB 04 SAB 11 SAB 07 SAB 08 DYB 14 5 1 4 . - 1 5 06 --
WTC   WRC DYB 08 SAB 11 SAB 11 DYB 13 DYB 09   WRC DYB 04 SAB 11 SAB 07 SAB 08 SAB 13 5 1 4 . - 1 - 06 --
WTC   WRC SAB 07 SAB 11 SAB 11 DYB 13 DYB 09   WRC DYB 04 SAB 11 SAB 07 SAB 08 SAB 13 5 - 4 . - 1 - 06 --
WTC   WRC SAB 07 SAB 11 SAB 11 DYB 13 SAB 08   WRC DYB 04 SAB 11 SAB 07 SAB 08 SAB 13 - - 4 . - 1 - 06 --
WTC   WRC SAB 07 SAB 11 SAB 11 DYB 13 SAB 08   WRC SAB 03 SAB 11 SAB 07 SAB 08 SAB 13 - - 4 . - - - 06 --
WTC   WRC SAB 07 SAB 11 SAB 11 SAB 12 SAB 08   WRC SAB 03 SAB 11 SAB 07 SAB 08 SAB 13 - - - . - - - 06 --
EOG   WRC SAB 07 SAB 11 SAB 11 SAB 12 SAB 08   WRC SAB 03 SAB 11 SAB 07 SAB 08 SAB 13 - - - . - - - 06 --
Game 3 was won by team 1 by points.
EOG   WRC SAB 07 SAB 11 SAB 11 SAB 12 SAB 08   AST SAB 03 SAB 11 SAB 07 SAB 08 SAB 13 - - - . - - - 06 --
EOG   AST SAB 07 SAB 11 SAB 11 SAB 12 SAB 08   AST SAB 03 SAB 11 SAB 07 SAB 08 SAB 13 - - - . - - - 06 --
EOM   AST SAB 07 SAB 11 SAB 11 SAB 12 SAB 08   AST SAB 03 SAB 11 SAB 07 SAB 08 SAB 13 - - - . - - - 06 --
Match was won by team1 (3-0).
